TN:
SF:C:\repositories\book-a-meal\server\src\app.js
FN:23,(anonymous_0)
FNF:1
FNH:1
FNDA:1,(anonymous_0)
DA:10,1
DA:13,1
DA:16,1
DA:17,1
DA:20,1
DA:23,1
DA:24,1
DA:29,1
DA:31,1
DA:33,1
LF:10
LH:10
BRDA:31,0,0,1
BRDA:31,0,1,1
BRF:2
BRH:2
end_of_record
TN:
SF:C:\repositories\book-a-meal\server\src\controllers\Users.js
FN:21,(anonymous_0)
FNF:1
FNH:1
FNDA:1,(anonymous_0)
DA:4,1
DA:23,1
DA:24,1
DA:25,1
DA:26,1
DA:27,1
DA:28,1
DA:30,1
DA:32,1
DA:34,1
LF:10
LH:10
BRF:0
BRH:0
end_of_record
TN:
SF:C:\repositories\book-a-meal\server\src\dummyData\users.js
FNF:0
FNH:0
DA:1,1
LF:1
LH:1
BRF:0
BRH:0
end_of_record
TN:
SF:C:\repositories\book-a-meal\server\src\helpers\PasswordHash.js
FN:14,(anonymous_0)
FN:15,(anonymous_1)
FN:52,(anonymous_2)
FN:53,(anonymous_3)
FNF:4
FNH:4
FNDA:4,(anonymous_0)
FNDA:4,(anonymous_1)
FNDA:4,(anonymous_2)
FNDA:4,(anonymous_3)
DA:15,4
DA:22,4
DA:24,4
DA:25,1
DA:28,4
DA:29,4
DA:30,3
DA:35,3
DA:36,3
DA:37,3
DA:38,3
DA:40,3
DA:42,3
DA:53,4
DA:54,4
DA:55,1
DA:59,4
DA:60,1
DA:66,4
DA:68,4
DA:71,3
DA:72,3
DA:73,3
DA:74,3
DA:75,3
DA:78,3
DA:80,2
LF:27
LH:27
BRDA:24,0,0,1
BRDA:24,0,1,3
BRDA:54,1,0,1
BRDA:54,1,1,3
BRDA:59,2,0,1
BRDA:59,2,1,3
BRF:6
BRH:6
end_of_record
TN:
SF:C:\repositories\book-a-meal\server\src\helpers\notEmpty.js
FN:7,notEmpty
FNF:1
FNH:1
FNDA:20,notEmpty
DA:8,20
DA:9,2
DA:12,18
LF:3
LH:3
BRDA:8,0,0,2
BRDA:8,0,1,18
BRF:2
BRH:2
end_of_record
TN:
SF:C:\repositories\book-a-meal\server\src\middlewares\ErrorHandler.js
FN:16,(anonymous_0)
FNF:1
FNH:1
FNDA:3,(anonymous_0)
DA:17,3
DA:18,1
DA:21,2
LF:3
LH:3
BRDA:17,0,0,1
BRDA:17,0,1,2
BRDA:21,1,0,2
BRDA:21,1,1,1
BRF:4
BRH:4
end_of_record
TN:
SF:C:\repositories\book-a-meal\server\src\middlewares\ValidationHandler.js
FN:19,(anonymous_0)
FNF:1
FNH:1
FNDA:4,(anonymous_0)
DA:20,4
DA:21,4
DA:23,4
DA:24,3
DA:27,1
LF:5
LH:5
BRDA:23,0,0,3
BRDA:23,0,1,1
BRF:2
BRH:2
end_of_record
TN:
SF:C:\repositories\book-a-meal\server\src\routes\auth.js
FN:9,(anonymous_0)
FNF:1
FNH:1
FNDA:4,(anonymous_0)
DA:6,1
DA:9,1
DA:10,4
LF:3
LH:3
BRF:0
BRH:0
end_of_record
TN:
SF:C:\repositories\book-a-meal\server\src\routes\index.js
FN:6,(anonymous_0)
FN:10,(anonymous_1)
FNF:2
FNH:2
FNDA:1,(anonymous_0)
FNDA:1,(anonymous_1)
DA:4,1
DA:6,1
DA:10,1
DA:14,1
LF:4
LH:4
BRF:0
BRH:0
end_of_record
TN:
SF:C:\repositories\book-a-meal\server\src\validations\auth.js
FN:10,(anonymous_0)
FN:18,(anonymous_1)
FN:28,(anonymous_2)
FN:31,(anonymous_3)
FN:32,(anonymous_4)
FN:41,(anonymous_5)
FN:46,(anonymous_6)
FN:47,(anonymous_7)
FNF:8
FNH:8
FNDA:4,(anonymous_0)
FNDA:4,(anonymous_1)
FNDA:4,(anonymous_2)
FNDA:4,(anonymous_3)
FNDA:12,(anonymous_4)
FNDA:4,(anonymous_5)
FNDA:4,(anonymous_6)
FNDA:4,(anonymous_7)
DA:10,4
DA:18,4
DA:28,4
DA:32,12
DA:33,4
DA:34,1
DA:37,3
DA:41,4
DA:46,4
DA:47,4
LF:10
LH:10
BRDA:33,0,0,1
BRDA:33,0,1,3
BRF:2
BRH:2
end_of_record
