{"C:\\repositories\\book-a-meal\\server\\src\\app.js": {"path":"C:\\repositories\\book-a-meal\\server\\src\\app.js","statementMap":{"0":{"start":{"line":10,"column":12},"end":{"line":10,"column":21}},"1":{"start":{"line":13,"column":0},"end":{"line":13,"column":23}},"2":{"start":{"line":16,"column":0},"end":{"line":16,"column":27}},"3":{"start":{"line":17,"column":0},"end":{"line":17,"column":52}},"4":{"start":{"line":20,"column":0},"end":{"line":20,"column":27}},"5":{"start":{"line":23,"column":0},"end":{"line":26,"column":6}},"6":{"start":{"line":24,"column":2},"end":{"line":26,"column":4}},"7":{"start":{"line":29,"column":0},"end":{"line":29,"column":32}},"8":{"start":{"line":31,"column":13},"end":{"line":31,"column":37}},"9":{"start":{"line":33,"column":0},"end":{"line":33,"column":17}}},"fnMap":{"0":{"name":"(anonymous_0)","decl":{"start":{"line":23,"column":18},"end":{"line":23,"column":19}},"loc":{"start":{"line":24,"column":2},"end":{"line":26,"column":4}},"line":24}},"branchMap":{"0":{"loc":{"start":{"line":31,"column":13},"end":{"line":31,"column":37}},"type":"binary-expr","locations":[{"start":{"line":31,"column":13},"end":{"line":31,"column":29}},{"start":{"line":31,"column":33},"end":{"line":31,"column":37}}],"line":31}},"s":{"0":1,"1":1,"2":1,"3":1,"4":1,"5":1,"6":1,"7":1,"8":1,"9":1},"f":{"0":1},"b":{"0":[1,1]},"_coverageSchema":"332fd63041d2c1bcb487cc26dd0d5f7d97098a6c","hash":"7a64099b24fe50de953949cfb7e9b46615bb6659","contentHash":"acdf176ac50abd6519f8086b20bab97c_11.7.1"}
,"C:\\repositories\\book-a-meal\\server\\src\\controllers\\Controller.js": {"path":"C:\\repositories\\book-a-meal\\server\\src\\controllers\\Controller.js","statementMap":{"0":{"start":{"line":18,"column":4},"end":{"line":18,"column":29}},"1":{"start":{"line":19,"column":4},"end":{"line":19,"column":21}},"2":{"start":{"line":20,"column":4},"end":{"line":20,"column":37}},"3":{"start":{"line":21,"column":4},"end":{"line":21,"column":41}},"4":{"start":{"line":22,"column":4},"end":{"line":22,"column":41}},"5":{"start":{"line":23,"column":4},"end":{"line":23,"column":41}},"6":{"start":{"line":35,"column":4},"end":{"line":35,"column":68}},"7":{"start":{"line":48,"column":24},"end":{"line":48,"column":40}},"8":{"start":{"line":50,"column":4},"end":{"line":50,"column":45}},"9":{"start":{"line":51,"column":4},"end":{"line":51,"column":44}},"10":{"start":{"line":52,"column":4},"end":{"line":52,"column":44}},"11":{"start":{"line":54,"column":4},"end":{"line":54,"column":36}},"12":{"start":{"line":56,"column":4},"end":{"line":56,"column":45}},"13":{"start":{"line":69,"column":22},"end":{"line":70,"column":81}},"14":{"start":{"line":70,"column":25},"end":{"line":70,"column":80}},"15":{"start":{"line":73,"column":4},"end":{"line":75,"column":5}},"16":{"start":{"line":74,"column":6},"end":{"line":74,"column":58}},"17":{"start":{"line":77,"column":20},"end":{"line":77,"column":44}},"18":{"start":{"line":80,"column":4},"end":{"line":80,"column":34}},"19":{"start":{"line":82,"column":24},"end":{"line":82,"column":40}},"20":{"start":{"line":83,"column":4},"end":{"line":83,"column":44}},"21":{"start":{"line":86,"column":4},"end":{"line":86,"column":71}},"22":{"start":{"line":88,"column":4},"end":{"line":88,"column":58}},"23":{"start":{"line":101,"column":22},"end":{"line":102,"column":81}},"24":{"start":{"line":102,"column":25},"end":{"line":102,"column":80}},"25":{"start":{"line":105,"column":4},"end":{"line":107,"column":5}},"26":{"start":{"line":106,"column":6},"end":{"line":106,"column":58}},"27":{"start":{"line":109,"column":4},"end":{"line":109,"column":39}},"28":{"start":{"line":111,"column":4},"end":{"line":111,"column":34}}},"fnMap":{"0":{"name":"(anonymous_0)","decl":{"start":{"line":17,"column":2},"end":{"line":17,"column":3}},"loc":{"start":{"line":17,"column":30},"end":{"line":24,"column":3}},"line":17},"1":{"name":"(anonymous_1)","decl":{"start":{"line":34,"column":2},"end":{"line":34,"column":3}},"loc":{"start":{"line":34,"column":17},"end":{"line":36,"column":3}},"line":34},"2":{"name":"(anonymous_2)","decl":{"start":{"line":47,"column":2},"end":{"line":47,"column":3}},"loc":{"start":{"line":47,"column":25},"end":{"line":57,"column":3}},"line":47},"3":{"name":"(anonymous_3)","decl":{"start":{"line":68,"column":2},"end":{"line":68,"column":3}},"loc":{"start":{"line":68,"column":25},"end":{"line":89,"column":3}},"line":68},"4":{"name":"(anonymous_4)","decl":{"start":{"line":70,"column":17},"end":{"line":70,"column":18}},"loc":{"start":{"line":70,"column":25},"end":{"line":70,"column":80}},"line":70},"5":{"name":"(anonymous_5)","decl":{"start":{"line":100,"column":2},"end":{"line":100,"column":3}},"loc":{"start":{"line":100,"column":19},"end":{"line":112,"column":3}},"line":100},"6":{"name":"(anonymous_6)","decl":{"start":{"line":102,"column":17},"end":{"line":102,"column":18}},"loc":{"start":{"line":102,"column":25},"end":{"line":102,"column":80}},"line":102}},"branchMap":{"0":{"loc":{"start":{"line":73,"column":4},"end":{"line":75,"column":5}},"type":"if","locations":[{"start":{"line":73,"column":4},"end":{"line":75,"column":5}},{"start":{"line":73,"column":4},"end":{"line":75,"column":5}}],"line":73},"1":{"loc":{"start":{"line":105,"column":4},"end":{"line":107,"column":5}},"type":"if","locations":[{"start":{"line":105,"column":4},"end":{"line":107,"column":5}},{"start":{"line":105,"column":4},"end":{"line":107,"column":5}}],"line":105}},"s":{"0":3,"1":3,"2":3,"3":3,"4":3,"5":3,"6":1,"7":1,"8":1,"9":1,"10":1,"11":1,"12":1,"13":2,"14":21,"15":2,"16":1,"17":1,"18":1,"19":1,"20":1,"21":1,"22":1,"23":2,"24":20,"25":2,"26":1,"27":1,"28":1},"f":{"0":3,"1":1,"2":1,"3":2,"4":21,"5":2,"6":20},"b":{"0":[1,1],"1":[1,1]},"_coverageSchema":"332fd63041d2c1bcb487cc26dd0d5f7d97098a6c","hash":"22205f3bd97523f0c337f909d046a13e47811811","contentHash":"f4f3383e4d24cbbca369e98176ed36c5_11.7.1"}
,"C:\\repositories\\book-a-meal\\server\\src\\controllers\\Meals.js": {"path":"C:\\repositories\\book-a-meal\\server\\src\\controllers\\Meals.js","statementMap":{},"fnMap":{},"branchMap":{},"s":{},"f":{},"b":{},"_coverageSchema":"332fd63041d2c1bcb487cc26dd0d5f7d97098a6c","hash":"2ecbb20eb9ef18e66b5a069c37f98b1a368a6b31","contentHash":"9c09cbfa1264c158e65244780f577223_11.7.1"}
,"C:\\repositories\\book-a-meal\\server\\src\\controllers\\Menu.js": {"path":"C:\\repositories\\book-a-meal\\server\\src\\controllers\\Menu.js","statementMap":{"0":{"start":{"line":24,"column":17},"end":{"line":24,"column":64}},"1":{"start":{"line":25,"column":26},"end":{"line":25,"column":84}},"2":{"start":{"line":25,"column":53},"end":{"line":25,"column":83}},"3":{"start":{"line":27,"column":4},"end":{"line":29,"column":5}},"4":{"start":{"line":28,"column":6},"end":{"line":28,"column":84}},"5":{"start":{"line":32,"column":17},"end":{"line":32,"column":49}},"6":{"start":{"line":33,"column":4},"end":{"line":33,"column":48}},"7":{"start":{"line":35,"column":4},"end":{"line":35,"column":38}},"8":{"start":{"line":49,"column":4},"end":{"line":49,"column":38}},"9":{"start":{"line":52,"column":4},"end":{"line":52,"column":43}},"10":{"start":{"line":55,"column":4},"end":{"line":55,"column":37}},"11":{"start":{"line":56,"column":4},"end":{"line":56,"column":37}},"12":{"start":{"line":58,"column":4},"end":{"line":58,"column":29}},"13":{"start":{"line":62,"column":4},"end":{"line":67,"column":7}},"14":{"start":{"line":70,"column":21},"end":{"line":70,"column":44}},"15":{"start":{"line":71,"column":4},"end":{"line":71,"column":56}},"16":{"start":{"line":73,"column":4},"end":{"line":73,"column":42}},"17":{"start":{"line":86,"column":22},"end":{"line":87,"column":81}},"18":{"start":{"line":87,"column":25},"end":{"line":87,"column":80}},"19":{"start":{"line":90,"column":4},"end":{"line":92,"column":5}},"20":{"start":{"line":91,"column":6},"end":{"line":91,"column":58}},"21":{"start":{"line":94,"column":4},"end":{"line":96,"column":5}},"22":{"start":{"line":95,"column":6},"end":{"line":95,"column":61}},"23":{"start":{"line":98,"column":20},"end":{"line":98,"column":44}},"24":{"start":{"line":101,"column":4},"end":{"line":101,"column":43}},"25":{"start":{"line":104,"column":4},"end":{"line":104,"column":23}},"26":{"start":{"line":105,"column":4},"end":{"line":105,"column":29}},"27":{"start":{"line":106,"column":4},"end":{"line":106,"column":37}},"28":{"start":{"line":109,"column":4},"end":{"line":109,"column":64}},"29":{"start":{"line":112,"column":21},"end":{"line":112,"column":64}},"30":{"start":{"line":113,"column":4},"end":{"line":113,"column":56}},"31":{"start":{"line":115,"column":4},"end":{"line":115,"column":42}},"32":{"start":{"line":126,"column":4},"end":{"line":126,"column":91}},"33":{"start":{"line":126,"column":37},"end":{"line":126,"column":89}},"34":{"start":{"line":126,"column":62},"end":{"line":126,"column":88}}},"fnMap":{"0":{"name":"(anonymous_0)","decl":{"start":{"line":23,"column":2},"end":{"line":23,"column":3}},"loc":{"start":{"line":23,"column":26},"end":{"line":36,"column":3}},"line":23},"1":{"name":"(anonymous_1)","decl":{"start":{"line":25,"column":45},"end":{"line":25,"column":46}},"loc":{"start":{"line":25,"column":53},"end":{"line":25,"column":83}},"line":25},"2":{"name":"(anonymous_2)","decl":{"start":{"line":47,"column":2},"end":{"line":47,"column":3}},"loc":{"start":{"line":47,"column":25},"end":{"line":74,"column":3}},"line":47},"3":{"name":"(anonymous_3)","decl":{"start":{"line":85,"column":2},"end":{"line":85,"column":3}},"loc":{"start":{"line":85,"column":25},"end":{"line":116,"column":3}},"line":85},"4":{"name":"(anonymous_4)","decl":{"start":{"line":87,"column":17},"end":{"line":87,"column":18}},"loc":{"start":{"line":87,"column":25},"end":{"line":87,"column":80}},"line":87},"5":{"name":"(anonymous_5)","decl":{"start":{"line":125,"column":2},"end":{"line":125,"column":3}},"loc":{"start":{"line":125,"column":36},"end":{"line":127,"column":3}},"line":125},"6":{"name":"(anonymous_6)","decl":{"start":{"line":126,"column":27},"end":{"line":126,"column":28}},"loc":{"start":{"line":126,"column":37},"end":{"line":126,"column":89}},"line":126},"7":{"name":"(anonymous_7)","decl":{"start":{"line":126,"column":50},"end":{"line":126,"column":51}},"loc":{"start":{"line":126,"column":62},"end":{"line":126,"column":88}},"line":126}},"branchMap":{"0":{"loc":{"start":{"line":24,"column":17},"end":{"line":24,"column":64}},"type":"binary-expr","locations":[{"start":{"line":24,"column":17},"end":{"line":24,"column":31}},{"start":{"line":24,"column":35},"end":{"line":24,"column":64}}],"line":24},"1":{"loc":{"start":{"line":27,"column":4},"end":{"line":29,"column":5}},"type":"if","locations":[{"start":{"line":27,"column":4},"end":{"line":29,"column":5}},{"start":{"line":27,"column":4},"end":{"line":29,"column":5}}],"line":27},"2":{"loc":{"start":{"line":90,"column":4},"end":{"line":92,"column":5}},"type":"if","locations":[{"start":{"line":90,"column":4},"end":{"line":92,"column":5}},{"start":{"line":90,"column":4},"end":{"line":92,"column":5}}],"line":90},"3":{"loc":{"start":{"line":94,"column":4},"end":{"line":96,"column":5}},"type":"if","locations":[{"start":{"line":94,"column":4},"end":{"line":96,"column":5}},{"start":{"line":94,"column":4},"end":{"line":96,"column":5}}],"line":94}},"s":{"0":3,"1":3,"2":14,"3":3,"4":1,"5":2,"6":2,"7":2,"8":6,"9":6,"10":6,"11":6,"12":6,"13":6,"14":6,"15":6,"16":6,"17":3,"18":13,"19":3,"20":1,"21":2,"22":1,"23":1,"24":1,"25":1,"26":1,"27":1,"28":1,"29":1,"30":1,"31":1,"32":17,"33":53,"34":384},"f":{"0":3,"1":14,"2":6,"3":3,"4":13,"5":17,"6":53,"7":384},"b":{"0":[3,1],"1":[1,2],"2":[1,2],"3":[1,1]},"_coverageSchema":"332fd63041d2c1bcb487cc26dd0d5f7d97098a6c","hash":"37d5e6064c68425fe472e5cd457b7edd73284d31","contentHash":"07960ab588db8978d67838798473a5b0_11.7.1"}
,"C:\\repositories\\book-a-meal\\server\\src\\controllers\\Notifications.js": {"path":"C:\\repositories\\book-a-meal\\server\\src\\controllers\\Notifications.js","statementMap":{"0":{"start":{"line":23,"column":17},"end":{"line":25,"column":58}},"1":{"start":{"line":24,"column":37},"end":{"line":24,"column":91}},"2":{"start":{"line":25,"column":37},"end":{"line":25,"column":57}},"3":{"start":{"line":26,"column":4},"end":{"line":26,"column":59}},"4":{"start":{"line":36,"column":4},"end":{"line":36,"column":29}},"5":{"start":{"line":37,"column":4},"end":{"line":37,"column":38}},"6":{"start":{"line":38,"column":4},"end":{"line":38,"column":38}},"7":{"start":{"line":40,"column":4},"end":{"line":40,"column":32}}},"fnMap":{"0":{"name":"(anonymous_0)","decl":{"start":{"line":22,"column":2},"end":{"line":22,"column":3}},"loc":{"start":{"line":22,"column":30},"end":{"line":27,"column":3}},"line":22},"1":{"name":"(anonymous_1)","decl":{"start":{"line":24,"column":29},"end":{"line":24,"column":30}},"loc":{"start":{"line":24,"column":37},"end":{"line":24,"column":91}},"line":24},"2":{"name":"(anonymous_2)","decl":{"start":{"line":25,"column":29},"end":{"line":25,"column":30}},"loc":{"start":{"line":25,"column":37},"end":{"line":25,"column":57}},"line":25},"3":{"name":"(anonymous_3)","decl":{"start":{"line":35,"column":2},"end":{"line":35,"column":3}},"loc":{"start":{"line":35,"column":23},"end":{"line":41,"column":3}},"line":35}},"branchMap":{"0":{"loc":{"start":{"line":23,"column":17},"end":{"line":25,"column":58}},"type":"cond-expr","locations":[{"start":{"line":24,"column":6},"end":{"line":24,"column":92}},{"start":{"line":25,"column":6},"end":{"line":25,"column":58}}],"line":23}},"s":{"0":2,"1":16,"2":16,"3":2,"4":12,"5":12,"6":12,"7":12},"f":{"0":2,"1":16,"2":16,"3":12},"b":{"0":[1,1]},"_coverageSchema":"332fd63041d2c1bcb487cc26dd0d5f7d97098a6c","hash":"0026b2be3b1101270f3a925bd019d6a7da8b33fe","contentHash":"729c9a22b34d75f472defb6bb19f168e_11.7.1"}
,"C:\\repositories\\book-a-meal\\server\\src\\controllers\\Orders.js": {"path":"C:\\repositories\\book-a-meal\\server\\src\\controllers\\Orders.js","statementMap":{"0":{"start":{"line":31,"column":4},"end":{"line":35,"column":5}},"1":{"start":{"line":32,"column":6},"end":{"line":34,"column":9}},"2":{"start":{"line":37,"column":4},"end":{"line":41,"column":5}},"3":{"start":{"line":38,"column":6},"end":{"line":40,"column":9}},"4":{"start":{"line":43,"column":4},"end":{"line":49,"column":5}},"5":{"start":{"line":46,"column":23},"end":{"line":46,"column":32}},"6":{"start":{"line":47,"column":25},"end":{"line":47,"column":80}},"7":{"start":{"line":48,"column":6},"end":{"line":48,"column":77}},"8":{"start":{"line":48,"column":42},"end":{"line":48,"column":75}},"9":{"start":{"line":51,"column":4},"end":{"line":51,"column":88}},"10":{"start":{"line":51,"column":67},"end":{"line":51,"column":88}},"11":{"start":{"line":53,"column":4},"end":{"line":56,"column":5}},"12":{"start":{"line":54,"column":23},"end":{"line":54,"column":32}},"13":{"start":{"line":55,"column":6},"end":{"line":55,"column":64}},"14":{"start":{"line":55,"column":42},"end":{"line":55,"column":62}},"15":{"start":{"line":58,"column":4},"end":{"line":58,"column":59}},"16":{"start":{"line":71,"column":4},"end":{"line":73,"column":5}},"17":{"start":{"line":72,"column":6},"end":{"line":72,"column":61}},"18":{"start":{"line":75,"column":24},"end":{"line":75,"column":40}},"19":{"start":{"line":77,"column":4},"end":{"line":77,"column":45}},"20":{"start":{"line":80,"column":4},"end":{"line":80,"column":64}},"21":{"start":{"line":83,"column":4},"end":{"line":83,"column":44}},"22":{"start":{"line":84,"column":4},"end":{"line":84,"column":44}},"23":{"start":{"line":87,"column":4},"end":{"line":87,"column":67}},"24":{"start":{"line":90,"column":4},"end":{"line":90,"column":36}},"25":{"start":{"line":94,"column":4},"end":{"line":99,"column":7}},"26":{"start":{"line":101,"column":4},"end":{"line":101,"column":56}},"27":{"start":{"line":114,"column":22},"end":{"line":114,"column":90}},"28":{"start":{"line":114,"column":54},"end":{"line":114,"column":89}},"29":{"start":{"line":117,"column":4},"end":{"line":119,"column":5}},"30":{"start":{"line":118,"column":6},"end":{"line":118,"column":58}},"31":{"start":{"line":121,"column":4},"end":{"line":123,"column":5}},"32":{"start":{"line":122,"column":6},"end":{"line":122,"column":61}},"33":{"start":{"line":126,"column":4},"end":{"line":126,"column":57}},"34":{"start":{"line":128,"column":24},"end":{"line":128,"column":40}},"35":{"start":{"line":130,"column":4},"end":{"line":130,"column":44}},"36":{"start":{"line":132,"column":4},"end":{"line":132,"column":64}},"37":{"start":{"line":134,"column":21},"end":{"line":134,"column":45}},"38":{"start":{"line":137,"column":4},"end":{"line":137,"column":72}},"39":{"start":{"line":139,"column":4},"end":{"line":139,"column":69}},"40":{"start":{"line":152,"column":22},"end":{"line":153,"column":61}},"41":{"start":{"line":153,"column":25},"end":{"line":153,"column":60}},"42":{"start":{"line":156,"column":4},"end":{"line":158,"column":5}},"43":{"start":{"line":157,"column":6},"end":{"line":157,"column":58}},"44":{"start":{"line":161,"column":4},"end":{"line":161,"column":57}},"45":{"start":{"line":163,"column":4},"end":{"line":163,"column":39}},"46":{"start":{"line":165,"column":4},"end":{"line":165,"column":34}},"47":{"start":{"line":178,"column":21},"end":{"line":178,"column":45}},"48":{"start":{"line":181,"column":20},"end":{"line":181,"column":72}},"49":{"start":{"line":181,"column":40},"end":{"line":181,"column":71}},"50":{"start":{"line":182,"column":4},"end":{"line":182,"column":54}},"51":{"start":{"line":184,"column":4},"end":{"line":184,"column":28}},"52":{"start":{"line":186,"column":4},"end":{"line":186,"column":49}}},"fnMap":{"0":{"name":"(anonymous_0)","decl":{"start":{"line":28,"column":2},"end":{"line":28,"column":3}},"loc":{"start":{"line":28,"column":23},"end":{"line":59,"column":3}},"line":28},"1":{"name":"(anonymous_1)","decl":{"start":{"line":48,"column":34},"end":{"line":48,"column":35}},"loc":{"start":{"line":48,"column":42},"end":{"line":48,"column":75}},"line":48},"2":{"name":"(anonymous_2)","decl":{"start":{"line":55,"column":34},"end":{"line":55,"column":35}},"loc":{"start":{"line":55,"column":42},"end":{"line":55,"column":62}},"line":55},"3":{"name":"(anonymous_3)","decl":{"start":{"line":70,"column":2},"end":{"line":70,"column":3}},"loc":{"start":{"line":70,"column":25},"end":{"line":102,"column":3}},"line":70},"4":{"name":"(anonymous_4)","decl":{"start":{"line":113,"column":2},"end":{"line":113,"column":3}},"loc":{"start":{"line":113,"column":25},"end":{"line":140,"column":3}},"line":113},"5":{"name":"(anonymous_5)","decl":{"start":{"line":114,"column":46},"end":{"line":114,"column":47}},"loc":{"start":{"line":114,"column":54},"end":{"line":114,"column":89}},"line":114},"6":{"name":"(anonymous_6)","decl":{"start":{"line":151,"column":2},"end":{"line":151,"column":3}},"loc":{"start":{"line":151,"column":19},"end":{"line":166,"column":3}},"line":151},"7":{"name":"(anonymous_7)","decl":{"start":{"line":153,"column":17},"end":{"line":153,"column":18}},"loc":{"start":{"line":153,"column":25},"end":{"line":153,"column":60}},"line":153},"8":{"name":"(anonymous_8)","decl":{"start":{"line":177,"column":2},"end":{"line":177,"column":3}},"loc":{"start":{"line":177,"column":48},"end":{"line":187,"column":3}},"line":177},"9":{"name":"(anonymous_9)","decl":{"start":{"line":181,"column":32},"end":{"line":181,"column":33}},"loc":{"start":{"line":181,"column":40},"end":{"line":181,"column":71}},"line":181}},"branchMap":{"0":{"loc":{"start":{"line":31,"column":4},"end":{"line":35,"column":5}},"type":"if","locations":[{"start":{"line":31,"column":4},"end":{"line":35,"column":5}},{"start":{"line":31,"column":4},"end":{"line":35,"column":5}}],"line":31},"1":{"loc":{"start":{"line":31,"column":8},"end":{"line":31,"column":85}},"type":"binary-expr","locations":[{"start":{"line":31,"column":9},"end":{"line":31,"column":44}},{"start":{"line":31,"column":48},"end":{"line":31,"column":62}},{"start":{"line":31,"column":67},"end":{"line":31,"column":85}}],"line":31},"2":{"loc":{"start":{"line":37,"column":4},"end":{"line":41,"column":5}},"type":"if","locations":[{"start":{"line":37,"column":4},"end":{"line":41,"column":5}},{"start":{"line":37,"column":4},"end":{"line":41,"column":5}}],"line":37},"3":{"loc":{"start":{"line":37,"column":8},"end":{"line":37,"column":41}},"type":"binary-expr","locations":[{"start":{"line":37,"column":8},"end":{"line":37,"column":22}},{"start":{"line":37,"column":26},"end":{"line":37,"column":41}}],"line":37},"4":{"loc":{"start":{"line":43,"column":4},"end":{"line":49,"column":5}},"type":"if","locations":[{"start":{"line":43,"column":4},"end":{"line":49,"column":5}},{"start":{"line":43,"column":4},"end":{"line":49,"column":5}}],"line":43},"5":{"loc":{"start":{"line":43,"column":8},"end":{"line":43,"column":44}},"type":"binary-expr","locations":[{"start":{"line":43,"column":8},"end":{"line":43,"column":22}},{"start":{"line":43,"column":26},"end":{"line":43,"column":44}}],"line":43},"6":{"loc":{"start":{"line":47,"column":25},"end":{"line":47,"column":80}},"type":"cond-expr","locations":[{"start":{"line":47,"column":44},"end":{"line":47,"column":73}},{"start":{"line":47,"column":76},"end":{"line":47,"column":80}}],"line":47},"7":{"loc":{"start":{"line":51,"column":4},"end":{"line":51,"column":88}},"type":"if","locations":[{"start":{"line":51,"column":4},"end":{"line":51,"column":88}},{"start":{"line":51,"column":4},"end":{"line":51,"column":88}}],"line":51},"8":{"loc":{"start":{"line":51,"column":8},"end":{"line":51,"column":65}},"type":"binary-expr","locations":[{"start":{"line":51,"column":8},"end":{"line":51,"column":43}},{"start":{"line":51,"column":47},"end":{"line":51,"column":65}}],"line":51},"9":{"loc":{"start":{"line":53,"column":4},"end":{"line":56,"column":5}},"type":"if","locations":[{"start":{"line":53,"column":4},"end":{"line":56,"column":5}},{"start":{"line":53,"column":4},"end":{"line":56,"column":5}}],"line":53},"10":{"loc":{"start":{"line":53,"column":8},"end":{"line":53,"column":41}},"type":"binary-expr","locations":[{"start":{"line":53,"column":8},"end":{"line":53,"column":22}},{"start":{"line":53,"column":26},"end":{"line":53,"column":41}}],"line":53},"11":{"loc":{"start":{"line":71,"column":4},"end":{"line":73,"column":5}},"type":"if","locations":[{"start":{"line":71,"column":4},"end":{"line":73,"column":5}},{"start":{"line":71,"column":4},"end":{"line":73,"column":5}}],"line":71},"12":{"loc":{"start":{"line":87,"column":27},"end":{"line":87,"column":66}},"type":"binary-expr","locations":[{"start":{"line":87,"column":27},"end":{"line":87,"column":61}},{"start":{"line":87,"column":65},"end":{"line":87,"column":66}}],"line":87},"13":{"loc":{"start":{"line":117,"column":4},"end":{"line":119,"column":5}},"type":"if","locations":[{"start":{"line":117,"column":4},"end":{"line":119,"column":5}},{"start":{"line":117,"column":4},"end":{"line":119,"column":5}}],"line":117},"14":{"loc":{"start":{"line":121,"column":4},"end":{"line":123,"column":5}},"type":"if","locations":[{"start":{"line":121,"column":4},"end":{"line":123,"column":5}},{"start":{"line":121,"column":4},"end":{"line":123,"column":5}}],"line":121},"15":{"loc":{"start":{"line":156,"column":4},"end":{"line":158,"column":5}},"type":"if","locations":[{"start":{"line":156,"column":4},"end":{"line":158,"column":5}},{"start":{"line":156,"column":4},"end":{"line":158,"column":5}}],"line":156}},"s":{"0":6,"1":1,"2":5,"3":1,"4":4,"5":2,"6":2,"7":2,"8":10,"9":4,"10":1,"11":4,"12":1,"13":1,"14":5,"15":4,"16":5,"17":1,"18":5,"19":5,"20":5,"21":5,"22":5,"23":5,"24":5,"25":5,"26":5,"27":4,"28":26,"29":4,"30":1,"31":3,"32":1,"33":3,"34":3,"35":3,"36":3,"37":3,"38":3,"39":3,"40":3,"41":22,"42":3,"43":1,"44":2,"45":2,"46":2,"47":8,"48":8,"49":67,"50":8,"51":8,"52":8},"f":{"0":6,"1":10,"2":5,"3":5,"4":4,"5":26,"6":3,"7":22,"8":8,"9":67},"b":{"0":[1,5],"1":[6,4,4],"2":[1,4],"3":[5,2],"4":[2,2],"5":[4,2],"6":[1,1],"7":[1,3],"8":[4,1],"9":[1,3],"10":[4,1],"11":[1,4],"12":[5,1],"13":[1,3],"14":[1,2],"15":[1,2]},"_coverageSchema":"332fd63041d2c1bcb487cc26dd0d5f7d97098a6c","hash":"44e4b46ad02d40da8de7a8cd0a676342bd62d8a1","contentHash":"cb9f14eca7c71ddd9d4527c96396ded8_11.7.1"}
,"C:\\repositories\\book-a-meal\\server\\src\\controllers\\Users.js": {"path":"C:\\repositories\\book-a-meal\\server\\src\\controllers\\Users.js","statementMap":{"0":{"start":{"line":6,"column":14},"end":{"line":6,"column":75}},"1":{"start":{"line":24,"column":17},"end":{"line":24,"column":67}},"2":{"start":{"line":25,"column":20},"end":{"line":25,"column":43}},"3":{"start":{"line":26,"column":4},"end":{"line":26,"column":32}},"4":{"start":{"line":27,"column":4},"end":{"line":27,"column":49}},"5":{"start":{"line":28,"column":4},"end":{"line":28,"column":30}},"6":{"start":{"line":29,"column":4},"end":{"line":29,"column":28}},"7":{"start":{"line":30,"column":4},"end":{"line":30,"column":35}},"8":{"start":{"line":31,"column":4},"end":{"line":31,"column":40}},"9":{"start":{"line":32,"column":4},"end":{"line":32,"column":40}},"10":{"start":{"line":34,"column":4},"end":{"line":34,"column":26}},"11":{"start":{"line":36,"column":4},"end":{"line":36,"column":32}},"12":{"start":{"line":38,"column":4},"end":{"line":41,"column":7}},"13":{"start":{"line":54,"column":21},"end":{"line":55,"column":81}},"14":{"start":{"line":55,"column":20},"end":{"line":55,"column":80}},"15":{"start":{"line":57,"column":4},"end":{"line":61,"column":5}},"16":{"start":{"line":58,"column":6},"end":{"line":60,"column":9}},"17":{"start":{"line":63,"column":17},"end":{"line":63,"column":44}},"18":{"start":{"line":65,"column":4},"end":{"line":65,"column":25}},"19":{"start":{"line":66,"column":4},"end":{"line":66,"column":29}},"20":{"start":{"line":68,"column":4},"end":{"line":68,"column":49}}},"fnMap":{"0":{"name":"(anonymous_0)","decl":{"start":{"line":22,"column":2},"end":{"line":22,"column":3}},"loc":{"start":{"line":22,"column":40},"end":{"line":42,"column":3}},"line":22},"1":{"name":"(anonymous_1)","decl":{"start":{"line":53,"column":2},"end":{"line":53,"column":3}},"loc":{"start":{"line":53,"column":31},"end":{"line":69,"column":3}},"line":53},"2":{"name":"(anonymous_2)","decl":{"start":{"line":55,"column":12},"end":{"line":55,"column":13}},"loc":{"start":{"line":55,"column":20},"end":{"line":55,"column":80}},"line":55}},"branchMap":{"0":{"loc":{"start":{"line":55,"column":20},"end":{"line":55,"column":80}},"type":"binary-expr","locations":[{"start":{"line":55,"column":20},"end":{"line":55,"column":45}},{"start":{"line":55,"column":49},"end":{"line":55,"column":80}}],"line":55},"1":{"loc":{"start":{"line":57,"column":4},"end":{"line":61,"column":5}},"type":"if","locations":[{"start":{"line":57,"column":4},"end":{"line":61,"column":5}},{"start":{"line":57,"column":4},"end":{"line":61,"column":5}}],"line":57}},"s":{"0":1,"1":1,"2":1,"3":1,"4":1,"5":1,"6":1,"7":1,"8":1,"9":1,"10":1,"11":1,"12":1,"13":2,"14":7,"15":2,"16":1,"17":1,"18":1,"19":1,"20":1},"f":{"0":1,"1":2,"2":7},"b":{"0":[7,2],"1":[1,1]},"_coverageSchema":"332fd63041d2c1bcb487cc26dd0d5f7d97098a6c","hash":"ccaf12bb740615bcbd21d187f5005d489205a86d","contentHash":"90498b7129090926d193679fcbc7cd47_11.7.1"}
,"C:\\repositories\\book-a-meal\\server\\src\\helpers\\PasswordHash.js": {"path":"C:\\repositories\\book-a-meal\\server\\src\\helpers\\PasswordHash.js","statementMap":{"0":{"start":{"line":15,"column":4},"end":{"line":43,"column":7}},"1":{"start":{"line":22,"column":10},"end":{"line":22,"column":16}},"2":{"start":{"line":24,"column":6},"end":{"line":26,"column":7}},"3":{"start":{"line":25,"column":8},"end":{"line":25,"column":55}},"4":{"start":{"line":28,"column":19},"end":{"line":28,"column":48}},"5":{"start":{"line":29,"column":19},"end":{"line":29,"column":83}},"6":{"start":{"line":30,"column":23},"end":{"line":30,"column":66}},"7":{"start":{"line":35,"column":6},"end":{"line":35,"column":51}},"8":{"start":{"line":36,"column":6},"end":{"line":36,"column":50}},"9":{"start":{"line":37,"column":6},"end":{"line":37,"column":29}},"10":{"start":{"line":38,"column":6},"end":{"line":38,"column":43}},"11":{"start":{"line":40,"column":33},"end":{"line":40,"column":60}},"12":{"start":{"line":42,"column":6},"end":{"line":42,"column":34}},"13":{"start":{"line":53,"column":4},"end":{"line":81,"column":7}},"14":{"start":{"line":54,"column":6},"end":{"line":56,"column":7}},"15":{"start":{"line":55,"column":8},"end":{"line":55,"column":55}},"16":{"start":{"line":59,"column":6},"end":{"line":61,"column":7}},"17":{"start":{"line":60,"column":8},"end":{"line":60,"column":74}},"18":{"start":{"line":66,"column":10},"end":{"line":66,"column":16}},"19":{"start":{"line":68,"column":29},"end":{"line":68,"column":70}},"20":{"start":{"line":71,"column":24},"end":{"line":71,"column":54}},"21":{"start":{"line":72,"column":24},"end":{"line":72,"column":61}},"22":{"start":{"line":73,"column":25},"end":{"line":73,"column":55}},"23":{"start":{"line":74,"column":19},"end":{"line":74,"column":57}},"24":{"start":{"line":75,"column":19},"end":{"line":75,"column":67}},"25":{"start":{"line":78,"column":21},"end":{"line":78,"column":85}},"26":{"start":{"line":80,"column":6},"end":{"line":80,"column":50}}},"fnMap":{"0":{"name":"(anonymous_0)","decl":{"start":{"line":14,"column":2},"end":{"line":14,"column":3}},"loc":{"start":{"line":14,"column":32},"end":{"line":44,"column":3}},"line":14},"1":{"name":"(anonymous_1)","decl":{"start":{"line":15,"column":23},"end":{"line":15,"column":24}},"loc":{"start":{"line":15,"column":44},"end":{"line":43,"column":5}},"line":15},"2":{"name":"(anonymous_2)","decl":{"start":{"line":52,"column":2},"end":{"line":52,"column":3}},"loc":{"start":{"line":52,"column":54},"end":{"line":82,"column":3}},"line":52},"3":{"name":"(anonymous_3)","decl":{"start":{"line":53,"column":23},"end":{"line":53,"column":24}},"loc":{"start":{"line":53,"column":44},"end":{"line":81,"column":5}},"line":53}},"branchMap":{"0":{"loc":{"start":{"line":24,"column":6},"end":{"line":26,"column":7}},"type":"if","locations":[{"start":{"line":24,"column":6},"end":{"line":26,"column":7}},{"start":{"line":24,"column":6},"end":{"line":26,"column":7}}],"line":24},"1":{"loc":{"start":{"line":54,"column":6},"end":{"line":56,"column":7}},"type":"if","locations":[{"start":{"line":54,"column":6},"end":{"line":56,"column":7}},{"start":{"line":54,"column":6},"end":{"line":56,"column":7}}],"line":54},"2":{"loc":{"start":{"line":59,"column":6},"end":{"line":61,"column":7}},"type":"if","locations":[{"start":{"line":59,"column":6},"end":{"line":61,"column":7}},{"start":{"line":59,"column":6},"end":{"line":61,"column":7}}],"line":59}},"s":{"0":4,"1":4,"2":4,"3":1,"4":4,"5":4,"6":3,"7":3,"8":3,"9":3,"10":3,"11":3,"12":3,"13":4,"14":4,"15":1,"16":4,"17":1,"18":4,"19":4,"20":3,"21":3,"22":3,"23":3,"24":3,"25":3,"26":2},"f":{"0":4,"1":4,"2":4,"3":4},"b":{"0":[1,3],"1":[1,3],"2":[1,3]},"_coverageSchema":"332fd63041d2c1bcb487cc26dd0d5f7d97098a6c","hash":"f354d357ccdf1a41930a81cfc9d1afc1df052878","contentHash":"43cb197e4a09e93481cde6273dea8b4c_11.7.1"}
,"C:\\repositories\\book-a-meal\\server\\src\\helpers\\checkMealsId.js": {"path":"C:\\repositories\\book-a-meal\\server\\src\\helpers\\checkMealsId.js","statementMap":{"0":{"start":{"line":10,"column":2},"end":{"line":16,"column":3}},"1":{"start":{"line":11,"column":4},"end":{"line":13,"column":5}},"2":{"start":{"line":12,"column":6},"end":{"line":12,"column":19}},"3":{"start":{"line":15,"column":4},"end":{"line":15,"column":32}},"4":{"start":{"line":20,"column":20},"end":{"line":20,"column":53}},"5":{"start":{"line":21,"column":19},"end":{"line":21,"column":77}},"6":{"start":{"line":23,"column":2},"end":{"line":25,"column":3}},"7":{"start":{"line":24,"column":4},"end":{"line":24,"column":31}},"8":{"start":{"line":27,"column":2},"end":{"line":27,"column":33}}},"fnMap":{"0":{"name":"checkMealsId","decl":{"start":{"line":9,"column":9},"end":{"line":9,"column":21}},"loc":{"start":{"line":9,"column":29},"end":{"line":28,"column":1}},"line":9}},"branchMap":{"0":{"loc":{"start":{"line":10,"column":2},"end":{"line":16,"column":3}},"type":"if","locations":[{"start":{"line":10,"column":2},"end":{"line":16,"column":3}},{"start":{"line":10,"column":2},"end":{"line":16,"column":3}}],"line":10},"1":{"loc":{"start":{"line":11,"column":4},"end":{"line":13,"column":5}},"type":"if","locations":[{"start":{"line":11,"column":4},"end":{"line":13,"column":5}},{"start":{"line":11,"column":4},"end":{"line":13,"column":5}}],"line":11},"2":{"loc":{"start":{"line":21,"column":19},"end":{"line":21,"column":77}},"type":"cond-expr","locations":[{"start":{"line":21,"column":45},"end":{"line":21,"column":65}},{"start":{"line":21,"column":68},"end":{"line":21,"column":77}}],"line":21},"3":{"loc":{"start":{"line":23,"column":2},"end":{"line":25,"column":3}},"type":"if","locations":[{"start":{"line":23,"column":2},"end":{"line":25,"column":3}},{"start":{"line":23,"column":2},"end":{"line":25,"column":3}}],"line":23}},"s":{"0":20,"1":16,"2":1,"3":15,"4":4,"5":4,"6":4,"7":2,"8":2},"f":{"0":20},"b":{"0":[16,4],"1":[1,15],"2":[2,2],"3":[2,2]},"_coverageSchema":"332fd63041d2c1bcb487cc26dd0d5f7d97098a6c","hash":"1d5dd882509adea022a15b066225dc34a51fe976","contentHash":"399ed24dd28a5caa4d669d38c8cd4454_11.7.1"}
,"C:\\repositories\\book-a-meal\\server\\src\\helpers\\isArrayOfUUID.js": {"path":"C:\\repositories\\book-a-meal\\server\\src\\helpers\\isArrayOfUUID.js","statementMap":{"0":{"start":{"line":9,"column":16},"end":{"line":9,"column":20}},"1":{"start":{"line":11,"column":2},"end":{"line":16,"column":5}},"2":{"start":{"line":13,"column":4},"end":{"line":15,"column":5}},"3":{"start":{"line":14,"column":6},"end":{"line":14,"column":22}},"4":{"start":{"line":18,"column":2},"end":{"line":18,"column":17}}},"fnMap":{"0":{"name":"isArrayOfUUID","decl":{"start":{"line":8,"column":9},"end":{"line":8,"column":22}},"loc":{"start":{"line":8,"column":30},"end":{"line":19,"column":1}},"line":8},"1":{"name":"(anonymous_1)","decl":{"start":{"line":11,"column":16},"end":{"line":11,"column":17}},"loc":{"start":{"line":11,"column":26},"end":{"line":16,"column":3}},"line":11}},"branchMap":{"0":{"loc":{"start":{"line":13,"column":4},"end":{"line":15,"column":5}},"type":"if","locations":[{"start":{"line":13,"column":4},"end":{"line":15,"column":5}},{"start":{"line":13,"column":4},"end":{"line":15,"column":5}}],"line":13}},"s":{"0":19,"1":19,"2":54,"3":12,"4":19},"f":{"0":19,"1":54},"b":{"0":[12,42]},"_coverageSchema":"332fd63041d2c1bcb487cc26dd0d5f7d97098a6c","hash":"1e843d79c3936e06a03bdbfb6e163e8009e90327","contentHash":"6185c064ae94436a5a9581198463a0c1_11.7.1"}
,"C:\\repositories\\book-a-meal\\server\\src\\helpers\\isMenuAvailable.js": {"path":"C:\\repositories\\book-a-meal\\server\\src\\helpers\\isMenuAvailable.js","statementMap":{"0":{"start":{"line":11,"column":15},"end":{"line":11,"column":58}},"1":{"start":{"line":11,"column":35},"end":{"line":11,"column":57}},"2":{"start":{"line":12,"column":22},"end":{"line":12,"column":51}},"3":{"start":{"line":14,"column":2},"end":{"line":16,"column":3}},"4":{"start":{"line":15,"column":4},"end":{"line":15,"column":17}},"5":{"start":{"line":18,"column":2},"end":{"line":18,"column":14}}},"fnMap":{"0":{"name":"isMenuAvailable","decl":{"start":{"line":10,"column":9},"end":{"line":10,"column":24}},"loc":{"start":{"line":10,"column":33},"end":{"line":19,"column":1}},"line":10},"1":{"name":"(anonymous_1)","decl":{"start":{"line":11,"column":27},"end":{"line":11,"column":28}},"loc":{"start":{"line":11,"column":35},"end":{"line":11,"column":57}},"line":11}},"branchMap":{"0":{"loc":{"start":{"line":14,"column":2},"end":{"line":16,"column":3}},"type":"if","locations":[{"start":{"line":14,"column":2},"end":{"line":16,"column":3}},{"start":{"line":14,"column":2},"end":{"line":16,"column":3}}],"line":14}},"s":{"0":8,"1":67,"2":8,"3":8,"4":2,"5":6},"f":{"0":8,"1":67},"b":{"0":[2,6]},"_coverageSchema":"332fd63041d2c1bcb487cc26dd0d5f7d97098a6c","hash":"b3ac9f671b97211f63c9ec73c651df657a7fef9b","contentHash":"7026de908b7a8c5bc6a4ffd6b21f642a_11.7.1"}
,"C:\\repositories\\book-a-meal\\server\\src\\helpers\\notEmpty.js": {"path":"C:\\repositories\\book-a-meal\\server\\src\\helpers\\notEmpty.js","statementMap":{"0":{"start":{"line":8,"column":2},"end":{"line":10,"column":3}},"1":{"start":{"line":9,"column":4},"end":{"line":9,"column":25}},"2":{"start":{"line":12,"column":2},"end":{"line":12,"column":14}}},"fnMap":{"0":{"name":"notEmpty","decl":{"start":{"line":7,"column":9},"end":{"line":7,"column":17}},"loc":{"start":{"line":7,"column":30},"end":{"line":13,"column":1}},"line":7}},"branchMap":{"0":{"loc":{"start":{"line":8,"column":2},"end":{"line":10,"column":3}},"type":"if","locations":[{"start":{"line":8,"column":2},"end":{"line":10,"column":3}},{"start":{"line":8,"column":2},"end":{"line":10,"column":3}}],"line":8}},"s":{"0":85,"1":7,"2":78},"f":{"0":85},"b":{"0":[7,78]},"_coverageSchema":"332fd63041d2c1bcb487cc26dd0d5f7d97098a6c","hash":"63d5733fdce132d5d7c6363d731189303da8acfb","contentHash":"c46068250b1d911ec6324b494ef09082_11.7.1"}
,"C:\\repositories\\book-a-meal\\server\\src\\helpers\\orderIsExpired.js": {"path":"C:\\repositories\\book-a-meal\\server\\src\\helpers\\orderIsExpired.js","statementMap":{"0":{"start":{"line":13,"column":15},"end":{"line":13,"column":58}},"1":{"start":{"line":13,"column":35},"end":{"line":13,"column":57}},"2":{"start":{"line":14,"column":22},"end":{"line":14,"column":51}},"3":{"start":{"line":17,"column":2},"end":{"line":19,"column":3}},"4":{"start":{"line":18,"column":4},"end":{"line":18,"column":63}}},"fnMap":{"0":{"name":"orderIsExpired","decl":{"start":{"line":10,"column":9},"end":{"line":10,"column":23}},"loc":{"start":{"line":10,"column":37},"end":{"line":20,"column":1}},"line":10},"1":{"name":"(anonymous_1)","decl":{"start":{"line":13,"column":27},"end":{"line":13,"column":28}},"loc":{"start":{"line":13,"column":35},"end":{"line":13,"column":57}},"line":13}},"branchMap":{"0":{"loc":{"start":{"line":17,"column":2},"end":{"line":19,"column":3}},"type":"if","locations":[{"start":{"line":17,"column":2},"end":{"line":19,"column":3}},{"start":{"line":17,"column":2},"end":{"line":19,"column":3}}],"line":17}},"s":{"0":5,"1":39,"2":5,"3":5,"4":2},"f":{"0":5,"1":39},"b":{"0":[2,3]},"_coverageSchema":"332fd63041d2c1bcb487cc26dd0d5f7d97098a6c","hash":"705510cb82ae8ece89f5a5750a58fb5b05ec77b5","contentHash":"7b6315890105dea02cfd68d9db0c2500_11.7.1"}
,"C:\\repositories\\book-a-meal\\server\\src\\helpers\\stringToArray.js": {"path":"C:\\repositories\\book-a-meal\\server\\src\\helpers\\stringToArray.js","statementMap":{"0":{"start":{"line":7,"column":2},"end":{"line":21,"column":3}},"1":{"start":{"line":9,"column":24},"end":{"line":9,"column":26}},"2":{"start":{"line":11,"column":22},"end":{"line":11,"column":56}},"3":{"start":{"line":13,"column":4},"end":{"line":18,"column":5}},"4":{"start":{"line":14,"column":6},"end":{"line":14,"column":38}},"5":{"start":{"line":16,"column":6},"end":{"line":16,"column":34}},"6":{"start":{"line":17,"column":6},"end":{"line":17,"column":41}},"7":{"start":{"line":20,"column":4},"end":{"line":20,"column":20}},"8":{"start":{"line":23,"column":2},"end":{"line":23,"column":15}}},"fnMap":{"0":{"name":"stringToArray","decl":{"start":{"line":6,"column":9},"end":{"line":6,"column":22}},"loc":{"start":{"line":6,"column":30},"end":{"line":24,"column":1}},"line":6}},"branchMap":{"0":{"loc":{"start":{"line":7,"column":2},"end":{"line":21,"column":3}},"type":"if","locations":[{"start":{"line":7,"column":2},"end":{"line":21,"column":3}},{"start":{"line":7,"column":2},"end":{"line":21,"column":3}}],"line":7},"1":{"loc":{"start":{"line":13,"column":4},"end":{"line":18,"column":5}},"type":"if","locations":[{"start":{"line":13,"column":4},"end":{"line":18,"column":5}},{"start":{"line":13,"column":4},"end":{"line":18,"column":5}}],"line":13}},"s":{"0":10,"1":2,"2":2,"3":2,"4":1,"5":1,"6":1,"7":2,"8":8},"f":{"0":10},"b":{"0":[2,8],"1":[1,1]},"_coverageSchema":"332fd63041d2c1bcb487cc26dd0d5f7d97098a6c","hash":"a9627e54a1ae9eff9c78e502dac29727febceb58","contentHash":"6a70d0e62caad81f2506fab83ce22e24_11.7.1"}
,"C:\\repositories\\book-a-meal\\server\\src\\helpers\\trimValues.js": {"path":"C:\\repositories\\book-a-meal\\server\\src\\helpers\\trimValues.js","statementMap":{"0":{"start":{"line":7,"column":18},"end":{"line":7,"column":38}},"1":{"start":{"line":9,"column":2},"end":{"line":15,"column":9}},"2":{"start":{"line":10,"column":4},"end":{"line":12,"column":19}},"3":{"start":{"line":14,"column":4},"end":{"line":14,"column":15}}},"fnMap":{"0":{"name":"trimValues","decl":{"start":{"line":6,"column":9},"end":{"line":6,"column":19}},"loc":{"start":{"line":6,"column":29},"end":{"line":16,"column":1}},"line":6},"1":{"name":"(anonymous_1)","decl":{"start":{"line":9,"column":24},"end":{"line":9,"column":25}},"loc":{"start":{"line":9,"column":38},"end":{"line":15,"column":3}},"line":9}},"branchMap":{"0":{"loc":{"start":{"line":10,"column":15},"end":{"line":12,"column":18}},"type":"cond-expr","locations":[{"start":{"line":11,"column":6},"end":{"line":11,"column":25}},{"start":{"line":12,"column":6},"end":{"line":12,"column":18}}],"line":10}},"s":{"0":11,"1":11,"2":45,"3":45},"f":{"0":11,"1":45},"b":{"0":[35,10]},"_coverageSchema":"332fd63041d2c1bcb487cc26dd0d5f7d97098a6c","hash":"b69a31908aaf8e79b70224e5ca8ed3e1bb4a4fd0","contentHash":"644e99f38222e32a5a532f4b02d82546_11.7.1"}
,"C:\\repositories\\book-a-meal\\server\\src\\middlewares\\Authorization.js": {"path":"C:\\repositories\\book-a-meal\\server\\src\\middlewares\\Authorization.js","statementMap":{"0":{"start":{"line":3,"column":18},"end":{"line":3,"column":79}},"1":{"start":{"line":4,"column":19},"end":{"line":4,"column":88}},"2":{"start":{"line":21,"column":4},"end":{"line":25,"column":5}},"3":{"start":{"line":22,"column":6},"end":{"line":24,"column":9}},"4":{"start":{"line":27,"column":4},"end":{"line":27,"column":16}},"5":{"start":{"line":38,"column":24},"end":{"line":38,"column":49}},"6":{"start":{"line":39,"column":18},"end":{"line":39,"column":67}},"7":{"start":{"line":41,"column":4},"end":{"line":41,"column":17}},"8":{"start":{"line":55,"column":18},"end":{"line":55,"column":45}},"9":{"start":{"line":59,"column":4},"end":{"line":63,"column":5}},"10":{"start":{"line":60,"column":19},"end":{"line":60,"column":60}},"11":{"start":{"line":62,"column":6},"end":{"line":62,"column":36}},"12":{"start":{"line":65,"column":4},"end":{"line":67,"column":7}},"13":{"start":{"line":81,"column":18},"end":{"line":81,"column":45}},"14":{"start":{"line":85,"column":4},"end":{"line":89,"column":5}},"15":{"start":{"line":86,"column":6},"end":{"line":88,"column":9}},"16":{"start":{"line":91,"column":4},"end":{"line":91,"column":18}},"17":{"start":{"line":104,"column":18},"end":{"line":104,"column":45}},"18":{"start":{"line":106,"column":4},"end":{"line":110,"column":5}},"19":{"start":{"line":107,"column":6},"end":{"line":109,"column":9}},"20":{"start":{"line":112,"column":4},"end":{"line":112,"column":18}}},"fnMap":{"0":{"name":"(anonymous_0)","decl":{"start":{"line":19,"column":2},"end":{"line":19,"column":3}},"loc":{"start":{"line":19,"column":31},"end":{"line":28,"column":3}},"line":19},"1":{"name":"(anonymous_1)","decl":{"start":{"line":36,"column":2},"end":{"line":36,"column":3}},"loc":{"start":{"line":36,"column":23},"end":{"line":42,"column":3}},"line":36},"2":{"name":"(anonymous_2)","decl":{"start":{"line":54,"column":2},"end":{"line":54,"column":3}},"loc":{"start":{"line":54,"column":46},"end":{"line":68,"column":3}},"line":54},"3":{"name":"(anonymous_3)","decl":{"start":{"line":80,"column":2},"end":{"line":80,"column":3}},"loc":{"start":{"line":80,"column":42},"end":{"line":92,"column":3}},"line":80},"4":{"name":"(anonymous_4)","decl":{"start":{"line":103,"column":2},"end":{"line":103,"column":3}},"loc":{"start":{"line":103,"column":39},"end":{"line":113,"column":3}},"line":103}},"branchMap":{"0":{"loc":{"start":{"line":21,"column":4},"end":{"line":25,"column":5}},"type":"if","locations":[{"start":{"line":21,"column":4},"end":{"line":25,"column":5}},{"start":{"line":21,"column":4},"end":{"line":25,"column":5}}],"line":21},"1":{"loc":{"start":{"line":39,"column":18},"end":{"line":39,"column":67}},"type":"binary-expr","locations":[{"start":{"line":39,"column":18},"end":{"line":39,"column":29}},{"start":{"line":39,"column":33},"end":{"line":39,"column":67}}],"line":39},"2":{"loc":{"start":{"line":59,"column":4},"end":{"line":63,"column":5}},"type":"if","locations":[{"start":{"line":59,"column":4},"end":{"line":63,"column":5}},{"start":{"line":59,"column":4},"end":{"line":63,"column":5}}],"line":59},"3":{"loc":{"start":{"line":59,"column":8},"end":{"line":59,"column":92}},"type":"binary-expr","locations":[{"start":{"line":59,"column":8},"end":{"line":59,"column":43}},{"start":{"line":59,"column":48},"end":{"line":59,"column":68}},{"start":{"line":59,"column":72},"end":{"line":59,"column":91}}],"line":59},"4":{"loc":{"start":{"line":60,"column":19},"end":{"line":60,"column":60}},"type":"cond-expr","locations":[{"start":{"line":60,"column":42},"end":{"line":60,"column":51}},{"start":{"line":60,"column":54},"end":{"line":60,"column":60}}],"line":60},"5":{"loc":{"start":{"line":85,"column":4},"end":{"line":89,"column":5}},"type":"if","locations":[{"start":{"line":85,"column":4},"end":{"line":89,"column":5}},{"start":{"line":85,"column":4},"end":{"line":89,"column":5}}],"line":85},"6":{"loc":{"start":{"line":85,"column":8},"end":{"line":85,"column":67}},"type":"binary-expr","locations":[{"start":{"line":85,"column":8},"end":{"line":85,"column":43}},{"start":{"line":85,"column":47},"end":{"line":85,"column":67}}],"line":85},"7":{"loc":{"start":{"line":106,"column":4},"end":{"line":110,"column":5}},"type":"if","locations":[{"start":{"line":106,"column":4},"end":{"line":110,"column":5}},{"start":{"line":106,"column":4},"end":{"line":110,"column":5}}],"line":106},"8":{"loc":{"start":{"line":106,"column":8},"end":{"line":106,"column":66}},"type":"binary-expr","locations":[{"start":{"line":106,"column":8},"end":{"line":106,"column":43}},{"start":{"line":106,"column":47},"end":{"line":106,"column":66}}],"line":106}},"s":{"0":1,"1":1,"2":71,"3":14,"4":57,"5":71,"6":71,"7":71,"8":11,"9":11,"10":8,"11":8,"12":3,"13":38,"14":38,"15":14,"16":24,"17":22,"18":22,"19":5,"20":17},"f":{"0":71,"1":71,"2":11,"3":38,"4":22},"b":{"0":[14,57],"1":[71,57],"2":[8,3],"3":[11,11,6],"4":[5,3],"5":[14,24],"6":[38,38],"7":[5,17],"8":[22,22]},"_coverageSchema":"332fd63041d2c1bcb487cc26dd0d5f7d97098a6c","hash":"e12e5b65d5d4e7cd1ff9cb6662023fc683b85753","contentHash":"778eba767e666c4912b9aac7bf488b85_11.7.1"}
,"C:\\repositories\\book-a-meal\\server\\src\\middlewares\\ErrorHandler.js": {"path":"C:\\repositories\\book-a-meal\\server\\src\\middlewares\\ErrorHandler.js","statementMap":{"0":{"start":{"line":17,"column":4},"end":{"line":19,"column":5}},"1":{"start":{"line":18,"column":6},"end":{"line":18,"column":23}},"2":{"start":{"line":21,"column":4},"end":{"line":21,"column":63}}},"fnMap":{"0":{"name":"(anonymous_0)","decl":{"start":{"line":16,"column":2},"end":{"line":16,"column":3}},"loc":{"start":{"line":16,"column":40},"end":{"line":22,"column":3}},"line":16}},"branchMap":{"0":{"loc":{"start":{"line":17,"column":4},"end":{"line":19,"column":5}},"type":"if","locations":[{"start":{"line":17,"column":4},"end":{"line":19,"column":5}},{"start":{"line":17,"column":4},"end":{"line":19,"column":5}}],"line":17},"1":{"loc":{"start":{"line":21,"column":15},"end":{"line":21,"column":32}},"type":"binary-expr","locations":[{"start":{"line":21,"column":15},"end":{"line":21,"column":25}},{"start":{"line":21,"column":29},"end":{"line":21,"column":32}}],"line":21}},"s":{"0":19,"1":17,"2":2},"f":{"0":19},"b":{"0":[17,2],"1":[2,1]},"_coverageSchema":"332fd63041d2c1bcb487cc26dd0d5f7d97098a6c","hash":"2ff0b7e80fb30df215bf8a4df85df994fec07c63","contentHash":"b85018868da5d661b43c9785a27ea5be_11.7.1"}
,"C:\\repositories\\book-a-meal\\server\\src\\middlewares\\GetItems.js": {"path":"C:\\repositories\\book-a-meal\\server\\src\\middlewares\\GetItems.js","statementMap":{"0":{"start":{"line":20,"column":28},"end":{"line":20,"column":37}},"1":{"start":{"line":21,"column":23},"end":{"line":21,"column":63}},"2":{"start":{"line":23,"column":4},"end":{"line":25,"column":5}},"3":{"start":{"line":24,"column":6},"end":{"line":24,"column":50}},"4":{"start":{"line":27,"column":4},"end":{"line":27,"column":41}}},"fnMap":{"0":{"name":"(anonymous_0)","decl":{"start":{"line":19,"column":2},"end":{"line":19,"column":3}},"loc":{"start":{"line":19,"column":38},"end":{"line":28,"column":3}},"line":19}},"branchMap":{"0":{"loc":{"start":{"line":23,"column":4},"end":{"line":25,"column":5}},"type":"if","locations":[{"start":{"line":23,"column":4},"end":{"line":25,"column":5}},{"start":{"line":23,"column":4},"end":{"line":25,"column":5}}],"line":23}},"s":{"0":9,"1":9,"2":9,"3":2,"4":7},"f":{"0":9},"b":{"0":[2,7]},"_coverageSchema":"332fd63041d2c1bcb487cc26dd0d5f7d97098a6c","hash":"5a8b7a2dcc1d851af4ed2170fdf4563b3294f837","contentHash":"c57ed3189b422ea823085b6e10396d0e_11.7.1"}
,"C:\\repositories\\book-a-meal\\server\\src\\middlewares\\Pagination.js": {"path":"C:\\repositories\\book-a-meal\\server\\src\\middlewares\\Pagination.js","statementMap":{"0":{"start":{"line":15,"column":4},"end":{"line":15,"column":21}},"1":{"start":{"line":16,"column":4},"end":{"line":16,"column":23}},"2":{"start":{"line":17,"column":4},"end":{"line":17,"column":35}},"3":{"start":{"line":18,"column":4},"end":{"line":18,"column":37}},"4":{"start":{"line":19,"column":4},"end":{"line":19,"column":42}},"5":{"start":{"line":20,"column":4},"end":{"line":20,"column":62}},"6":{"start":{"line":21,"column":4},"end":{"line":21,"column":47}},"7":{"start":{"line":22,"column":4},"end":{"line":22,"column":59}},"8":{"start":{"line":23,"column":4},"end":{"line":23,"column":55}},"9":{"start":{"line":33,"column":18},"end":{"line":33,"column":20}},"10":{"start":{"line":35,"column":4},"end":{"line":37,"column":5}},"11":{"start":{"line":36,"column":6},"end":{"line":36,"column":20}},"12":{"start":{"line":39,"column":4},"end":{"line":39,"column":17}},"13":{"start":{"line":51,"column":4},"end":{"line":53,"column":5}},"14":{"start":{"line":52,"column":6},"end":{"line":52,"column":41}},"15":{"start":{"line":55,"column":4},"end":{"line":57,"column":5}},"16":{"start":{"line":56,"column":6},"end":{"line":56,"column":27}},"17":{"start":{"line":60,"column":19},"end":{"line":60,"column":54}},"18":{"start":{"line":62,"column":27},"end":{"line":62,"column":72}},"19":{"start":{"line":64,"column":4},"end":{"line":74,"column":6}},"20":{"start":{"line":85,"column":38},"end":{"line":85,"column":60}},"21":{"start":{"line":87,"column":4},"end":{"line":87,"column":72}}},"fnMap":{"0":{"name":"(anonymous_0)","decl":{"start":{"line":14,"column":2},"end":{"line":14,"column":3}},"loc":{"start":{"line":14,"column":48},"end":{"line":24,"column":3}},"line":14},"1":{"name":"(anonymous_1)","decl":{"start":{"line":32,"column":2},"end":{"line":32,"column":3}},"loc":{"start":{"line":32,"column":14},"end":{"line":40,"column":3}},"line":32},"2":{"name":"(anonymous_2)","decl":{"start":{"line":48,"column":2},"end":{"line":48,"column":3}},"loc":{"start":{"line":48,"column":20},"end":{"line":75,"column":3}},"line":48},"3":{"name":"(anonymous_3)","decl":{"start":{"line":84,"column":2},"end":{"line":84,"column":3}},"loc":{"start":{"line":84,"column":21},"end":{"line":88,"column":3}},"line":84}},"branchMap":{"0":{"loc":{"start":{"line":14,"column":27},"end":{"line":14,"column":36}},"type":"default-arg","locations":[{"start":{"line":14,"column":35},"end":{"line":14,"column":36}}],"line":14},"1":{"loc":{"start":{"line":14,"column":38},"end":{"line":14,"column":46}},"type":"default-arg","locations":[{"start":{"line":14,"column":45},"end":{"line":14,"column":46}}],"line":14},"2":{"loc":{"start":{"line":51,"column":4},"end":{"line":53,"column":5}},"type":"if","locations":[{"start":{"line":51,"column":4},"end":{"line":53,"column":5}},{"start":{"line":51,"column":4},"end":{"line":53,"column":5}}],"line":51},"3":{"loc":{"start":{"line":55,"column":4},"end":{"line":57,"column":5}},"type":"if","locations":[{"start":{"line":55,"column":4},"end":{"line":57,"column":5}},{"start":{"line":55,"column":4},"end":{"line":57,"column":5}}],"line":55}},"s":{"0":13,"1":13,"2":13,"3":13,"4":13,"5":13,"6":13,"7":13,"8":13,"9":13,"10":13,"11":23,"12":13,"13":12,"14":1,"15":12,"16":1,"17":12,"18":12,"19":12,"20":8,"21":8},"f":{"0":13,"1":13,"2":12,"3":8},"b":{"0":[8],"1":[8],"2":[1,11],"3":[1,11]},"_coverageSchema":"332fd63041d2c1bcb487cc26dd0d5f7d97098a6c","hash":"834bbd796f9b801b28469e7e2dfc15080f33e15c","contentHash":"b504b70ef85aef7f6dcf063389bf0c7e_11.7.1"}
,"C:\\repositories\\book-a-meal\\server\\src\\middlewares\\ValidationHandler.js": {"path":"C:\\repositories\\book-a-meal\\server\\src\\middlewares\\ValidationHandler.js","statementMap":{"0":{"start":{"line":19,"column":19},"end":{"line":19,"column":40}},"1":{"start":{"line":20,"column":17},"end":{"line":20,"column":33}},"2":{"start":{"line":22,"column":4},"end":{"line":24,"column":5}},"3":{"start":{"line":23,"column":6},"end":{"line":23,"column":63}},"4":{"start":{"line":26,"column":4},"end":{"line":26,"column":44}}},"fnMap":{"0":{"name":"(anonymous_0)","decl":{"start":{"line":18,"column":2},"end":{"line":18,"column":3}},"loc":{"start":{"line":18,"column":46},"end":{"line":27,"column":3}},"line":18}},"branchMap":{"0":{"loc":{"start":{"line":22,"column":4},"end":{"line":24,"column":5}},"type":"if","locations":[{"start":{"line":22,"column":4},"end":{"line":24,"column":5}},{"start":{"line":22,"column":4},"end":{"line":24,"column":5}}],"line":22}},"s":{"0":45,"1":45,"2":45,"3":16,"4":29},"f":{"0":45},"b":{"0":[16,29]},"_coverageSchema":"332fd63041d2c1bcb487cc26dd0d5f7d97098a6c","hash":"d87d3488f46734da0e5f2463d5702364e709d273","contentHash":"3e691bb3185bbcd4e830fa73a19fe4be_11.7.1"}
,"C:\\repositories\\book-a-meal\\server\\src\\routes\\auth.js": {"path":"C:\\repositories\\book-a-meal\\server\\src\\routes\\auth.js","statementMap":{"0":{"start":{"line":6,"column":19},"end":{"line":6,"column":35}},"1":{"start":{"line":9,"column":0},"end":{"line":10,"column":66}},"2":{"start":{"line":10,"column":2},"end":{"line":10,"column":64}},"3":{"start":{"line":12,"column":0},"end":{"line":13,"column":63}},"4":{"start":{"line":13,"column":2},"end":{"line":13,"column":61}}},"fnMap":{"0":{"name":"(anonymous_0)","decl":{"start":{"line":9,"column":52},"end":{"line":9,"column":53}},"loc":{"start":{"line":10,"column":2},"end":{"line":10,"column":64}},"line":10},"1":{"name":"(anonymous_1)","decl":{"start":{"line":12,"column":49},"end":{"line":12,"column":50}},"loc":{"start":{"line":13,"column":2},"end":{"line":13,"column":61}},"line":13}},"branchMap":{},"s":{"0":1,"1":1,"2":4,"3":1,"4":3},"f":{"0":4,"1":3},"b":{},"_coverageSchema":"332fd63041d2c1bcb487cc26dd0d5f7d97098a6c","hash":"50f60be8ae6e1b86b1e5d7a30b3c9b45628c7ad5","contentHash":"d7def1a0af2096cf16467acac8c65ede_11.7.1"}
,"C:\\repositories\\book-a-meal\\server\\src\\routes\\index.js": {"path":"C:\\repositories\\book-a-meal\\server\\src\\routes\\index.js","statementMap":{"0":{"start":{"line":8,"column":18},"end":{"line":8,"column":34}},"1":{"start":{"line":10,"column":0},"end":{"line":12,"column":4}},"2":{"start":{"line":10,"column":33},"end":{"line":12,"column":2}},"3":{"start":{"line":14,"column":0},"end":{"line":16,"column":4}},"4":{"start":{"line":14,"column":35},"end":{"line":16,"column":2}},"5":{"start":{"line":18,"column":0},"end":{"line":18,"column":38}},"6":{"start":{"line":19,"column":0},"end":{"line":19,"column":38}},"7":{"start":{"line":20,"column":0},"end":{"line":20,"column":40}},"8":{"start":{"line":21,"column":0},"end":{"line":21,"column":42}},"9":{"start":{"line":22,"column":0},"end":{"line":22,"column":56}}},"fnMap":{"0":{"name":"(anonymous_0)","decl":{"start":{"line":10,"column":19},"end":{"line":10,"column":20}},"loc":{"start":{"line":10,"column":33},"end":{"line":12,"column":2}},"line":10},"1":{"name":"(anonymous_1)","decl":{"start":{"line":14,"column":21},"end":{"line":14,"column":22}},"loc":{"start":{"line":14,"column":35},"end":{"line":16,"column":2}},"line":14}},"branchMap":{},"s":{"0":1,"1":1,"2":1,"3":1,"4":1,"5":1,"6":1,"7":1,"8":1,"9":1},"f":{"0":1,"1":1},"b":{},"_coverageSchema":"332fd63041d2c1bcb487cc26dd0d5f7d97098a6c","hash":"7a53450ac3a02a1623abf2842206f7988a65424f","contentHash":"0752f8a52a13d19cc6b9b1ccd6130568_11.7.1"}
,"C:\\repositories\\book-a-meal\\server\\src\\routes\\meals.js": {"path":"C:\\repositories\\book-a-meal\\server\\src\\routes\\meals.js","statementMap":{"0":{"start":{"line":8,"column":20},"end":{"line":8,"column":36}},"1":{"start":{"line":9,"column":24},"end":{"line":9,"column":50}},"2":{"start":{"line":11,"column":0},"end":{"line":11,"column":99}},"3":{"start":{"line":11,"column":67},"end":{"line":11,"column":97}},"4":{"start":{"line":12,"column":0},"end":{"line":15,"column":2}},"5":{"start":{"line":14,"column":16},"end":{"line":14,"column":76}},"6":{"start":{"line":16,"column":0},"end":{"line":19,"column":2}},"7":{"start":{"line":18,"column":16},"end":{"line":18,"column":76}},"8":{"start":{"line":20,"column":0},"end":{"line":23,"column":2}},"9":{"start":{"line":22,"column":16},"end":{"line":22,"column":76}}},"fnMap":{"0":{"name":"(anonymous_0)","decl":{"start":{"line":11,"column":53},"end":{"line":11,"column":54}},"loc":{"start":{"line":11,"column":67},"end":{"line":11,"column":97}},"line":11},"1":{"name":"(anonymous_1)","decl":{"start":{"line":14,"column":2},"end":{"line":14,"column":3}},"loc":{"start":{"line":14,"column":16},"end":{"line":14,"column":76}},"line":14},"2":{"name":"(anonymous_2)","decl":{"start":{"line":18,"column":2},"end":{"line":18,"column":3}},"loc":{"start":{"line":18,"column":16},"end":{"line":18,"column":76}},"line":18},"3":{"name":"(anonymous_3)","decl":{"start":{"line":22,"column":2},"end":{"line":22,"column":3}},"loc":{"start":{"line":22,"column":16},"end":{"line":22,"column":76}},"line":22}},"branchMap":{},"s":{"0":1,"1":1,"2":1,"3":1,"4":1,"5":2,"6":1,"7":4,"8":1,"9":3},"f":{"0":1,"1":2,"2":4,"3":3},"b":{},"_coverageSchema":"332fd63041d2c1bcb487cc26dd0d5f7d97098a6c","hash":"6c0793b2e36596135cfe58ea0df2990eb61208f5","contentHash":"79f39055adbdb5f3ad1fb83c07f7a81d_11.7.1"}
,"C:\\repositories\\book-a-meal\\server\\src\\routes\\menu.js": {"path":"C:\\repositories\\book-a-meal\\server\\src\\routes\\menu.js","statementMap":{"0":{"start":{"line":8,"column":19},"end":{"line":8,"column":35}},"1":{"start":{"line":9,"column":23},"end":{"line":9,"column":47}},"2":{"start":{"line":11,"column":0},"end":{"line":14,"column":2}},"3":{"start":{"line":13,"column":16},"end":{"line":13,"column":75}},"4":{"start":{"line":16,"column":0},"end":{"line":16,"column":74}},"5":{"start":{"line":16,"column":34},"end":{"line":16,"column":72}},"6":{"start":{"line":18,"column":0},"end":{"line":21,"column":2}},"7":{"start":{"line":20,"column":16},"end":{"line":20,"column":75}}},"fnMap":{"0":{"name":"(anonymous_0)","decl":{"start":{"line":13,"column":2},"end":{"line":13,"column":3}},"loc":{"start":{"line":13,"column":16},"end":{"line":13,"column":75}},"line":13},"1":{"name":"(anonymous_1)","decl":{"start":{"line":16,"column":20},"end":{"line":16,"column":21}},"loc":{"start":{"line":16,"column":34},"end":{"line":16,"column":72}},"line":16},"2":{"name":"(anonymous_2)","decl":{"start":{"line":20,"column":2},"end":{"line":20,"column":3}},"loc":{"start":{"line":20,"column":16},"end":{"line":20,"column":75}},"line":20}},"branchMap":{},"s":{"0":1,"1":1,"2":1,"3":8,"4":1,"5":3,"6":1,"7":5},"f":{"0":8,"1":3,"2":5},"b":{},"_coverageSchema":"332fd63041d2c1bcb487cc26dd0d5f7d97098a6c","hash":"f958c601e8eedbe05664e035d79010b841cbb32c","contentHash":"5227cde63b415b37507e124b26780a71_11.7.1"}
,"C:\\repositories\\book-a-meal\\server\\src\\routes\\notifications.js": {"path":"C:\\repositories\\book-a-meal\\server\\src\\routes\\notifications.js","statementMap":{"0":{"start":{"line":5,"column":28},"end":{"line":5,"column":44}},"1":{"start":{"line":7,"column":0},"end":{"line":10,"column":2}},"2":{"start":{"line":9,"column":22},"end":{"line":9,"column":84}}},"fnMap":{"0":{"name":"(anonymous_0)","decl":{"start":{"line":9,"column":2},"end":{"line":9,"column":3}},"loc":{"start":{"line":9,"column":22},"end":{"line":9,"column":84}},"line":9}},"branchMap":{},"s":{"0":1,"1":1,"2":3},"f":{"0":3},"b":{},"_coverageSchema":"332fd63041d2c1bcb487cc26dd0d5f7d97098a6c","hash":"2ebea1b8091b32134d6f0e2ba75f006bdea7b519","contentHash":"a2c7a1452d84ccbfbe53dfc066bdfd12_11.7.1"}
,"C:\\repositories\\book-a-meal\\server\\src\\routes\\orders.js": {"path":"C:\\repositories\\book-a-meal\\server\\src\\routes\\orders.js","statementMap":{"0":{"start":{"line":8,"column":21},"end":{"line":8,"column":37}},"1":{"start":{"line":9,"column":25},"end":{"line":9,"column":54}},"2":{"start":{"line":11,"column":0},"end":{"line":14,"column":2}},"3":{"start":{"line":13,"column":22},"end":{"line":13,"column":87}},"4":{"start":{"line":16,"column":0},"end":{"line":19,"column":2}},"5":{"start":{"line":18,"column":16},"end":{"line":18,"column":77}},"6":{"start":{"line":21,"column":0},"end":{"line":24,"column":2}},"7":{"start":{"line":23,"column":16},"end":{"line":23,"column":77}},"8":{"start":{"line":26,"column":0},"end":{"line":29,"column":2}},"9":{"start":{"line":28,"column":16},"end":{"line":28,"column":77}}},"fnMap":{"0":{"name":"(anonymous_0)","decl":{"start":{"line":13,"column":2},"end":{"line":13,"column":3}},"loc":{"start":{"line":13,"column":22},"end":{"line":13,"column":87}},"line":13},"1":{"name":"(anonymous_1)","decl":{"start":{"line":18,"column":2},"end":{"line":18,"column":3}},"loc":{"start":{"line":18,"column":16},"end":{"line":18,"column":77}},"line":18},"2":{"name":"(anonymous_2)","decl":{"start":{"line":23,"column":2},"end":{"line":23,"column":3}},"loc":{"start":{"line":23,"column":16},"end":{"line":23,"column":77}},"line":23},"3":{"name":"(anonymous_3)","decl":{"start":{"line":28,"column":2},"end":{"line":28,"column":3}},"loc":{"start":{"line":28,"column":16},"end":{"line":28,"column":77}},"line":28}},"branchMap":{},"s":{"0":1,"1":1,"2":1,"3":8,"4":1,"5":6,"6":1,"7":6,"8":1,"9":4},"f":{"0":8,"1":6,"2":6,"3":4},"b":{},"_coverageSchema":"332fd63041d2c1bcb487cc26dd0d5f7d97098a6c","hash":"ec30051a2c8a2c9423c0ce7621e79d36859d6ac2","contentHash":"297668bd47f6b4d6a9cc523bbb5f8b1e_11.7.1"}
,"C:\\repositories\\book-a-meal\\server\\src\\validations\\auth.js": {"path":"C:\\repositories\\book-a-meal\\server\\src\\validations\\auth.js","statementMap":{"0":{"start":{"line":10,"column":23},"end":{"line":10,"column":67}},"1":{"start":{"line":18,"column":23},"end":{"line":18,"column":66}},"2":{"start":{"line":28,"column":23},"end":{"line":28,"column":63}},"3":{"start":{"line":32,"column":26},"end":{"line":32,"column":68}},"4":{"start":{"line":32,"column":47},"end":{"line":32,"column":67}},"5":{"start":{"line":33,"column":8},"end":{"line":35,"column":9}},"6":{"start":{"line":34,"column":10},"end":{"line":34,"column":50}},"7":{"start":{"line":37,"column":8},"end":{"line":37,"column":20}},"8":{"start":{"line":41,"column":23},"end":{"line":41,"column":66}},"9":{"start":{"line":46,"column":23},"end":{"line":46,"column":80}},"10":{"start":{"line":47,"column":34},"end":{"line":47,"column":61}},"11":{"start":{"line":55,"column":23},"end":{"line":55,"column":63}},"12":{"start":{"line":60,"column":23},"end":{"line":60,"column":66}}},"fnMap":{"0":{"name":"(anonymous_0)","decl":{"start":{"line":10,"column":14},"end":{"line":10,"column":15}},"loc":{"start":{"line":10,"column":23},"end":{"line":10,"column":67}},"line":10},"1":{"name":"(anonymous_1)","decl":{"start":{"line":18,"column":14},"end":{"line":18,"column":15}},"loc":{"start":{"line":18,"column":23},"end":{"line":18,"column":66}},"line":18},"2":{"name":"(anonymous_2)","decl":{"start":{"line":28,"column":14},"end":{"line":28,"column":15}},"loc":{"start":{"line":28,"column":23},"end":{"line":28,"column":63}},"line":28},"3":{"name":"(anonymous_3)","decl":{"start":{"line":31,"column":14},"end":{"line":31,"column":15}},"loc":{"start":{"line":31,"column":25},"end":{"line":38,"column":7}},"line":31},"4":{"name":"(anonymous_4)","decl":{"start":{"line":32,"column":39},"end":{"line":32,"column":40}},"loc":{"start":{"line":32,"column":47},"end":{"line":32,"column":67}},"line":32},"5":{"name":"(anonymous_5)","decl":{"start":{"line":41,"column":14},"end":{"line":41,"column":15}},"loc":{"start":{"line":41,"column":23},"end":{"line":41,"column":66}},"line":41},"6":{"name":"(anonymous_6)","decl":{"start":{"line":46,"column":14},"end":{"line":46,"column":15}},"loc":{"start":{"line":46,"column":23},"end":{"line":46,"column":80}},"line":46},"7":{"name":"(anonymous_7)","decl":{"start":{"line":47,"column":14},"end":{"line":47,"column":15}},"loc":{"start":{"line":47,"column":34},"end":{"line":47,"column":61}},"line":47},"8":{"name":"(anonymous_8)","decl":{"start":{"line":55,"column":14},"end":{"line":55,"column":15}},"loc":{"start":{"line":55,"column":23},"end":{"line":55,"column":63}},"line":55},"9":{"name":"(anonymous_9)","decl":{"start":{"line":60,"column":14},"end":{"line":60,"column":15}},"loc":{"start":{"line":60,"column":23},"end":{"line":60,"column":66}},"line":60}},"branchMap":{"0":{"loc":{"start":{"line":33,"column":8},"end":{"line":35,"column":9}},"type":"if","locations":[{"start":{"line":33,"column":8},"end":{"line":35,"column":9}},{"start":{"line":33,"column":8},"end":{"line":35,"column":9}}],"line":33}},"s":{"0":4,"1":4,"2":4,"3":4,"4":16,"5":4,"6":1,"7":3,"8":4,"9":4,"10":4,"11":3,"12":3},"f":{"0":4,"1":4,"2":4,"3":4,"4":16,"5":4,"6":4,"7":4,"8":3,"9":3},"b":{"0":[1,3]},"_coverageSchema":"332fd63041d2c1bcb487cc26dd0d5f7d97098a6c","hash":"64fba2de89eb8dc3e436d25800e5b750aba3c43f","contentHash":"d9275ebee1abd083b2ef1c7491effdc8_11.7.1"}
,"C:\\repositories\\book-a-meal\\server\\src\\validations\\meals.js": {"path":"C:\\repositories\\book-a-meal\\server\\src\\validations\\meals.js","statementMap":{"0":{"start":{"line":10,"column":23},"end":{"line":10,"column":63}},"1":{"start":{"line":16,"column":26},"end":{"line":16,"column":96}},"2":{"start":{"line":16,"column":47},"end":{"line":16,"column":95}},"3":{"start":{"line":17,"column":8},"end":{"line":19,"column":9}},"4":{"start":{"line":18,"column":10},"end":{"line":18,"column":49}},"5":{"start":{"line":21,"column":8},"end":{"line":21,"column":20}},"6":{"start":{"line":33,"column":23},"end":{"line":33,"column":63}},"7":{"start":{"line":54,"column":23},"end":{"line":54,"column":63}},"8":{"start":{"line":69,"column":23},"end":{"line":69,"column":63}}},"fnMap":{"0":{"name":"(anonymous_0)","decl":{"start":{"line":10,"column":14},"end":{"line":10,"column":15}},"loc":{"start":{"line":10,"column":23},"end":{"line":10,"column":63}},"line":10},"1":{"name":"(anonymous_1)","decl":{"start":{"line":15,"column":14},"end":{"line":15,"column":15}},"loc":{"start":{"line":15,"column":25},"end":{"line":22,"column":7}},"line":15},"2":{"name":"(anonymous_2)","decl":{"start":{"line":16,"column":39},"end":{"line":16,"column":40}},"loc":{"start":{"line":16,"column":47},"end":{"line":16,"column":95}},"line":16},"3":{"name":"(anonymous_3)","decl":{"start":{"line":33,"column":14},"end":{"line":33,"column":15}},"loc":{"start":{"line":33,"column":23},"end":{"line":33,"column":63}},"line":33},"4":{"name":"(anonymous_4)","decl":{"start":{"line":54,"column":14},"end":{"line":54,"column":15}},"loc":{"start":{"line":54,"column":23},"end":{"line":54,"column":63}},"line":54},"5":{"name":"(anonymous_5)","decl":{"start":{"line":69,"column":14},"end":{"line":69,"column":15}},"loc":{"start":{"line":69,"column":23},"end":{"line":69,"column":63}},"line":69}},"branchMap":{"0":{"loc":{"start":{"line":17,"column":8},"end":{"line":19,"column":9}},"type":"if","locations":[{"start":{"line":17,"column":8},"end":{"line":19,"column":9}},{"start":{"line":17,"column":8},"end":{"line":19,"column":9}}],"line":17}},"s":{"0":2,"1":2,"2":20,"3":2,"4":1,"5":1,"6":2,"7":4,"8":4},"f":{"0":2,"1":2,"2":20,"3":2,"4":4,"5":4},"b":{"0":[1,1]},"_coverageSchema":"332fd63041d2c1bcb487cc26dd0d5f7d97098a6c","hash":"ce14b9cb18051d6438d4786d9971c53734465608","contentHash":"4632675de42eba5422de590a4fcfe80f_11.7.1"}
,"C:\\repositories\\book-a-meal\\server\\src\\validations\\menu.js": {"path":"C:\\repositories\\book-a-meal\\server\\src\\validations\\menu.js","statementMap":{"0":{"start":{"line":7,"column":18},"end":{"line":7,"column":66}},"1":{"start":{"line":14,"column":23},"end":{"line":14,"column":62}},"2":{"start":{"line":22,"column":23},"end":{"line":22,"column":63}},"3":{"start":{"line":23,"column":23},"end":{"line":23,"column":42}},"4":{"start":{"line":32,"column":23},"end":{"line":32,"column":63}},"5":{"start":{"line":33,"column":23},"end":{"line":33,"column":42}}},"fnMap":{"0":{"name":"(anonymous_0)","decl":{"start":{"line":14,"column":14},"end":{"line":14,"column":15}},"loc":{"start":{"line":14,"column":23},"end":{"line":14,"column":62}},"line":14},"1":{"name":"(anonymous_1)","decl":{"start":{"line":22,"column":14},"end":{"line":22,"column":15}},"loc":{"start":{"line":22,"column":23},"end":{"line":22,"column":63}},"line":22},"2":{"name":"(anonymous_2)","decl":{"start":{"line":23,"column":14},"end":{"line":23,"column":15}},"loc":{"start":{"line":23,"column":23},"end":{"line":23,"column":42}},"line":23},"3":{"name":"(anonymous_3)","decl":{"start":{"line":32,"column":14},"end":{"line":32,"column":15}},"loc":{"start":{"line":32,"column":23},"end":{"line":32,"column":63}},"line":32},"4":{"name":"(anonymous_4)","decl":{"start":{"line":33,"column":14},"end":{"line":33,"column":15}},"loc":{"start":{"line":33,"column":23},"end":{"line":33,"column":42}},"line":33}},"branchMap":{},"s":{"0":1,"1":8,"2":8,"3":8,"4":5,"5":5},"f":{"0":8,"1":8,"2":8,"3":5,"4":5},"b":{},"_coverageSchema":"332fd63041d2c1bcb487cc26dd0d5f7d97098a6c","hash":"d7a9b76e6176c20e53d20802ca1166f4a64a7bfc","contentHash":"fa676f54b86ff70d46ec103f945495d1_11.7.1"}
,"C:\\repositories\\book-a-meal\\server\\src\\validations\\orders.js": {"path":"C:\\repositories\\book-a-meal\\server\\src\\validations\\orders.js","statementMap":{"0":{"start":{"line":12,"column":23},"end":{"line":12,"column":74}},"1":{"start":{"line":20,"column":23},"end":{"line":20,"column":79}},"2":{"start":{"line":41,"column":23},"end":{"line":41,"column":74}},"3":{"start":{"line":49,"column":23},"end":{"line":49,"column":79}}},"fnMap":{"0":{"name":"(anonymous_0)","decl":{"start":{"line":12,"column":14},"end":{"line":12,"column":15}},"loc":{"start":{"line":12,"column":23},"end":{"line":12,"column":74}},"line":12},"1":{"name":"(anonymous_1)","decl":{"start":{"line":20,"column":14},"end":{"line":20,"column":15}},"loc":{"start":{"line":20,"column":23},"end":{"line":20,"column":79}},"line":20},"2":{"name":"(anonymous_2)","decl":{"start":{"line":41,"column":14},"end":{"line":41,"column":15}},"loc":{"start":{"line":41,"column":23},"end":{"line":41,"column":74}},"line":41},"3":{"name":"(anonymous_3)","decl":{"start":{"line":49,"column":14},"end":{"line":49,"column":15}},"loc":{"start":{"line":49,"column":23},"end":{"line":49,"column":79}},"line":49}},"branchMap":{},"s":{"0":6,"1":6,"2":6,"3":6},"f":{"0":6,"1":6,"2":6,"3":6},"b":{},"_coverageSchema":"332fd63041d2c1bcb487cc26dd0d5f7d97098a6c","hash":"11f17459e6b02a2c0e8dc9a614dce9edf6cb12ed","contentHash":"46607849ae203dce45d7815bd47018df_11.7.1"}
}
