{"C:\\repositories\\book-a-meal\\server\\src\\app.js": {"path":"C:\\repositories\\book-a-meal\\server\\src\\app.js","statementMap":{"0":{"start":{"line":10,"column":12},"end":{"line":10,"column":21}},"1":{"start":{"line":13,"column":0},"end":{"line":13,"column":23}},"2":{"start":{"line":16,"column":0},"end":{"line":16,"column":27}},"3":{"start":{"line":17,"column":0},"end":{"line":17,"column":52}},"4":{"start":{"line":20,"column":0},"end":{"line":20,"column":27}},"5":{"start":{"line":23,"column":0},"end":{"line":26,"column":6}},"6":{"start":{"line":24,"column":2},"end":{"line":26,"column":4}},"7":{"start":{"line":29,"column":0},"end":{"line":29,"column":32}},"8":{"start":{"line":31,"column":13},"end":{"line":31,"column":37}},"9":{"start":{"line":33,"column":0},"end":{"line":33,"column":17}}},"fnMap":{"0":{"name":"(anonymous_0)","decl":{"start":{"line":23,"column":18},"end":{"line":23,"column":19}},"loc":{"start":{"line":24,"column":2},"end":{"line":26,"column":4}},"line":24}},"branchMap":{"0":{"loc":{"start":{"line":31,"column":13},"end":{"line":31,"column":37}},"type":"binary-expr","locations":[{"start":{"line":31,"column":13},"end":{"line":31,"column":29}},{"start":{"line":31,"column":33},"end":{"line":31,"column":37}}],"line":31}},"s":{"0":1,"1":1,"2":1,"3":1,"4":1,"5":1,"6":1,"7":1,"8":1,"9":1},"f":{"0":1},"b":{"0":[1,1]},"_coverageSchema":"332fd63041d2c1bcb487cc26dd0d5f7d97098a6c","hash":"7a64099b24fe50de953949cfb7e9b46615bb6659","contentHash":"74d0ed6d8cbdb74b8323f2e3ec329741_11.7.1"}
,"C:\\repositories\\book-a-meal\\server\\src\\controllers\\Controller.js": {"path":"C:\\repositories\\book-a-meal\\server\\src\\controllers\\Controller.js","statementMap":{"0":{"start":{"line":18,"column":4},"end":{"line":18,"column":29}},"1":{"start":{"line":19,"column":4},"end":{"line":19,"column":21}},"2":{"start":{"line":20,"column":4},"end":{"line":20,"column":37}},"3":{"start":{"line":21,"column":4},"end":{"line":21,"column":41}},"4":{"start":{"line":22,"column":4},"end":{"line":22,"column":41}},"5":{"start":{"line":23,"column":4},"end":{"line":23,"column":41}},"6":{"start":{"line":35,"column":4},"end":{"line":35,"column":68}},"7":{"start":{"line":48,"column":24},"end":{"line":48,"column":40}},"8":{"start":{"line":50,"column":4},"end":{"line":50,"column":45}},"9":{"start":{"line":51,"column":4},"end":{"line":51,"column":44}},"10":{"start":{"line":52,"column":4},"end":{"line":52,"column":44}},"11":{"start":{"line":54,"column":4},"end":{"line":54,"column":36}},"12":{"start":{"line":56,"column":4},"end":{"line":56,"column":45}},"13":{"start":{"line":69,"column":22},"end":{"line":70,"column":81}},"14":{"start":{"line":70,"column":25},"end":{"line":70,"column":80}},"15":{"start":{"line":73,"column":4},"end":{"line":75,"column":5}},"16":{"start":{"line":74,"column":6},"end":{"line":74,"column":58}},"17":{"start":{"line":77,"column":20},"end":{"line":77,"column":44}},"18":{"start":{"line":80,"column":4},"end":{"line":80,"column":34}},"19":{"start":{"line":82,"column":24},"end":{"line":82,"column":40}},"20":{"start":{"line":83,"column":4},"end":{"line":83,"column":44}},"21":{"start":{"line":86,"column":4},"end":{"line":86,"column":71}},"22":{"start":{"line":88,"column":4},"end":{"line":88,"column":58}},"23":{"start":{"line":101,"column":22},"end":{"line":102,"column":81}},"24":{"start":{"line":102,"column":25},"end":{"line":102,"column":80}},"25":{"start":{"line":105,"column":4},"end":{"line":107,"column":5}},"26":{"start":{"line":106,"column":6},"end":{"line":106,"column":58}},"27":{"start":{"line":109,"column":4},"end":{"line":109,"column":39}},"28":{"start":{"line":111,"column":4},"end":{"line":111,"column":34}}},"fnMap":{"0":{"name":"(anonymous_0)","decl":{"start":{"line":17,"column":2},"end":{"line":17,"column":3}},"loc":{"start":{"line":17,"column":30},"end":{"line":24,"column":3}},"line":17},"1":{"name":"(anonymous_1)","decl":{"start":{"line":34,"column":2},"end":{"line":34,"column":3}},"loc":{"start":{"line":34,"column":17},"end":{"line":36,"column":3}},"line":34},"2":{"name":"(anonymous_2)","decl":{"start":{"line":47,"column":2},"end":{"line":47,"column":3}},"loc":{"start":{"line":47,"column":25},"end":{"line":57,"column":3}},"line":47},"3":{"name":"(anonymous_3)","decl":{"start":{"line":68,"column":2},"end":{"line":68,"column":3}},"loc":{"start":{"line":68,"column":25},"end":{"line":89,"column":3}},"line":68},"4":{"name":"(anonymous_4)","decl":{"start":{"line":70,"column":17},"end":{"line":70,"column":18}},"loc":{"start":{"line":70,"column":25},"end":{"line":70,"column":80}},"line":70},"5":{"name":"(anonymous_5)","decl":{"start":{"line":100,"column":2},"end":{"line":100,"column":3}},"loc":{"start":{"line":100,"column":19},"end":{"line":112,"column":3}},"line":100},"6":{"name":"(anonymous_6)","decl":{"start":{"line":102,"column":17},"end":{"line":102,"column":18}},"loc":{"start":{"line":102,"column":25},"end":{"line":102,"column":80}},"line":102}},"branchMap":{"0":{"loc":{"start":{"line":73,"column":4},"end":{"line":75,"column":5}},"type":"if","locations":[{"start":{"line":73,"column":4},"end":{"line":75,"column":5}},{"start":{"line":73,"column":4},"end":{"line":75,"column":5}}],"line":73},"1":{"loc":{"start":{"line":105,"column":4},"end":{"line":107,"column":5}},"type":"if","locations":[{"start":{"line":105,"column":4},"end":{"line":107,"column":5}},{"start":{"line":105,"column":4},"end":{"line":107,"column":5}}],"line":105}},"s":{"0":3,"1":3,"2":3,"3":3,"4":3,"5":3,"6":1,"7":1,"8":1,"9":1,"10":1,"11":1,"12":1,"13":2,"14":21,"15":2,"16":1,"17":1,"18":1,"19":1,"20":1,"21":1,"22":1,"23":2,"24":20,"25":2,"26":1,"27":1,"28":1},"f":{"0":3,"1":1,"2":1,"3":2,"4":21,"5":2,"6":20},"b":{"0":[1,1],"1":[1,1]},"_coverageSchema":"332fd63041d2c1bcb487cc26dd0d5f7d97098a6c","hash":"22205f3bd97523f0c337f909d046a13e47811811","contentHash":"4a3834f2c5eef21c19111d9e26a38d05_11.7.1"}
,"C:\\repositories\\book-a-meal\\server\\src\\controllers\\Meals.js": {"path":"C:\\repositories\\book-a-meal\\server\\src\\controllers\\Meals.js","statementMap":{},"fnMap":{},"branchMap":{},"s":{},"f":{},"b":{},"_coverageSchema":"332fd63041d2c1bcb487cc26dd0d5f7d97098a6c","hash":"2ecbb20eb9ef18e66b5a069c37f98b1a368a6b31","contentHash":"9c09cbfa1264c158e65244780f577223_11.7.1"}
,"C:\\repositories\\book-a-meal\\server\\src\\controllers\\Menu.js": {"path":"C:\\repositories\\book-a-meal\\server\\src\\controllers\\Menu.js","statementMap":{"0":{"start":{"line":23,"column":17},"end":{"line":23,"column":64}},"1":{"start":{"line":24,"column":26},"end":{"line":24,"column":84}},"2":{"start":{"line":24,"column":53},"end":{"line":24,"column":83}},"3":{"start":{"line":26,"column":4},"end":{"line":28,"column":5}},"4":{"start":{"line":27,"column":6},"end":{"line":27,"column":84}},"5":{"start":{"line":31,"column":17},"end":{"line":31,"column":49}},"6":{"start":{"line":32,"column":4},"end":{"line":32,"column":48}},"7":{"start":{"line":34,"column":4},"end":{"line":34,"column":38}},"8":{"start":{"line":48,"column":4},"end":{"line":48,"column":38}},"9":{"start":{"line":51,"column":4},"end":{"line":51,"column":43}},"10":{"start":{"line":54,"column":4},"end":{"line":54,"column":37}},"11":{"start":{"line":55,"column":4},"end":{"line":55,"column":37}},"12":{"start":{"line":57,"column":4},"end":{"line":57,"column":29}},"13":{"start":{"line":60,"column":21},"end":{"line":60,"column":44}},"14":{"start":{"line":61,"column":4},"end":{"line":61,"column":56}},"15":{"start":{"line":63,"column":4},"end":{"line":63,"column":42}},"16":{"start":{"line":76,"column":22},"end":{"line":77,"column":81}},"17":{"start":{"line":77,"column":25},"end":{"line":77,"column":80}},"18":{"start":{"line":80,"column":4},"end":{"line":82,"column":5}},"19":{"start":{"line":81,"column":6},"end":{"line":81,"column":58}},"20":{"start":{"line":84,"column":4},"end":{"line":86,"column":5}},"21":{"start":{"line":85,"column":6},"end":{"line":85,"column":61}},"22":{"start":{"line":88,"column":20},"end":{"line":88,"column":44}},"23":{"start":{"line":91,"column":4},"end":{"line":91,"column":43}},"24":{"start":{"line":94,"column":4},"end":{"line":94,"column":23}},"25":{"start":{"line":95,"column":4},"end":{"line":95,"column":29}},"26":{"start":{"line":96,"column":4},"end":{"line":96,"column":37}},"27":{"start":{"line":99,"column":4},"end":{"line":99,"column":64}},"28":{"start":{"line":102,"column":21},"end":{"line":102,"column":64}},"29":{"start":{"line":103,"column":4},"end":{"line":103,"column":56}},"30":{"start":{"line":105,"column":4},"end":{"line":105,"column":42}},"31":{"start":{"line":116,"column":4},"end":{"line":116,"column":91}},"32":{"start":{"line":116,"column":37},"end":{"line":116,"column":89}},"33":{"start":{"line":116,"column":62},"end":{"line":116,"column":88}}},"fnMap":{"0":{"name":"(anonymous_0)","decl":{"start":{"line":22,"column":2},"end":{"line":22,"column":3}},"loc":{"start":{"line":22,"column":26},"end":{"line":35,"column":3}},"line":22},"1":{"name":"(anonymous_1)","decl":{"start":{"line":24,"column":45},"end":{"line":24,"column":46}},"loc":{"start":{"line":24,"column":53},"end":{"line":24,"column":83}},"line":24},"2":{"name":"(anonymous_2)","decl":{"start":{"line":46,"column":2},"end":{"line":46,"column":3}},"loc":{"start":{"line":46,"column":25},"end":{"line":64,"column":3}},"line":46},"3":{"name":"(anonymous_3)","decl":{"start":{"line":75,"column":2},"end":{"line":75,"column":3}},"loc":{"start":{"line":75,"column":25},"end":{"line":106,"column":3}},"line":75},"4":{"name":"(anonymous_4)","decl":{"start":{"line":77,"column":17},"end":{"line":77,"column":18}},"loc":{"start":{"line":77,"column":25},"end":{"line":77,"column":80}},"line":77},"5":{"name":"(anonymous_5)","decl":{"start":{"line":115,"column":2},"end":{"line":115,"column":3}},"loc":{"start":{"line":115,"column":36},"end":{"line":117,"column":3}},"line":115},"6":{"name":"(anonymous_6)","decl":{"start":{"line":116,"column":27},"end":{"line":116,"column":28}},"loc":{"start":{"line":116,"column":37},"end":{"line":116,"column":89}},"line":116},"7":{"name":"(anonymous_7)","decl":{"start":{"line":116,"column":50},"end":{"line":116,"column":51}},"loc":{"start":{"line":116,"column":62},"end":{"line":116,"column":88}},"line":116}},"branchMap":{"0":{"loc":{"start":{"line":23,"column":17},"end":{"line":23,"column":64}},"type":"binary-expr","locations":[{"start":{"line":23,"column":17},"end":{"line":23,"column":31}},{"start":{"line":23,"column":35},"end":{"line":23,"column":64}}],"line":23},"1":{"loc":{"start":{"line":26,"column":4},"end":{"line":28,"column":5}},"type":"if","locations":[{"start":{"line":26,"column":4},"end":{"line":28,"column":5}},{"start":{"line":26,"column":4},"end":{"line":28,"column":5}}],"line":26},"2":{"loc":{"start":{"line":80,"column":4},"end":{"line":82,"column":5}},"type":"if","locations":[{"start":{"line":80,"column":4},"end":{"line":82,"column":5}},{"start":{"line":80,"column":4},"end":{"line":82,"column":5}}],"line":80},"3":{"loc":{"start":{"line":84,"column":4},"end":{"line":86,"column":5}},"type":"if","locations":[{"start":{"line":84,"column":4},"end":{"line":86,"column":5}},{"start":{"line":84,"column":4},"end":{"line":86,"column":5}}],"line":84}},"s":{"0":3,"1":3,"2":14,"3":3,"4":1,"5":2,"6":2,"7":2,"8":5,"9":5,"10":5,"11":5,"12":5,"13":5,"14":5,"15":5,"16":3,"17":13,"18":3,"19":1,"20":2,"21":1,"22":1,"23":1,"24":1,"25":1,"26":1,"27":1,"28":1,"29":1,"30":1,"31":12,"32":37,"33":246},"f":{"0":3,"1":14,"2":5,"3":3,"4":13,"5":12,"6":37,"7":246},"b":{"0":[3,1],"1":[1,2],"2":[1,2],"3":[1,1]},"_coverageSchema":"332fd63041d2c1bcb487cc26dd0d5f7d97098a6c","hash":"0822056e525311cecbdd86b18b3a93b95d4e92e1","contentHash":"a8a2421e73a077370bb9d0b9446fe074_11.7.1"}
,"C:\\repositories\\book-a-meal\\server\\src\\controllers\\Orders.js": {"path":"C:\\repositories\\book-a-meal\\server\\src\\controllers\\Orders.js","statementMap":{"0":{"start":{"line":26,"column":4},"end":{"line":28,"column":5}},"1":{"start":{"line":27,"column":6},"end":{"line":27,"column":61}},"2":{"start":{"line":30,"column":24},"end":{"line":30,"column":40}},"3":{"start":{"line":32,"column":4},"end":{"line":32,"column":45}},"4":{"start":{"line":35,"column":4},"end":{"line":35,"column":64}},"5":{"start":{"line":38,"column":4},"end":{"line":38,"column":44}},"6":{"start":{"line":39,"column":4},"end":{"line":39,"column":44}},"7":{"start":{"line":42,"column":4},"end":{"line":42,"column":67}},"8":{"start":{"line":45,"column":4},"end":{"line":45,"column":36}},"9":{"start":{"line":47,"column":4},"end":{"line":47,"column":56}},"10":{"start":{"line":60,"column":22},"end":{"line":60,"column":90}},"11":{"start":{"line":60,"column":54},"end":{"line":60,"column":89}},"12":{"start":{"line":63,"column":4},"end":{"line":65,"column":5}},"13":{"start":{"line":64,"column":6},"end":{"line":64,"column":58}},"14":{"start":{"line":67,"column":4},"end":{"line":69,"column":5}},"15":{"start":{"line":68,"column":6},"end":{"line":68,"column":61}},"16":{"start":{"line":73,"column":17},"end":{"line":73,"column":85}},"17":{"start":{"line":73,"column":37},"end":{"line":73,"column":84}},"18":{"start":{"line":74,"column":24},"end":{"line":74,"column":53}},"19":{"start":{"line":76,"column":4},"end":{"line":78,"column":5}},"20":{"start":{"line":77,"column":6},"end":{"line":77,"column":65}},"21":{"start":{"line":80,"column":24},"end":{"line":80,"column":40}},"22":{"start":{"line":82,"column":4},"end":{"line":82,"column":44}},"23":{"start":{"line":84,"column":4},"end":{"line":84,"column":64}},"24":{"start":{"line":86,"column":21},"end":{"line":86,"column":45}},"25":{"start":{"line":89,"column":4},"end":{"line":89,"column":72}},"26":{"start":{"line":91,"column":4},"end":{"line":91,"column":69}},"27":{"start":{"line":104,"column":21},"end":{"line":104,"column":45}},"28":{"start":{"line":107,"column":20},"end":{"line":107,"column":72}},"29":{"start":{"line":107,"column":40},"end":{"line":107,"column":71}},"30":{"start":{"line":108,"column":4},"end":{"line":108,"column":54}},"31":{"start":{"line":110,"column":4},"end":{"line":110,"column":28}},"32":{"start":{"line":112,"column":4},"end":{"line":112,"column":49}}},"fnMap":{"0":{"name":"(anonymous_0)","decl":{"start":{"line":25,"column":2},"end":{"line":25,"column":3}},"loc":{"start":{"line":25,"column":25},"end":{"line":48,"column":3}},"line":25},"1":{"name":"(anonymous_1)","decl":{"start":{"line":59,"column":2},"end":{"line":59,"column":3}},"loc":{"start":{"line":59,"column":25},"end":{"line":92,"column":3}},"line":59},"2":{"name":"(anonymous_2)","decl":{"start":{"line":60,"column":46},"end":{"line":60,"column":47}},"loc":{"start":{"line":60,"column":54},"end":{"line":60,"column":89}},"line":60},"3":{"name":"(anonymous_3)","decl":{"start":{"line":73,"column":29},"end":{"line":73,"column":30}},"loc":{"start":{"line":73,"column":37},"end":{"line":73,"column":84}},"line":73},"4":{"name":"(anonymous_4)","decl":{"start":{"line":103,"column":2},"end":{"line":103,"column":3}},"loc":{"start":{"line":103,"column":48},"end":{"line":113,"column":3}},"line":103},"5":{"name":"(anonymous_5)","decl":{"start":{"line":107,"column":32},"end":{"line":107,"column":33}},"loc":{"start":{"line":107,"column":40},"end":{"line":107,"column":71}},"line":107}},"branchMap":{"0":{"loc":{"start":{"line":26,"column":4},"end":{"line":28,"column":5}},"type":"if","locations":[{"start":{"line":26,"column":4},"end":{"line":28,"column":5}},{"start":{"line":26,"column":4},"end":{"line":28,"column":5}}],"line":26},"1":{"loc":{"start":{"line":42,"column":27},"end":{"line":42,"column":66}},"type":"binary-expr","locations":[{"start":{"line":42,"column":27},"end":{"line":42,"column":61}},{"start":{"line":42,"column":65},"end":{"line":42,"column":66}}],"line":42},"2":{"loc":{"start":{"line":63,"column":4},"end":{"line":65,"column":5}},"type":"if","locations":[{"start":{"line":63,"column":4},"end":{"line":65,"column":5}},{"start":{"line":63,"column":4},"end":{"line":65,"column":5}}],"line":63},"3":{"loc":{"start":{"line":67,"column":4},"end":{"line":69,"column":5}},"type":"if","locations":[{"start":{"line":67,"column":4},"end":{"line":69,"column":5}},{"start":{"line":67,"column":4},"end":{"line":69,"column":5}}],"line":67},"4":{"loc":{"start":{"line":76,"column":4},"end":{"line":78,"column":5}},"type":"if","locations":[{"start":{"line":76,"column":4},"end":{"line":78,"column":5}},{"start":{"line":76,"column":4},"end":{"line":78,"column":5}}],"line":76}},"s":{"0":3,"1":1,"2":3,"3":3,"4":3,"5":3,"6":3,"7":3,"8":3,"9":3,"10":4,"11":19,"12":4,"13":1,"14":3,"15":1,"16":3,"17":11,"18":3,"19":3,"20":2,"21":1,"22":1,"23":1,"24":1,"25":1,"26":1,"27":4,"28":4,"29":32,"30":4,"31":4,"32":4},"f":{"0":3,"1":4,"2":19,"3":11,"4":4,"5":32},"b":{"0":[1,2],"1":[3,1],"2":[1,3],"3":[1,2],"4":[2,1]},"_coverageSchema":"332fd63041d2c1bcb487cc26dd0d5f7d97098a6c","hash":"4b329bb18e6c594210bed0ec66ca8f0c18d82cba","contentHash":"f1a829e4badc9645defff27bcd805e9c_11.7.1"}
,"C:\\repositories\\book-a-meal\\server\\src\\controllers\\Users.js": {"path":"C:\\repositories\\book-a-meal\\server\\src\\controllers\\Users.js","statementMap":{"0":{"start":{"line":6,"column":14},"end":{"line":6,"column":75}},"1":{"start":{"line":24,"column":17},"end":{"line":24,"column":67}},"2":{"start":{"line":25,"column":20},"end":{"line":25,"column":43}},"3":{"start":{"line":26,"column":4},"end":{"line":26,"column":32}},"4":{"start":{"line":27,"column":4},"end":{"line":27,"column":49}},"5":{"start":{"line":28,"column":4},"end":{"line":28,"column":30}},"6":{"start":{"line":29,"column":4},"end":{"line":29,"column":28}},"7":{"start":{"line":30,"column":4},"end":{"line":30,"column":35}},"8":{"start":{"line":31,"column":4},"end":{"line":31,"column":40}},"9":{"start":{"line":32,"column":4},"end":{"line":32,"column":40}},"10":{"start":{"line":34,"column":4},"end":{"line":34,"column":26}},"11":{"start":{"line":36,"column":4},"end":{"line":36,"column":32}},"12":{"start":{"line":38,"column":4},"end":{"line":41,"column":7}},"13":{"start":{"line":54,"column":21},"end":{"line":55,"column":81}},"14":{"start":{"line":55,"column":20},"end":{"line":55,"column":80}},"15":{"start":{"line":57,"column":4},"end":{"line":61,"column":5}},"16":{"start":{"line":58,"column":6},"end":{"line":60,"column":9}},"17":{"start":{"line":63,"column":4},"end":{"line":63,"column":41}},"18":{"start":{"line":65,"column":17},"end":{"line":65,"column":44}},"19":{"start":{"line":67,"column":4},"end":{"line":67,"column":25}},"20":{"start":{"line":68,"column":4},"end":{"line":68,"column":29}},"21":{"start":{"line":70,"column":4},"end":{"line":70,"column":49}}},"fnMap":{"0":{"name":"(anonymous_0)","decl":{"start":{"line":22,"column":2},"end":{"line":22,"column":3}},"loc":{"start":{"line":22,"column":40},"end":{"line":42,"column":3}},"line":22},"1":{"name":"(anonymous_1)","decl":{"start":{"line":53,"column":2},"end":{"line":53,"column":3}},"loc":{"start":{"line":53,"column":31},"end":{"line":71,"column":3}},"line":53},"2":{"name":"(anonymous_2)","decl":{"start":{"line":55,"column":12},"end":{"line":55,"column":13}},"loc":{"start":{"line":55,"column":20},"end":{"line":55,"column":80}},"line":55}},"branchMap":{"0":{"loc":{"start":{"line":55,"column":20},"end":{"line":55,"column":80}},"type":"binary-expr","locations":[{"start":{"line":55,"column":20},"end":{"line":55,"column":45}},{"start":{"line":55,"column":49},"end":{"line":55,"column":80}}],"line":55},"1":{"loc":{"start":{"line":57,"column":4},"end":{"line":61,"column":5}},"type":"if","locations":[{"start":{"line":57,"column":4},"end":{"line":61,"column":5}},{"start":{"line":57,"column":4},"end":{"line":61,"column":5}}],"line":57}},"s":{"0":1,"1":1,"2":1,"3":1,"4":1,"5":1,"6":1,"7":1,"8":1,"9":1,"10":1,"11":1,"12":1,"13":2,"14":5,"15":2,"16":1,"17":1,"18":1,"19":1,"20":1,"21":1},"f":{"0":1,"1":2,"2":5},"b":{"0":[5,2],"1":[1,1]},"_coverageSchema":"332fd63041d2c1bcb487cc26dd0d5f7d97098a6c","hash":"1b4ab6bcd0711cbe932a981884fcfb182faa0eca","contentHash":"c6d6605fb4dd81bbda0071641458a1f4_11.7.1"}
,"C:\\repositories\\book-a-meal\\server\\src\\dummyData\\meals.js": {"path":"C:\\repositories\\book-a-meal\\server\\src\\dummyData\\meals.js","statementMap":{"0":{"start":{"line":1,"column":14},"end":{"line":100,"column":1}}},"fnMap":{},"branchMap":{},"s":{"0":1},"f":{},"b":{},"_coverageSchema":"332fd63041d2c1bcb487cc26dd0d5f7d97098a6c","hash":"e2e71ab9754a248f19a51edca5564040e75e2dfc","contentHash":"109d6ae95d05bb0d245650a6d492e131_11.7.1"}
,"C:\\repositories\\book-a-meal\\server\\src\\dummyData\\menu.js": {"path":"C:\\repositories\\book-a-meal\\server\\src\\dummyData\\menu.js","statementMap":{"0":{"start":{"line":1,"column":13},"end":{"line":60,"column":1}}},"fnMap":{},"branchMap":{},"s":{"0":1},"f":{},"b":{},"_coverageSchema":"332fd63041d2c1bcb487cc26dd0d5f7d97098a6c","hash":"58be846eb5b10024f9722d989942c017f0ea3d22","contentHash":"568272b7834744abd99c4f78b24ee56e_11.7.1"}
,"C:\\repositories\\book-a-meal\\server\\src\\dummyData\\orders.js": {"path":"C:\\repositories\\book-a-meal\\server\\src\\dummyData\\orders.js","statementMap":{"0":{"start":{"line":1,"column":15},"end":{"line":52,"column":1}}},"fnMap":{},"branchMap":{},"s":{"0":1},"f":{},"b":{},"_coverageSchema":"332fd63041d2c1bcb487cc26dd0d5f7d97098a6c","hash":"9e4e9917ae906ca42ef92ba3318a266dd8636cf5","contentHash":"827db6d73d70bf4f03d4a0bc78ca1298_11.7.1"}
,"C:\\repositories\\book-a-meal\\server\\src\\dummyData\\users.js": {"path":"C:\\repositories\\book-a-meal\\server\\src\\dummyData\\users.js","statementMap":{"0":{"start":{"line":1,"column":14},"end":{"line":32,"column":1}}},"fnMap":{},"branchMap":{},"s":{"0":1},"f":{},"b":{},"_coverageSchema":"332fd63041d2c1bcb487cc26dd0d5f7d97098a6c","hash":"9b7183dc4a3cc4fd88ccc0e18cbc2efe4b3e7a55","contentHash":"65625ec284eca8343b4159cfc34fe800_11.7.1"}
,"C:\\repositories\\book-a-meal\\server\\src\\helpers\\PasswordHash.js": {"path":"C:\\repositories\\book-a-meal\\server\\src\\helpers\\PasswordHash.js","statementMap":{"0":{"start":{"line":15,"column":4},"end":{"line":43,"column":7}},"1":{"start":{"line":22,"column":10},"end":{"line":22,"column":16}},"2":{"start":{"line":24,"column":6},"end":{"line":26,"column":7}},"3":{"start":{"line":25,"column":8},"end":{"line":25,"column":55}},"4":{"start":{"line":28,"column":19},"end":{"line":28,"column":48}},"5":{"start":{"line":29,"column":19},"end":{"line":29,"column":83}},"6":{"start":{"line":30,"column":23},"end":{"line":30,"column":66}},"7":{"start":{"line":35,"column":6},"end":{"line":35,"column":51}},"8":{"start":{"line":36,"column":6},"end":{"line":36,"column":50}},"9":{"start":{"line":37,"column":6},"end":{"line":37,"column":29}},"10":{"start":{"line":38,"column":6},"end":{"line":38,"column":43}},"11":{"start":{"line":40,"column":33},"end":{"line":40,"column":60}},"12":{"start":{"line":42,"column":6},"end":{"line":42,"column":34}},"13":{"start":{"line":53,"column":4},"end":{"line":81,"column":7}},"14":{"start":{"line":54,"column":6},"end":{"line":56,"column":7}},"15":{"start":{"line":55,"column":8},"end":{"line":55,"column":55}},"16":{"start":{"line":59,"column":6},"end":{"line":61,"column":7}},"17":{"start":{"line":60,"column":8},"end":{"line":60,"column":74}},"18":{"start":{"line":66,"column":10},"end":{"line":66,"column":16}},"19":{"start":{"line":68,"column":29},"end":{"line":68,"column":70}},"20":{"start":{"line":71,"column":24},"end":{"line":71,"column":54}},"21":{"start":{"line":72,"column":24},"end":{"line":72,"column":61}},"22":{"start":{"line":73,"column":25},"end":{"line":73,"column":55}},"23":{"start":{"line":74,"column":19},"end":{"line":74,"column":57}},"24":{"start":{"line":75,"column":19},"end":{"line":75,"column":67}},"25":{"start":{"line":78,"column":21},"end":{"line":78,"column":85}},"26":{"start":{"line":80,"column":6},"end":{"line":80,"column":50}}},"fnMap":{"0":{"name":"(anonymous_0)","decl":{"start":{"line":14,"column":2},"end":{"line":14,"column":3}},"loc":{"start":{"line":14,"column":32},"end":{"line":44,"column":3}},"line":14},"1":{"name":"(anonymous_1)","decl":{"start":{"line":15,"column":23},"end":{"line":15,"column":24}},"loc":{"start":{"line":15,"column":44},"end":{"line":43,"column":5}},"line":15},"2":{"name":"(anonymous_2)","decl":{"start":{"line":52,"column":2},"end":{"line":52,"column":3}},"loc":{"start":{"line":52,"column":54},"end":{"line":82,"column":3}},"line":52},"3":{"name":"(anonymous_3)","decl":{"start":{"line":53,"column":23},"end":{"line":53,"column":24}},"loc":{"start":{"line":53,"column":44},"end":{"line":81,"column":5}},"line":53}},"branchMap":{"0":{"loc":{"start":{"line":24,"column":6},"end":{"line":26,"column":7}},"type":"if","locations":[{"start":{"line":24,"column":6},"end":{"line":26,"column":7}},{"start":{"line":24,"column":6},"end":{"line":26,"column":7}}],"line":24},"1":{"loc":{"start":{"line":54,"column":6},"end":{"line":56,"column":7}},"type":"if","locations":[{"start":{"line":54,"column":6},"end":{"line":56,"column":7}},{"start":{"line":54,"column":6},"end":{"line":56,"column":7}}],"line":54},"2":{"loc":{"start":{"line":59,"column":6},"end":{"line":61,"column":7}},"type":"if","locations":[{"start":{"line":59,"column":6},"end":{"line":61,"column":7}},{"start":{"line":59,"column":6},"end":{"line":61,"column":7}}],"line":59}},"s":{"0":4,"1":4,"2":4,"3":1,"4":4,"5":4,"6":3,"7":3,"8":3,"9":3,"10":3,"11":3,"12":3,"13":4,"14":4,"15":1,"16":4,"17":1,"18":4,"19":4,"20":3,"21":3,"22":3,"23":3,"24":3,"25":3,"26":2},"f":{"0":4,"1":4,"2":4,"3":4},"b":{"0":[1,3],"1":[1,3],"2":[1,3]},"_coverageSchema":"332fd63041d2c1bcb487cc26dd0d5f7d97098a6c","hash":"f354d357ccdf1a41930a81cfc9d1afc1df052878","contentHash":"43cb197e4a09e93481cde6273dea8b4c_11.7.1"}
,"C:\\repositories\\book-a-meal\\server\\src\\helpers\\checkMealsId.js": {"path":"C:\\repositories\\book-a-meal\\server\\src\\helpers\\checkMealsId.js","statementMap":{"0":{"start":{"line":10,"column":2},"end":{"line":16,"column":3}},"1":{"start":{"line":11,"column":4},"end":{"line":13,"column":5}},"2":{"start":{"line":12,"column":6},"end":{"line":12,"column":19}},"3":{"start":{"line":15,"column":4},"end":{"line":15,"column":32}},"4":{"start":{"line":20,"column":20},"end":{"line":20,"column":53}},"5":{"start":{"line":21,"column":19},"end":{"line":21,"column":77}},"6":{"start":{"line":23,"column":2},"end":{"line":25,"column":3}},"7":{"start":{"line":24,"column":4},"end":{"line":24,"column":31}},"8":{"start":{"line":27,"column":2},"end":{"line":27,"column":33}}},"fnMap":{"0":{"name":"checkMealsId","decl":{"start":{"line":9,"column":9},"end":{"line":9,"column":21}},"loc":{"start":{"line":9,"column":29},"end":{"line":28,"column":1}},"line":9}},"branchMap":{"0":{"loc":{"start":{"line":10,"column":2},"end":{"line":16,"column":3}},"type":"if","locations":[{"start":{"line":10,"column":2},"end":{"line":16,"column":3}},{"start":{"line":10,"column":2},"end":{"line":16,"column":3}}],"line":10},"1":{"loc":{"start":{"line":11,"column":4},"end":{"line":13,"column":5}},"type":"if","locations":[{"start":{"line":11,"column":4},"end":{"line":13,"column":5}},{"start":{"line":11,"column":4},"end":{"line":13,"column":5}}],"line":11},"2":{"loc":{"start":{"line":21,"column":19},"end":{"line":21,"column":77}},"type":"cond-expr","locations":[{"start":{"line":21,"column":45},"end":{"line":21,"column":65}},{"start":{"line":21,"column":68},"end":{"line":21,"column":77}}],"line":21},"3":{"loc":{"start":{"line":23,"column":2},"end":{"line":25,"column":3}},"type":"if","locations":[{"start":{"line":23,"column":2},"end":{"line":25,"column":3}},{"start":{"line":23,"column":2},"end":{"line":25,"column":3}}],"line":23}},"s":{"0":19,"1":15,"2":1,"3":14,"4":4,"5":4,"6":4,"7":2,"8":2},"f":{"0":19},"b":{"0":[15,4],"1":[1,14],"2":[2,2],"3":[2,2]},"_coverageSchema":"332fd63041d2c1bcb487cc26dd0d5f7d97098a6c","hash":"1d5dd882509adea022a15b066225dc34a51fe976","contentHash":"399ed24dd28a5caa4d669d38c8cd4454_11.7.1"}
,"C:\\repositories\\book-a-meal\\server\\src\\helpers\\isArrayOfUUID.js": {"path":"C:\\repositories\\book-a-meal\\server\\src\\helpers\\isArrayOfUUID.js","statementMap":{"0":{"start":{"line":9,"column":16},"end":{"line":9,"column":20}},"1":{"start":{"line":11,"column":2},"end":{"line":16,"column":5}},"2":{"start":{"line":13,"column":4},"end":{"line":15,"column":5}},"3":{"start":{"line":14,"column":6},"end":{"line":14,"column":22}},"4":{"start":{"line":18,"column":2},"end":{"line":18,"column":17}}},"fnMap":{"0":{"name":"isArrayOfUUID","decl":{"start":{"line":8,"column":9},"end":{"line":8,"column":22}},"loc":{"start":{"line":8,"column":30},"end":{"line":19,"column":1}},"line":8},"1":{"name":"(anonymous_1)","decl":{"start":{"line":11,"column":16},"end":{"line":11,"column":17}},"loc":{"start":{"line":11,"column":26},"end":{"line":16,"column":3}},"line":11}},"branchMap":{"0":{"loc":{"start":{"line":13,"column":4},"end":{"line":15,"column":5}},"type":"if","locations":[{"start":{"line":13,"column":4},"end":{"line":15,"column":5}},{"start":{"line":13,"column":4},"end":{"line":15,"column":5}}],"line":13}},"s":{"0":18,"1":18,"2":51,"3":12,"4":18},"f":{"0":18,"1":51},"b":{"0":[12,39]},"_coverageSchema":"332fd63041d2c1bcb487cc26dd0d5f7d97098a6c","hash":"1e843d79c3936e06a03bdbfb6e163e8009e90327","contentHash":"6185c064ae94436a5a9581198463a0c1_11.7.1"}
,"C:\\repositories\\book-a-meal\\server\\src\\helpers\\isMenuAvailable.js": {"path":"C:\\repositories\\book-a-meal\\server\\src\\helpers\\isMenuAvailable.js","statementMap":{"0":{"start":{"line":11,"column":15},"end":{"line":11,"column":58}},"1":{"start":{"line":11,"column":35},"end":{"line":11,"column":57}},"2":{"start":{"line":12,"column":22},"end":{"line":12,"column":51}},"3":{"start":{"line":14,"column":2},"end":{"line":16,"column":3}},"4":{"start":{"line":15,"column":4},"end":{"line":15,"column":17}},"5":{"start":{"line":18,"column":2},"end":{"line":18,"column":14}}},"fnMap":{"0":{"name":"isMenuAvailable","decl":{"start":{"line":10,"column":9},"end":{"line":10,"column":24}},"loc":{"start":{"line":10,"column":33},"end":{"line":19,"column":1}},"line":10},"1":{"name":"(anonymous_1)","decl":{"start":{"line":11,"column":27},"end":{"line":11,"column":28}},"loc":{"start":{"line":11,"column":35},"end":{"line":11,"column":57}},"line":11}},"branchMap":{"0":{"loc":{"start":{"line":14,"column":2},"end":{"line":16,"column":3}},"type":"if","locations":[{"start":{"line":14,"column":2},"end":{"line":16,"column":3}},{"start":{"line":14,"column":2},"end":{"line":16,"column":3}}],"line":14}},"s":{"0":6,"1":46,"2":6,"3":6,"4":2,"5":4},"f":{"0":6,"1":46},"b":{"0":[2,4]},"_coverageSchema":"332fd63041d2c1bcb487cc26dd0d5f7d97098a6c","hash":"b3ac9f671b97211f63c9ec73c651df657a7fef9b","contentHash":"9483d8c80ac5472920145d784d28f06b_11.7.1"}
,"C:\\repositories\\book-a-meal\\server\\src\\helpers\\notEmpty.js": {"path":"C:\\repositories\\book-a-meal\\server\\src\\helpers\\notEmpty.js","statementMap":{"0":{"start":{"line":8,"column":2},"end":{"line":10,"column":3}},"1":{"start":{"line":9,"column":4},"end":{"line":9,"column":25}},"2":{"start":{"line":12,"column":2},"end":{"line":12,"column":14}}},"fnMap":{"0":{"name":"notEmpty","decl":{"start":{"line":7,"column":9},"end":{"line":7,"column":17}},"loc":{"start":{"line":7,"column":30},"end":{"line":13,"column":1}},"line":7}},"branchMap":{"0":{"loc":{"start":{"line":8,"column":2},"end":{"line":10,"column":3}},"type":"if","locations":[{"start":{"line":8,"column":2},"end":{"line":10,"column":3}},{"start":{"line":8,"column":2},"end":{"line":10,"column":3}}],"line":8}},"s":{"0":79,"1":7,"2":72},"f":{"0":79},"b":{"0":[7,72]},"_coverageSchema":"332fd63041d2c1bcb487cc26dd0d5f7d97098a6c","hash":"63d5733fdce132d5d7c6363d731189303da8acfb","contentHash":"c46068250b1d911ec6324b494ef09082_11.7.1"}
,"C:\\repositories\\book-a-meal\\server\\src\\helpers\\stringToArray.js": {"path":"C:\\repositories\\book-a-meal\\server\\src\\helpers\\stringToArray.js","statementMap":{"0":{"start":{"line":7,"column":2},"end":{"line":21,"column":3}},"1":{"start":{"line":9,"column":24},"end":{"line":9,"column":26}},"2":{"start":{"line":11,"column":22},"end":{"line":11,"column":56}},"3":{"start":{"line":13,"column":4},"end":{"line":18,"column":5}},"4":{"start":{"line":14,"column":6},"end":{"line":14,"column":38}},"5":{"start":{"line":16,"column":6},"end":{"line":16,"column":34}},"6":{"start":{"line":17,"column":6},"end":{"line":17,"column":41}},"7":{"start":{"line":20,"column":4},"end":{"line":20,"column":20}},"8":{"start":{"line":23,"column":2},"end":{"line":23,"column":15}}},"fnMap":{"0":{"name":"stringToArray","decl":{"start":{"line":6,"column":9},"end":{"line":6,"column":22}},"loc":{"start":{"line":6,"column":30},"end":{"line":24,"column":1}},"line":6}},"branchMap":{"0":{"loc":{"start":{"line":7,"column":2},"end":{"line":21,"column":3}},"type":"if","locations":[{"start":{"line":7,"column":2},"end":{"line":21,"column":3}},{"start":{"line":7,"column":2},"end":{"line":21,"column":3}}],"line":7},"1":{"loc":{"start":{"line":13,"column":4},"end":{"line":18,"column":5}},"type":"if","locations":[{"start":{"line":13,"column":4},"end":{"line":18,"column":5}},{"start":{"line":13,"column":4},"end":{"line":18,"column":5}}],"line":13}},"s":{"0":9,"1":2,"2":2,"3":2,"4":1,"5":1,"6":1,"7":2,"8":7},"f":{"0":9},"b":{"0":[2,7],"1":[1,1]},"_coverageSchema":"332fd63041d2c1bcb487cc26dd0d5f7d97098a6c","hash":"a9627e54a1ae9eff9c78e502dac29727febceb58","contentHash":"6a70d0e62caad81f2506fab83ce22e24_11.7.1"}
,"C:\\repositories\\book-a-meal\\server\\src\\helpers\\trimValues.js": {"path":"C:\\repositories\\book-a-meal\\server\\src\\helpers\\trimValues.js","statementMap":{"0":{"start":{"line":7,"column":18},"end":{"line":7,"column":38}},"1":{"start":{"line":9,"column":2},"end":{"line":15,"column":9}},"2":{"start":{"line":10,"column":4},"end":{"line":12,"column":19}},"3":{"start":{"line":14,"column":4},"end":{"line":14,"column":15}}},"fnMap":{"0":{"name":"trimValues","decl":{"start":{"line":6,"column":9},"end":{"line":6,"column":19}},"loc":{"start":{"line":6,"column":29},"end":{"line":16,"column":1}},"line":6},"1":{"name":"(anonymous_1)","decl":{"start":{"line":9,"column":24},"end":{"line":9,"column":25}},"loc":{"start":{"line":9,"column":38},"end":{"line":15,"column":3}},"line":9}},"branchMap":{"0":{"loc":{"start":{"line":10,"column":15},"end":{"line":12,"column":18}},"type":"cond-expr","locations":[{"start":{"line":11,"column":6},"end":{"line":11,"column":25}},{"start":{"line":12,"column":6},"end":{"line":12,"column":18}}],"line":10}},"s":{"0":7,"1":7,"2":27,"3":27},"f":{"0":7,"1":27},"b":{"0":[21,6]},"_coverageSchema":"332fd63041d2c1bcb487cc26dd0d5f7d97098a6c","hash":"b69a31908aaf8e79b70224e5ca8ed3e1bb4a4fd0","contentHash":"644e99f38222e32a5a532f4b02d82546_11.7.1"}
,"C:\\repositories\\book-a-meal\\server\\src\\middlewares\\Authorization.js": {"path":"C:\\repositories\\book-a-meal\\server\\src\\middlewares\\Authorization.js","statementMap":{"0":{"start":{"line":3,"column":18},"end":{"line":3,"column":79}},"1":{"start":{"line":4,"column":19},"end":{"line":4,"column":88}},"2":{"start":{"line":16,"column":4},"end":{"line":16,"column":21}},"3":{"start":{"line":17,"column":4},"end":{"line":17,"column":47}},"4":{"start":{"line":31,"column":24},"end":{"line":31,"column":49}},"5":{"start":{"line":32,"column":18},"end":{"line":32,"column":67}},"6":{"start":{"line":35,"column":4},"end":{"line":39,"column":5}},"7":{"start":{"line":36,"column":6},"end":{"line":38,"column":9}},"8":{"start":{"line":41,"column":4},"end":{"line":43,"column":5}},"9":{"start":{"line":42,"column":6},"end":{"line":42,"column":67}},"10":{"start":{"line":45,"column":4},"end":{"line":45,"column":62}},"11":{"start":{"line":62,"column":4},"end":{"line":66,"column":5}},"12":{"start":{"line":63,"column":6},"end":{"line":65,"column":9}},"13":{"start":{"line":68,"column":4},"end":{"line":68,"column":18}},"14":{"start":{"line":82,"column":4},"end":{"line":86,"column":5}},"15":{"start":{"line":83,"column":6},"end":{"line":85,"column":9}},"16":{"start":{"line":88,"column":4},"end":{"line":88,"column":18}}},"fnMap":{"0":{"name":"(anonymous_0)","decl":{"start":{"line":15,"column":2},"end":{"line":15,"column":3}},"loc":{"start":{"line":15,"column":20},"end":{"line":18,"column":3}},"line":15},"1":{"name":"(anonymous_1)","decl":{"start":{"line":29,"column":2},"end":{"line":29,"column":3}},"loc":{"start":{"line":29,"column":28},"end":{"line":46,"column":3}},"line":29},"2":{"name":"(anonymous_2)","decl":{"start":{"line":58,"column":2},"end":{"line":58,"column":3}},"loc":{"start":{"line":58,"column":49},"end":{"line":69,"column":3}},"line":58},"3":{"name":"(anonymous_3)","decl":{"start":{"line":81,"column":2},"end":{"line":81,"column":3}},"loc":{"start":{"line":81,"column":46},"end":{"line":89,"column":3}},"line":81}},"branchMap":{"0":{"loc":{"start":{"line":32,"column":18},"end":{"line":32,"column":67}},"type":"binary-expr","locations":[{"start":{"line":32,"column":18},"end":{"line":32,"column":29}},{"start":{"line":32,"column":33},"end":{"line":32,"column":67}}],"line":32},"1":{"loc":{"start":{"line":35,"column":4},"end":{"line":39,"column":5}},"type":"if","locations":[{"start":{"line":35,"column":4},"end":{"line":39,"column":5}},{"start":{"line":35,"column":4},"end":{"line":39,"column":5}}],"line":35},"2":{"loc":{"start":{"line":35,"column":8},"end":{"line":35,"column":30}},"type":"binary-expr","locations":[{"start":{"line":35,"column":8},"end":{"line":35,"column":20}},{"start":{"line":35,"column":24},"end":{"line":35,"column":30}}],"line":35},"3":{"loc":{"start":{"line":41,"column":4},"end":{"line":43,"column":5}},"type":"if","locations":[{"start":{"line":41,"column":4},"end":{"line":43,"column":5}},{"start":{"line":41,"column":4},"end":{"line":43,"column":5}}],"line":41},"4":{"loc":{"start":{"line":62,"column":4},"end":{"line":66,"column":5}},"type":"if","locations":[{"start":{"line":62,"column":4},"end":{"line":66,"column":5}},{"start":{"line":62,"column":4},"end":{"line":66,"column":5}}],"line":62},"5":{"loc":{"start":{"line":82,"column":4},"end":{"line":86,"column":5}},"type":"if","locations":[{"start":{"line":82,"column":4},"end":{"line":86,"column":5}},{"start":{"line":82,"column":4},"end":{"line":86,"column":5}}],"line":82}},"s":{"0":1,"1":1,"2":5,"3":5,"4":52,"5":52,"6":52,"7":10,"8":42,"9":30,"10":12,"11":30,"12":7,"13":23,"14":12,"15":1,"16":11},"f":{"0":5,"1":52,"2":30,"3":12},"b":{"0":[52,42],"1":[10,42],"2":[52,42],"3":[30,12],"4":[7,23],"5":[1,11]},"_coverageSchema":"332fd63041d2c1bcb487cc26dd0d5f7d97098a6c","hash":"bcf27179c9d390f7643b8c195f50a4157e73deb2","contentHash":"6ef9b673b1961f1a2d09937eac353aeb_11.7.1"}
,"C:\\repositories\\book-a-meal\\server\\src\\middlewares\\ErrorHandler.js": {"path":"C:\\repositories\\book-a-meal\\server\\src\\middlewares\\ErrorHandler.js","statementMap":{"0":{"start":{"line":17,"column":4},"end":{"line":19,"column":5}},"1":{"start":{"line":18,"column":6},"end":{"line":18,"column":23}},"2":{"start":{"line":21,"column":4},"end":{"line":21,"column":63}}},"fnMap":{"0":{"name":"(anonymous_0)","decl":{"start":{"line":16,"column":2},"end":{"line":16,"column":3}},"loc":{"start":{"line":16,"column":40},"end":{"line":22,"column":3}},"line":16}},"branchMap":{"0":{"loc":{"start":{"line":17,"column":4},"end":{"line":19,"column":5}},"type":"if","locations":[{"start":{"line":17,"column":4},"end":{"line":19,"column":5}},{"start":{"line":17,"column":4},"end":{"line":19,"column":5}}],"line":17},"1":{"loc":{"start":{"line":21,"column":15},"end":{"line":21,"column":32}},"type":"binary-expr","locations":[{"start":{"line":21,"column":15},"end":{"line":21,"column":25}},{"start":{"line":21,"column":29},"end":{"line":21,"column":32}}],"line":21}},"s":{"0":5,"1":3,"2":2},"f":{"0":5},"b":{"0":[3,2],"1":[2,1]},"_coverageSchema":"332fd63041d2c1bcb487cc26dd0d5f7d97098a6c","hash":"2ff0b7e80fb30df215bf8a4df85df994fec07c63","contentHash":"b85018868da5d661b43c9785a27ea5be_11.7.1"}
,"C:\\repositories\\book-a-meal\\server\\src\\middlewares\\GetItems.js": {"path":"C:\\repositories\\book-a-meal\\server\\src\\middlewares\\GetItems.js","statementMap":{"0":{"start":{"line":20,"column":28},"end":{"line":20,"column":37}},"1":{"start":{"line":21,"column":23},"end":{"line":21,"column":63}},"2":{"start":{"line":23,"column":4},"end":{"line":25,"column":5}},"3":{"start":{"line":24,"column":6},"end":{"line":24,"column":50}},"4":{"start":{"line":27,"column":4},"end":{"line":27,"column":41}}},"fnMap":{"0":{"name":"(anonymous_0)","decl":{"start":{"line":19,"column":2},"end":{"line":19,"column":3}},"loc":{"start":{"line":19,"column":38},"end":{"line":28,"column":3}},"line":19}},"branchMap":{"0":{"loc":{"start":{"line":23,"column":4},"end":{"line":25,"column":5}},"type":"if","locations":[{"start":{"line":23,"column":4},"end":{"line":25,"column":5}},{"start":{"line":23,"column":4},"end":{"line":25,"column":5}}],"line":23}},"s":{"0":3,"1":3,"2":3,"3":1,"4":2},"f":{"0":3},"b":{"0":[1,2]},"_coverageSchema":"332fd63041d2c1bcb487cc26dd0d5f7d97098a6c","hash":"5a8b7a2dcc1d851af4ed2170fdf4563b3294f837","contentHash":"c57ed3189b422ea823085b6e10396d0e_11.7.1"}
,"C:\\repositories\\book-a-meal\\server\\src\\middlewares\\Pagination.js": {"path":"C:\\repositories\\book-a-meal\\server\\src\\middlewares\\Pagination.js","statementMap":{"0":{"start":{"line":15,"column":4},"end":{"line":15,"column":21}},"1":{"start":{"line":16,"column":4},"end":{"line":16,"column":23}},"2":{"start":{"line":17,"column":4},"end":{"line":17,"column":35}},"3":{"start":{"line":18,"column":4},"end":{"line":18,"column":37}},"4":{"start":{"line":19,"column":4},"end":{"line":19,"column":42}},"5":{"start":{"line":20,"column":4},"end":{"line":20,"column":62}},"6":{"start":{"line":21,"column":4},"end":{"line":21,"column":47}},"7":{"start":{"line":22,"column":4},"end":{"line":22,"column":59}},"8":{"start":{"line":23,"column":4},"end":{"line":23,"column":55}},"9":{"start":{"line":33,"column":18},"end":{"line":33,"column":20}},"10":{"start":{"line":35,"column":4},"end":{"line":37,"column":5}},"11":{"start":{"line":36,"column":6},"end":{"line":36,"column":20}},"12":{"start":{"line":39,"column":4},"end":{"line":39,"column":17}},"13":{"start":{"line":51,"column":4},"end":{"line":53,"column":5}},"14":{"start":{"line":52,"column":6},"end":{"line":52,"column":41}},"15":{"start":{"line":55,"column":4},"end":{"line":57,"column":5}},"16":{"start":{"line":56,"column":6},"end":{"line":56,"column":27}},"17":{"start":{"line":60,"column":19},"end":{"line":60,"column":54}},"18":{"start":{"line":62,"column":27},"end":{"line":62,"column":72}},"19":{"start":{"line":64,"column":4},"end":{"line":74,"column":6}},"20":{"start":{"line":85,"column":38},"end":{"line":85,"column":60}},"21":{"start":{"line":87,"column":4},"end":{"line":87,"column":72}}},"fnMap":{"0":{"name":"(anonymous_0)","decl":{"start":{"line":14,"column":2},"end":{"line":14,"column":3}},"loc":{"start":{"line":14,"column":48},"end":{"line":24,"column":3}},"line":14},"1":{"name":"(anonymous_1)","decl":{"start":{"line":32,"column":2},"end":{"line":32,"column":3}},"loc":{"start":{"line":32,"column":14},"end":{"line":40,"column":3}},"line":32},"2":{"name":"(anonymous_2)","decl":{"start":{"line":48,"column":2},"end":{"line":48,"column":3}},"loc":{"start":{"line":48,"column":20},"end":{"line":75,"column":3}},"line":48},"3":{"name":"(anonymous_3)","decl":{"start":{"line":84,"column":2},"end":{"line":84,"column":3}},"loc":{"start":{"line":84,"column":21},"end":{"line":88,"column":3}},"line":84}},"branchMap":{"0":{"loc":{"start":{"line":14,"column":27},"end":{"line":14,"column":36}},"type":"default-arg","locations":[{"start":{"line":14,"column":35},"end":{"line":14,"column":36}}],"line":14},"1":{"loc":{"start":{"line":14,"column":38},"end":{"line":14,"column":46}},"type":"default-arg","locations":[{"start":{"line":14,"column":45},"end":{"line":14,"column":46}}],"line":14},"2":{"loc":{"start":{"line":51,"column":4},"end":{"line":53,"column":5}},"type":"if","locations":[{"start":{"line":51,"column":4},"end":{"line":53,"column":5}},{"start":{"line":51,"column":4},"end":{"line":53,"column":5}}],"line":51},"3":{"loc":{"start":{"line":55,"column":4},"end":{"line":57,"column":5}},"type":"if","locations":[{"start":{"line":55,"column":4},"end":{"line":57,"column":5}},{"start":{"line":55,"column":4},"end":{"line":57,"column":5}}],"line":55}},"s":{"0":7,"1":7,"2":7,"3":7,"4":7,"5":7,"6":7,"7":7,"8":7,"9":8,"10":8,"11":16,"12":8,"13":7,"14":1,"15":7,"16":1,"17":7,"18":7,"19":7,"20":3,"21":3},"f":{"0":7,"1":8,"2":7,"3":3},"b":{"0":[2],"1":[2],"2":[1,6],"3":[1,6]},"_coverageSchema":"332fd63041d2c1bcb487cc26dd0d5f7d97098a6c","hash":"834bbd796f9b801b28469e7e2dfc15080f33e15c","contentHash":"b504b70ef85aef7f6dcf063389bf0c7e_11.7.1"}
,"C:\\repositories\\book-a-meal\\server\\src\\middlewares\\ValidationHandler.js": {"path":"C:\\repositories\\book-a-meal\\server\\src\\middlewares\\ValidationHandler.js","statementMap":{"0":{"start":{"line":20,"column":19},"end":{"line":20,"column":40}},"1":{"start":{"line":21,"column":17},"end":{"line":21,"column":33}},"2":{"start":{"line":23,"column":4},"end":{"line":25,"column":5}},"3":{"start":{"line":24,"column":6},"end":{"line":24,"column":63}},"4":{"start":{"line":27,"column":4},"end":{"line":27,"column":44}}},"fnMap":{"0":{"name":"(anonymous_0)","decl":{"start":{"line":19,"column":2},"end":{"line":19,"column":3}},"loc":{"start":{"line":19,"column":46},"end":{"line":28,"column":3}},"line":19}},"branchMap":{"0":{"loc":{"start":{"line":23,"column":4},"end":{"line":25,"column":5}},"type":"if","locations":[{"start":{"line":23,"column":4},"end":{"line":25,"column":5}},{"start":{"line":23,"column":4},"end":{"line":25,"column":5}}],"line":23}},"s":{"0":38,"1":38,"2":38,"3":15,"4":23},"f":{"0":38},"b":{"0":[15,23]},"_coverageSchema":"332fd63041d2c1bcb487cc26dd0d5f7d97098a6c","hash":"905575582592f30c0151cf2c510429e5bf97fa2e","contentHash":"573fd4519856ba78440ddc4823c55b89_11.7.1"}
,"C:\\repositories\\book-a-meal\\server\\src\\routes\\auth.js": {"path":"C:\\repositories\\book-a-meal\\server\\src\\routes\\auth.js","statementMap":{"0":{"start":{"line":6,"column":19},"end":{"line":6,"column":35}},"1":{"start":{"line":9,"column":0},"end":{"line":10,"column":66}},"2":{"start":{"line":10,"column":2},"end":{"line":10,"column":64}},"3":{"start":{"line":12,"column":0},"end":{"line":13,"column":63}},"4":{"start":{"line":13,"column":2},"end":{"line":13,"column":61}}},"fnMap":{"0":{"name":"(anonymous_0)","decl":{"start":{"line":9,"column":52},"end":{"line":9,"column":53}},"loc":{"start":{"line":10,"column":2},"end":{"line":10,"column":64}},"line":10},"1":{"name":"(anonymous_1)","decl":{"start":{"line":12,"column":49},"end":{"line":12,"column":50}},"loc":{"start":{"line":13,"column":2},"end":{"line":13,"column":61}},"line":13}},"branchMap":{},"s":{"0":1,"1":1,"2":4,"3":1,"4":3},"f":{"0":4,"1":3},"b":{},"_coverageSchema":"332fd63041d2c1bcb487cc26dd0d5f7d97098a6c","hash":"50f60be8ae6e1b86b1e5d7a30b3c9b45628c7ad5","contentHash":"d7def1a0af2096cf16467acac8c65ede_11.7.1"}
,"C:\\repositories\\book-a-meal\\server\\src\\routes\\index.js": {"path":"C:\\repositories\\book-a-meal\\server\\src\\routes\\index.js","statementMap":{"0":{"start":{"line":7,"column":18},"end":{"line":7,"column":34}},"1":{"start":{"line":9,"column":0},"end":{"line":14,"column":4}},"2":{"start":{"line":9,"column":33},"end":{"line":14,"column":2}},"3":{"start":{"line":16,"column":0},"end":{"line":22,"column":4}},"4":{"start":{"line":16,"column":35},"end":{"line":22,"column":2}},"5":{"start":{"line":24,"column":0},"end":{"line":24,"column":38}},"6":{"start":{"line":25,"column":0},"end":{"line":25,"column":40}},"7":{"start":{"line":26,"column":0},"end":{"line":26,"column":38}},"8":{"start":{"line":27,"column":0},"end":{"line":27,"column":42}}},"fnMap":{"0":{"name":"(anonymous_0)","decl":{"start":{"line":9,"column":19},"end":{"line":9,"column":20}},"loc":{"start":{"line":9,"column":33},"end":{"line":14,"column":2}},"line":9},"1":{"name":"(anonymous_1)","decl":{"start":{"line":16,"column":21},"end":{"line":16,"column":22}},"loc":{"start":{"line":16,"column":35},"end":{"line":22,"column":2}},"line":16}},"branchMap":{},"s":{"0":1,"1":1,"2":1,"3":1,"4":1,"5":1,"6":1,"7":1,"8":1},"f":{"0":1,"1":1},"b":{},"_coverageSchema":"332fd63041d2c1bcb487cc26dd0d5f7d97098a6c","hash":"fbdda01304f132e758275f7e06f2b29fce2c66b7","contentHash":"953dbc6e7b0df431af93c40513200230_11.7.1"}
,"C:\\repositories\\book-a-meal\\server\\src\\routes\\meals.js": {"path":"C:\\repositories\\book-a-meal\\server\\src\\routes\\meals.js","statementMap":{"0":{"start":{"line":8,"column":20},"end":{"line":8,"column":36}},"1":{"start":{"line":9,"column":24},"end":{"line":9,"column":50}},"2":{"start":{"line":10,"column":22},"end":{"line":10,"column":50}},"3":{"start":{"line":12,"column":0},"end":{"line":12,"column":92}},"4":{"start":{"line":12,"column":60},"end":{"line":12,"column":90}},"5":{"start":{"line":13,"column":0},"end":{"line":16,"column":2}},"6":{"start":{"line":15,"column":16},"end":{"line":15,"column":76}},"7":{"start":{"line":17,"column":0},"end":{"line":20,"column":2}},"8":{"start":{"line":19,"column":16},"end":{"line":19,"column":76}},"9":{"start":{"line":21,"column":0},"end":{"line":24,"column":2}},"10":{"start":{"line":23,"column":16},"end":{"line":23,"column":76}}},"fnMap":{"0":{"name":"(anonymous_0)","decl":{"start":{"line":12,"column":46},"end":{"line":12,"column":47}},"loc":{"start":{"line":12,"column":60},"end":{"line":12,"column":90}},"line":12},"1":{"name":"(anonymous_1)","decl":{"start":{"line":15,"column":2},"end":{"line":15,"column":3}},"loc":{"start":{"line":15,"column":16},"end":{"line":15,"column":76}},"line":15},"2":{"name":"(anonymous_2)","decl":{"start":{"line":19,"column":2},"end":{"line":19,"column":3}},"loc":{"start":{"line":19,"column":16},"end":{"line":19,"column":76}},"line":19},"3":{"name":"(anonymous_3)","decl":{"start":{"line":23,"column":2},"end":{"line":23,"column":3}},"loc":{"start":{"line":23,"column":16},"end":{"line":23,"column":76}},"line":23}},"branchMap":{},"s":{"0":1,"1":1,"2":1,"3":1,"4":1,"5":1,"6":2,"7":1,"8":4,"9":1,"10":3},"f":{"0":1,"1":2,"2":4,"3":3},"b":{},"_coverageSchema":"332fd63041d2c1bcb487cc26dd0d5f7d97098a6c","hash":"669e851709728224cb112a4d45bb227c4c623d2a","contentHash":"bcecb4083d901668b82a4549fd235009_11.7.1"}
,"C:\\repositories\\book-a-meal\\server\\src\\routes\\menu.js": {"path":"C:\\repositories\\book-a-meal\\server\\src\\routes\\menu.js","statementMap":{"0":{"start":{"line":8,"column":19},"end":{"line":8,"column":35}},"1":{"start":{"line":9,"column":23},"end":{"line":9,"column":47}},"2":{"start":{"line":10,"column":22},"end":{"line":10,"column":50}},"3":{"start":{"line":12,"column":0},"end":{"line":15,"column":2}},"4":{"start":{"line":14,"column":16},"end":{"line":14,"column":75}},"5":{"start":{"line":17,"column":0},"end":{"line":17,"column":74}},"6":{"start":{"line":17,"column":34},"end":{"line":17,"column":72}},"7":{"start":{"line":19,"column":0},"end":{"line":22,"column":2}},"8":{"start":{"line":21,"column":16},"end":{"line":21,"column":75}}},"fnMap":{"0":{"name":"(anonymous_0)","decl":{"start":{"line":14,"column":2},"end":{"line":14,"column":3}},"loc":{"start":{"line":14,"column":16},"end":{"line":14,"column":75}},"line":14},"1":{"name":"(anonymous_1)","decl":{"start":{"line":17,"column":20},"end":{"line":17,"column":21}},"loc":{"start":{"line":17,"column":34},"end":{"line":17,"column":72}},"line":17},"2":{"name":"(anonymous_2)","decl":{"start":{"line":21,"column":2},"end":{"line":21,"column":3}},"loc":{"start":{"line":21,"column":16},"end":{"line":21,"column":75}},"line":21}},"branchMap":{},"s":{"0":1,"1":1,"2":1,"3":1,"4":7,"5":1,"6":3,"7":1,"8":5},"f":{"0":7,"1":3,"2":5},"b":{},"_coverageSchema":"332fd63041d2c1bcb487cc26dd0d5f7d97098a6c","hash":"561c8e5f56ff7f26dff244093b8c6eebee4d043c","contentHash":"61d0aaec277500e7354eca1772dd1d37_11.7.1"}
,"C:\\repositories\\book-a-meal\\server\\src\\routes\\orders.js": {"path":"C:\\repositories\\book-a-meal\\server\\src\\routes\\orders.js","statementMap":{"0":{"start":{"line":8,"column":21},"end":{"line":8,"column":37}},"1":{"start":{"line":9,"column":25},"end":{"line":9,"column":54}},"2":{"start":{"line":10,"column":22},"end":{"line":10,"column":47}},"3":{"start":{"line":12,"column":0},"end":{"line":15,"column":2}},"4":{"start":{"line":14,"column":16},"end":{"line":14,"column":77}},"5":{"start":{"line":17,"column":0},"end":{"line":20,"column":2}},"6":{"start":{"line":19,"column":16},"end":{"line":19,"column":77}}},"fnMap":{"0":{"name":"(anonymous_0)","decl":{"start":{"line":14,"column":2},"end":{"line":14,"column":3}},"loc":{"start":{"line":14,"column":16},"end":{"line":14,"column":77}},"line":14},"1":{"name":"(anonymous_1)","decl":{"start":{"line":19,"column":2},"end":{"line":19,"column":3}},"loc":{"start":{"line":19,"column":16},"end":{"line":19,"column":77}},"line":19}},"branchMap":{},"s":{"0":1,"1":1,"2":1,"3":1,"4":4,"5":1,"6":6},"f":{"0":4,"1":6},"b":{},"_coverageSchema":"332fd63041d2c1bcb487cc26dd0d5f7d97098a6c","hash":"f961752eead4d63be51e402a2dd6af9ae6b36668","contentHash":"b3859f739f339c7816284fc55a456a90_11.7.1"}
,"C:\\repositories\\book-a-meal\\server\\src\\validations\\auth.js": {"path":"C:\\repositories\\book-a-meal\\server\\src\\validations\\auth.js","statementMap":{"0":{"start":{"line":10,"column":23},"end":{"line":10,"column":67}},"1":{"start":{"line":18,"column":23},"end":{"line":18,"column":66}},"2":{"start":{"line":28,"column":23},"end":{"line":28,"column":63}},"3":{"start":{"line":32,"column":26},"end":{"line":32,"column":68}},"4":{"start":{"line":32,"column":47},"end":{"line":32,"column":67}},"5":{"start":{"line":33,"column":8},"end":{"line":35,"column":9}},"6":{"start":{"line":34,"column":10},"end":{"line":34,"column":50}},"7":{"start":{"line":37,"column":8},"end":{"line":37,"column":20}},"8":{"start":{"line":41,"column":23},"end":{"line":41,"column":66}},"9":{"start":{"line":46,"column":23},"end":{"line":46,"column":80}},"10":{"start":{"line":47,"column":34},"end":{"line":47,"column":61}},"11":{"start":{"line":55,"column":23},"end":{"line":55,"column":63}},"12":{"start":{"line":60,"column":23},"end":{"line":60,"column":66}}},"fnMap":{"0":{"name":"(anonymous_0)","decl":{"start":{"line":10,"column":14},"end":{"line":10,"column":15}},"loc":{"start":{"line":10,"column":23},"end":{"line":10,"column":67}},"line":10},"1":{"name":"(anonymous_1)","decl":{"start":{"line":18,"column":14},"end":{"line":18,"column":15}},"loc":{"start":{"line":18,"column":23},"end":{"line":18,"column":66}},"line":18},"2":{"name":"(anonymous_2)","decl":{"start":{"line":28,"column":14},"end":{"line":28,"column":15}},"loc":{"start":{"line":28,"column":23},"end":{"line":28,"column":63}},"line":28},"3":{"name":"(anonymous_3)","decl":{"start":{"line":31,"column":14},"end":{"line":31,"column":15}},"loc":{"start":{"line":31,"column":25},"end":{"line":38,"column":7}},"line":31},"4":{"name":"(anonymous_4)","decl":{"start":{"line":32,"column":39},"end":{"line":32,"column":40}},"loc":{"start":{"line":32,"column":47},"end":{"line":32,"column":67}},"line":32},"5":{"name":"(anonymous_5)","decl":{"start":{"line":41,"column":14},"end":{"line":41,"column":15}},"loc":{"start":{"line":41,"column":23},"end":{"line":41,"column":66}},"line":41},"6":{"name":"(anonymous_6)","decl":{"start":{"line":46,"column":14},"end":{"line":46,"column":15}},"loc":{"start":{"line":46,"column":23},"end":{"line":46,"column":80}},"line":46},"7":{"name":"(anonymous_7)","decl":{"start":{"line":47,"column":14},"end":{"line":47,"column":15}},"loc":{"start":{"line":47,"column":34},"end":{"line":47,"column":61}},"line":47},"8":{"name":"(anonymous_8)","decl":{"start":{"line":55,"column":14},"end":{"line":55,"column":15}},"loc":{"start":{"line":55,"column":23},"end":{"line":55,"column":63}},"line":55},"9":{"name":"(anonymous_9)","decl":{"start":{"line":60,"column":14},"end":{"line":60,"column":15}},"loc":{"start":{"line":60,"column":23},"end":{"line":60,"column":66}},"line":60}},"branchMap":{"0":{"loc":{"start":{"line":33,"column":8},"end":{"line":35,"column":9}},"type":"if","locations":[{"start":{"line":33,"column":8},"end":{"line":35,"column":9}},{"start":{"line":33,"column":8},"end":{"line":35,"column":9}}],"line":33}},"s":{"0":4,"1":4,"2":4,"3":4,"4":12,"5":4,"6":1,"7":3,"8":4,"9":4,"10":4,"11":3,"12":3},"f":{"0":4,"1":4,"2":4,"3":4,"4":12,"5":4,"6":4,"7":4,"8":3,"9":3},"b":{"0":[1,3]},"_coverageSchema":"332fd63041d2c1bcb487cc26dd0d5f7d97098a6c","hash":"64fba2de89eb8dc3e436d25800e5b750aba3c43f","contentHash":"4a5143fb84a643c8a8c01990280727d5_11.7.1"}
,"C:\\repositories\\book-a-meal\\server\\src\\validations\\meals.js": {"path":"C:\\repositories\\book-a-meal\\server\\src\\validations\\meals.js","statementMap":{"0":{"start":{"line":10,"column":23},"end":{"line":10,"column":63}},"1":{"start":{"line":16,"column":26},"end":{"line":16,"column":96}},"2":{"start":{"line":16,"column":47},"end":{"line":16,"column":95}},"3":{"start":{"line":17,"column":8},"end":{"line":19,"column":9}},"4":{"start":{"line":18,"column":10},"end":{"line":18,"column":49}},"5":{"start":{"line":21,"column":8},"end":{"line":21,"column":20}},"6":{"start":{"line":33,"column":23},"end":{"line":33,"column":63}},"7":{"start":{"line":54,"column":23},"end":{"line":54,"column":63}},"8":{"start":{"line":69,"column":23},"end":{"line":69,"column":63}}},"fnMap":{"0":{"name":"(anonymous_0)","decl":{"start":{"line":10,"column":14},"end":{"line":10,"column":15}},"loc":{"start":{"line":10,"column":23},"end":{"line":10,"column":63}},"line":10},"1":{"name":"(anonymous_1)","decl":{"start":{"line":15,"column":14},"end":{"line":15,"column":15}},"loc":{"start":{"line":15,"column":25},"end":{"line":22,"column":7}},"line":15},"2":{"name":"(anonymous_2)","decl":{"start":{"line":16,"column":39},"end":{"line":16,"column":40}},"loc":{"start":{"line":16,"column":47},"end":{"line":16,"column":95}},"line":16},"3":{"name":"(anonymous_3)","decl":{"start":{"line":33,"column":14},"end":{"line":33,"column":15}},"loc":{"start":{"line":33,"column":23},"end":{"line":33,"column":63}},"line":33},"4":{"name":"(anonymous_4)","decl":{"start":{"line":54,"column":14},"end":{"line":54,"column":15}},"loc":{"start":{"line":54,"column":23},"end":{"line":54,"column":63}},"line":54},"5":{"name":"(anonymous_5)","decl":{"start":{"line":69,"column":14},"end":{"line":69,"column":15}},"loc":{"start":{"line":69,"column":23},"end":{"line":69,"column":63}},"line":69}},"branchMap":{"0":{"loc":{"start":{"line":17,"column":8},"end":{"line":19,"column":9}},"type":"if","locations":[{"start":{"line":17,"column":8},"end":{"line":19,"column":9}},{"start":{"line":17,"column":8},"end":{"line":19,"column":9}}],"line":17}},"s":{"0":2,"1":2,"2":20,"3":2,"4":1,"5":1,"6":2,"7":4,"8":4},"f":{"0":2,"1":2,"2":20,"3":2,"4":4,"5":4},"b":{"0":[1,1]},"_coverageSchema":"332fd63041d2c1bcb487cc26dd0d5f7d97098a6c","hash":"ce14b9cb18051d6438d4786d9971c53734465608","contentHash":"6d654b3c395f8b8545802256890d61a1_11.7.1"}
,"C:\\repositories\\book-a-meal\\server\\src\\validations\\menu.js": {"path":"C:\\repositories\\book-a-meal\\server\\src\\validations\\menu.js","statementMap":{"0":{"start":{"line":7,"column":18},"end":{"line":7,"column":66}},"1":{"start":{"line":14,"column":23},"end":{"line":14,"column":62}},"2":{"start":{"line":22,"column":23},"end":{"line":22,"column":63}},"3":{"start":{"line":23,"column":23},"end":{"line":23,"column":42}},"4":{"start":{"line":32,"column":23},"end":{"line":32,"column":63}},"5":{"start":{"line":33,"column":23},"end":{"line":33,"column":42}}},"fnMap":{"0":{"name":"(anonymous_0)","decl":{"start":{"line":14,"column":14},"end":{"line":14,"column":15}},"loc":{"start":{"line":14,"column":23},"end":{"line":14,"column":62}},"line":14},"1":{"name":"(anonymous_1)","decl":{"start":{"line":22,"column":14},"end":{"line":22,"column":15}},"loc":{"start":{"line":22,"column":23},"end":{"line":22,"column":63}},"line":22},"2":{"name":"(anonymous_2)","decl":{"start":{"line":23,"column":14},"end":{"line":23,"column":15}},"loc":{"start":{"line":23,"column":23},"end":{"line":23,"column":42}},"line":23},"3":{"name":"(anonymous_3)","decl":{"start":{"line":32,"column":14},"end":{"line":32,"column":15}},"loc":{"start":{"line":32,"column":23},"end":{"line":32,"column":63}},"line":32},"4":{"name":"(anonymous_4)","decl":{"start":{"line":33,"column":14},"end":{"line":33,"column":15}},"loc":{"start":{"line":33,"column":23},"end":{"line":33,"column":42}},"line":33}},"branchMap":{},"s":{"0":1,"1":7,"2":7,"3":7,"4":5,"5":5},"f":{"0":7,"1":7,"2":7,"3":5,"4":5},"b":{},"_coverageSchema":"332fd63041d2c1bcb487cc26dd0d5f7d97098a6c","hash":"d7a9b76e6176c20e53d20802ca1166f4a64a7bfc","contentHash":"d823dd656262fe6e8b7d3c5ac998f9c4_11.7.1"}
,"C:\\repositories\\book-a-meal\\server\\src\\validations\\orders.js": {"path":"C:\\repositories\\book-a-meal\\server\\src\\validations\\orders.js","statementMap":{"0":{"start":{"line":12,"column":23},"end":{"line":12,"column":74}},"1":{"start":{"line":20,"column":23},"end":{"line":20,"column":79}},"2":{"start":{"line":41,"column":23},"end":{"line":41,"column":74}},"3":{"start":{"line":49,"column":23},"end":{"line":49,"column":79}}},"fnMap":{"0":{"name":"(anonymous_0)","decl":{"start":{"line":12,"column":14},"end":{"line":12,"column":15}},"loc":{"start":{"line":12,"column":23},"end":{"line":12,"column":74}},"line":12},"1":{"name":"(anonymous_1)","decl":{"start":{"line":20,"column":14},"end":{"line":20,"column":15}},"loc":{"start":{"line":20,"column":23},"end":{"line":20,"column":79}},"line":20},"2":{"name":"(anonymous_2)","decl":{"start":{"line":41,"column":14},"end":{"line":41,"column":15}},"loc":{"start":{"line":41,"column":23},"end":{"line":41,"column":74}},"line":41},"3":{"name":"(anonymous_3)","decl":{"start":{"line":49,"column":14},"end":{"line":49,"column":15}},"loc":{"start":{"line":49,"column":23},"end":{"line":49,"column":79}},"line":49}},"branchMap":{},"s":{"0":4,"1":4,"2":6,"3":6},"f":{"0":4,"1":4,"2":6,"3":6},"b":{},"_coverageSchema":"332fd63041d2c1bcb487cc26dd0d5f7d97098a6c","hash":"11f17459e6b02a2c0e8dc9a614dce9edf6cb12ed","contentHash":"775f084bdbfb87602a651063a5aad3a3_11.7.1"}
}
