TN:
SF:C:\repositories\book-a-meal\server\src\app.js
FN:23,(anonymous_0)
FNF:1
FNH:1
FNDA:1,(anonymous_0)
DA:10,1
DA:13,1
DA:16,1
DA:17,1
DA:20,1
DA:23,1
DA:24,1
DA:29,1
DA:31,1
DA:33,1
LF:10
LH:10
BRDA:31,0,0,1
BRDA:31,0,1,1
BRF:2
BRH:2
end_of_record
TN:
SF:C:\repositories\book-a-meal\server\src\controllers\Controller.js
FN:16,(anonymous_0)
FN:33,(anonymous_1)
FN:46,(anonymous_2)
FN:64,(anonymous_3)
FN:66,(anonymous_4)
FN:93,(anonymous_5)
FN:95,(anonymous_6)
FNF:7
FNH:7
FNDA:2,(anonymous_0)
FNDA:1,(anonymous_1)
FNDA:1,(anonymous_2)
FNDA:2,(anonymous_3)
FNDA:21,(anonymous_4)
FNDA:2,(anonymous_5)
FNDA:20,(anonymous_6)
DA:17,2
DA:18,2
DA:19,2
DA:20,2
DA:21,2
DA:22,2
DA:34,1
DA:47,1
DA:49,1
DA:50,1
DA:52,1
DA:65,2
DA:66,21
DA:69,2
DA:70,1
DA:73,1
DA:76,1
DA:79,1
DA:81,1
DA:94,2
DA:95,20
DA:98,2
DA:99,1
DA:102,1
DA:104,1
LF:25
LH:25
BRDA:69,0,0,1
BRDA:69,0,1,1
BRDA:98,1,0,1
BRDA:98,1,1,1
BRF:4
BRH:4
end_of_record
TN:
SF:C:\repositories\book-a-meal\server\src\controllers\Meals.js
FNF:0
FNH:0
LF:0
LH:0
BRF:0
BRH:0
end_of_record
TN:
SF:C:\repositories\book-a-meal\server\src\controllers\Menu.js
FN:22,(anonymous_0)
FN:24,(anonymous_1)
FN:46,(anonymous_2)
FN:72,(anonymous_3)
FN:74,(anonymous_4)
FN:111,(anonymous_5)
FN:112,(anonymous_6)
FN:112,(anonymous_7)
FNF:8
FNH:8
FNDA:3,(anonymous_0)
FNDA:15,(anonymous_1)
FNDA:3,(anonymous_2)
FNDA:3,(anonymous_3)
FNDA:13,(anonymous_4)
FNDA:6,(anonymous_5)
FNDA:18,(anonymous_6)
FNDA:114,(anonymous_7)
DA:23,3
DA:24,15
DA:26,3
DA:27,1
DA:31,2
DA:32,2
DA:34,2
DA:48,3
DA:51,3
DA:53,3
DA:57,3
DA:58,3
DA:60,3
DA:73,3
DA:74,13
DA:77,3
DA:78,1
DA:81,2
DA:82,1
DA:85,1
DA:88,1
DA:91,1
DA:92,1
DA:95,1
DA:98,1
DA:99,1
DA:101,1
DA:112,114
LF:28
LH:28
BRDA:23,0,0,3
BRDA:23,0,1,1
BRDA:26,1,0,1
BRDA:26,1,1,2
BRDA:77,2,0,1
BRDA:77,2,1,2
BRDA:81,3,0,1
BRDA:81,3,1,1
BRF:8
BRH:8
end_of_record
TN:
SF:C:\repositories\book-a-meal\server\src\controllers\Users.js
FN:21,(anonymous_0)
FN:50,(anonymous_1)
FN:52,(anonymous_2)
FNF:3
FNH:3
FNDA:1,(anonymous_0)
FNDA:2,(anonymous_1)
FNDA:5,(anonymous_2)
DA:5,1
DA:23,1
DA:24,1
DA:25,1
DA:26,1
DA:27,1
DA:28,1
DA:29,1
DA:31,1
DA:33,1
DA:35,1
DA:51,2
DA:52,5
DA:54,2
DA:55,1
DA:60,1
DA:61,1
DA:63,1
LF:18
LH:18
BRDA:52,0,0,5
BRDA:52,0,1,2
BRDA:54,1,0,1
BRDA:54,1,1,1
BRF:4
BRH:4
end_of_record
TN:
SF:C:\repositories\book-a-meal\server\src\dummyData\meals.js
FNF:0
FNH:0
DA:1,1
LF:1
LH:1
BRF:0
BRH:0
end_of_record
TN:
SF:C:\repositories\book-a-meal\server\src\dummyData\menu.js
FNF:0
FNH:0
DA:1,1
LF:1
LH:1
BRF:0
BRH:0
end_of_record
TN:
SF:C:\repositories\book-a-meal\server\src\dummyData\users.js
FNF:0
FNH:0
DA:1,1
LF:1
LH:1
BRF:0
BRH:0
end_of_record
TN:
SF:C:\repositories\book-a-meal\server\src\helpers\PasswordHash.js
FN:14,(anonymous_0)
FN:15,(anonymous_1)
FN:52,(anonymous_2)
FN:53,(anonymous_3)
FNF:4
FNH:4
FNDA:4,(anonymous_0)
FNDA:4,(anonymous_1)
FNDA:4,(anonymous_2)
FNDA:4,(anonymous_3)
DA:15,4
DA:22,4
DA:24,4
DA:25,1
DA:28,4
DA:29,4
DA:30,3
DA:35,3
DA:36,3
DA:37,3
DA:38,3
DA:40,3
DA:42,3
DA:53,4
DA:54,4
DA:55,1
DA:59,4
DA:60,1
DA:66,4
DA:68,4
DA:71,3
DA:72,3
DA:73,3
DA:74,3
DA:75,3
DA:78,3
DA:80,2
LF:27
LH:27
BRDA:24,0,0,1
BRDA:24,0,1,3
BRDA:54,1,0,1
BRDA:54,1,1,3
BRDA:59,2,0,1
BRDA:59,2,1,3
BRF:6
BRH:6
end_of_record
TN:
SF:C:\repositories\book-a-meal\server\src\helpers\checkMealsId.js
FN:9,checkMealsId
FNF:1
FNH:1
FNDA:17,checkMealsId
DA:10,17
DA:11,13
DA:12,1
DA:15,12
DA:20,4
DA:21,4
DA:23,4
DA:24,2
DA:27,2
LF:9
LH:9
BRDA:10,0,0,13
BRDA:10,0,1,4
BRDA:11,1,0,1
BRDA:11,1,1,12
BRDA:21,2,0,2
BRDA:21,2,1,2
BRDA:23,3,0,2
BRDA:23,3,1,2
BRF:8
BRH:8
end_of_record
TN:
SF:C:\repositories\book-a-meal\server\src\helpers\isArrayOfUUID.js
FN:8,isArrayOfUUID
FN:11,(anonymous_1)
FNF:2
FNH:2
FNDA:16,isArrayOfUUID
FNDA:45,(anonymous_1)
DA:9,16
DA:11,16
DA:13,45
DA:14,12
DA:18,16
LF:5
LH:5
BRDA:13,0,0,12
BRDA:13,0,1,33
BRF:2
BRH:2
end_of_record
TN:
SF:C:\repositories\book-a-meal\server\src\helpers\notEmpty.js
FN:7,notEmpty
FNF:1
FNH:1
FNDA:55,notEmpty
DA:8,55
DA:9,5
DA:12,50
LF:3
LH:3
BRDA:8,0,0,5
BRDA:8,0,1,50
BRF:2
BRH:2
end_of_record
TN:
SF:C:\repositories\book-a-meal\server\src\helpers\stringToArray.js
FN:6,stringToArray
FNF:1
FNH:1
FNDA:7,stringToArray
DA:7,7
DA:9,2
DA:11,2
DA:13,2
DA:14,1
DA:16,1
DA:17,1
DA:20,2
DA:23,5
LF:9
LH:9
BRDA:7,0,0,2
BRDA:7,0,1,5
BRDA:13,1,0,1
BRDA:13,1,1,1
BRF:4
BRH:4
end_of_record
TN:
SF:C:\repositories\book-a-meal\server\src\helpers\trimValues.js
FN:6,trimValues
FN:9,(anonymous_1)
FNF:2
FNH:2
FNDA:3,trimValues
FNDA:11,(anonymous_1)
DA:7,3
DA:9,3
DA:10,11
DA:14,11
LF:4
LH:4
BRDA:10,0,0,8
BRDA:10,0,1,3
BRF:2
BRH:2
end_of_record
TN:
SF:C:\repositories\book-a-meal\server\src\middlewares\Authorization.js
FN:19,(anonymous_0)
FNF:1
FNH:1
FNDA:35,(anonymous_0)
DA:3,1
DA:21,35
DA:22,35
DA:25,35
DA:26,7
DA:34,28
DA:35,7
DA:40,21
LF:8
LH:8
BRDA:22,0,0,35
BRDA:22,0,1,28
BRDA:25,1,0,7
BRDA:25,1,1,28
BRDA:25,2,0,35
BRDA:25,2,1,28
BRDA:34,3,0,7
BRDA:34,3,1,21
BRF:8
BRH:8
end_of_record
TN:
SF:C:\repositories\book-a-meal\server\src\middlewares\ErrorHandler.js
FN:16,(anonymous_0)
FNF:1
FNH:1
FNDA:3,(anonymous_0)
DA:17,3
DA:18,1
DA:21,2
LF:3
LH:3
BRDA:17,0,0,1
BRDA:17,0,1,2
BRDA:21,1,0,2
BRDA:21,1,1,1
BRF:4
BRH:4
end_of_record
TN:
SF:C:\repositories\book-a-meal\server\src\middlewares\GetItems.js
FN:19,(anonymous_0)
FNF:1
FNH:1
FNDA:3,(anonymous_0)
DA:20,3
DA:21,3
DA:23,3
DA:24,1
DA:27,2
LF:5
LH:5
BRDA:23,0,0,1
BRDA:23,0,1,2
BRF:2
BRH:2
end_of_record
TN:
SF:C:\repositories\book-a-meal\server\src\middlewares\Pagination.js
FN:14,(anonymous_0)
FN:32,(anonymous_1)
FN:48,(anonymous_2)
FN:84,(anonymous_3)
FNF:4
FNH:4
FNDA:7,(anonymous_0)
FNDA:8,(anonymous_1)
FNDA:7,(anonymous_2)
FNDA:3,(anonymous_3)
DA:15,7
DA:16,7
DA:17,7
DA:18,7
DA:19,7
DA:20,7
DA:21,7
DA:22,7
DA:23,7
DA:33,8
DA:35,8
DA:36,16
DA:39,8
DA:51,7
DA:52,1
DA:55,7
DA:56,1
DA:60,7
DA:62,7
DA:64,7
DA:85,3
DA:87,3
LF:22
LH:22
BRDA:14,0,0,2
BRDA:14,1,0,2
BRDA:51,2,0,1
BRDA:51,2,1,6
BRDA:55,3,0,1
BRDA:55,3,1,6
BRF:6
BRH:6
end_of_record
TN:
SF:C:\repositories\book-a-meal\server\src\middlewares\ValidationHandler.js
FN:19,(anonymous_0)
FNF:1
FNH:1
FNDA:26,(anonymous_0)
DA:20,26
DA:21,26
DA:23,26
DA:24,12
DA:27,14
LF:5
LH:5
BRDA:23,0,0,12
BRDA:23,0,1,14
BRF:2
BRH:2
end_of_record
TN:
SF:C:\repositories\book-a-meal\server\src\routes\auth.js
FN:9,(anonymous_0)
FN:12,(anonymous_1)
FNF:2
FNH:2
FNDA:4,(anonymous_0)
FNDA:3,(anonymous_1)
DA:6,1
DA:9,1
DA:10,4
DA:12,1
DA:13,3
LF:5
LH:5
BRF:0
BRH:0
end_of_record
TN:
SF:C:\repositories\book-a-meal\server\src\routes\index.js
FN:8,(anonymous_0)
FN:15,(anonymous_1)
FNF:2
FNH:2
FNDA:1,(anonymous_0)
FNDA:1,(anonymous_1)
DA:6,1
DA:8,1
DA:15,1
DA:23,1
DA:24,1
DA:25,1
LF:6
LH:6
BRF:0
BRH:0
end_of_record
TN:
SF:C:\repositories\book-a-meal\server\src\routes\meals.js
FN:11,(anonymous_0)
FN:14,(anonymous_1)
FN:18,(anonymous_2)
FN:22,(anonymous_3)
FNF:4
FNH:4
FNDA:1,(anonymous_0)
FNDA:2,(anonymous_1)
FNDA:4,(anonymous_2)
FNDA:3,(anonymous_3)
DA:8,1
DA:9,1
DA:11,1
DA:12,1
DA:14,2
DA:16,1
DA:18,4
DA:20,1
DA:22,3
LF:9
LH:9
BRF:0
BRH:0
end_of_record
TN:
SF:C:\repositories\book-a-meal\server\src\routes\menu.js
FN:13,(anonymous_0)
FN:16,(anonymous_1)
FN:20,(anonymous_2)
FNF:3
FNH:3
FNDA:5,(anonymous_0)
FNDA:3,(anonymous_1)
FNDA:5,(anonymous_2)
DA:8,1
DA:9,1
DA:11,1
DA:13,5
DA:16,3
DA:18,1
DA:20,5
LF:7
LH:7
BRF:0
BRH:0
end_of_record
TN:
SF:C:\repositories\book-a-meal\server\src\validations\auth.js
FN:10,(anonymous_0)
FN:18,(anonymous_1)
FN:28,(anonymous_2)
FN:31,(anonymous_3)
FN:32,(anonymous_4)
FN:41,(anonymous_5)
FN:46,(anonymous_6)
FN:47,(anonymous_7)
FN:55,(anonymous_8)
FN:60,(anonymous_9)
FNF:10
FNH:10
FNDA:4,(anonymous_0)
FNDA:4,(anonymous_1)
FNDA:4,(anonymous_2)
FNDA:4,(anonymous_3)
FNDA:12,(anonymous_4)
FNDA:4,(anonymous_5)
FNDA:4,(anonymous_6)
FNDA:4,(anonymous_7)
FNDA:3,(anonymous_8)
FNDA:3,(anonymous_9)
DA:10,4
DA:18,4
DA:28,4
DA:32,12
DA:33,4
DA:34,1
DA:37,3
DA:41,4
DA:46,4
DA:47,4
DA:55,3
DA:60,3
LF:12
LH:12
BRDA:33,0,0,1
BRDA:33,0,1,3
BRF:2
BRH:2
end_of_record
TN:
SF:C:\repositories\book-a-meal\server\src\validations\meals.js
FN:10,(anonymous_0)
FN:15,(anonymous_1)
FN:16,(anonymous_2)
FN:33,(anonymous_3)
FN:54,(anonymous_4)
FN:69,(anonymous_5)
FNF:6
FNH:6
FNDA:2,(anonymous_0)
FNDA:2,(anonymous_1)
FNDA:20,(anonymous_2)
FNDA:2,(anonymous_3)
FNDA:4,(anonymous_4)
FNDA:4,(anonymous_5)
DA:10,2
DA:16,20
DA:17,2
DA:18,1
DA:21,1
DA:33,2
DA:54,4
DA:69,4
LF:8
LH:8
BRDA:17,0,0,1
BRDA:17,0,1,1
BRF:2
BRH:2
end_of_record
TN:
SF:C:\repositories\book-a-meal\server\src\validations\menu.js
FN:14,(anonymous_0)
FN:22,(anonymous_1)
FN:23,(anonymous_2)
FN:32,(anonymous_3)
FN:33,(anonymous_4)
FNF:5
FNH:5
FNDA:5,(anonymous_0)
FNDA:5,(anonymous_1)
FNDA:5,(anonymous_2)
FNDA:5,(anonymous_3)
FNDA:5,(anonymous_4)
DA:7,1
DA:14,5
DA:22,5
DA:23,5
DA:32,5
DA:33,5
LF:6
LH:6
BRF:0
BRH:0
end_of_record
