TN:
SF:C:\repositories\book-a-meal\server\src\app.js
FN:23,(anonymous_0)
FNF:1
FNH:1
FNDA:1,(anonymous_0)
DA:10,1
DA:13,1
DA:16,1
DA:17,1
DA:20,1
DA:23,1
DA:24,1
DA:29,1
DA:31,1
DA:33,1
LF:10
LH:10
BRDA:31,0,0,1
BRDA:31,0,1,1
BRF:2
BRH:2
end_of_record
TN:
SF:C:\repositories\book-a-meal\server\src\controllers\Controller.js
FN:17,(anonymous_0)
FN:34,(anonymous_1)
FN:47,(anonymous_2)
FN:68,(anonymous_3)
FN:70,(anonymous_4)
FN:100,(anonymous_5)
FN:102,(anonymous_6)
FNF:7
FNH:7
FNDA:3,(anonymous_0)
FNDA:2,(anonymous_1)
FNDA:1,(anonymous_2)
FNDA:2,(anonymous_3)
FNDA:21,(anonymous_4)
FNDA:2,(anonymous_5)
FNDA:20,(anonymous_6)
DA:18,3
DA:19,3
DA:20,3
DA:21,3
DA:22,3
DA:23,3
DA:35,2
DA:48,1
DA:50,1
DA:51,1
DA:52,1
DA:54,1
DA:56,1
DA:69,2
DA:70,21
DA:73,2
DA:74,1
DA:77,1
DA:80,1
DA:82,1
DA:83,1
DA:86,1
DA:88,1
DA:101,2
DA:102,20
DA:105,2
DA:106,1
DA:109,1
DA:111,1
LF:29
LH:29
BRDA:73,0,0,1
BRDA:73,0,1,1
BRDA:105,1,0,1
BRDA:105,1,1,1
BRF:4
BRH:4
end_of_record
TN:
SF:C:\repositories\book-a-meal\server\src\controllers\Meals.js
FNF:0
FNH:0
LF:0
LH:0
BRF:0
BRH:0
end_of_record
TN:
SF:C:\repositories\book-a-meal\server\src\controllers\Menu.js
FN:22,(anonymous_0)
FN:24,(anonymous_1)
FN:46,(anonymous_2)
FN:75,(anonymous_3)
FN:77,(anonymous_4)
FN:115,(anonymous_5)
FN:116,(anonymous_6)
FN:116,(anonymous_7)
FNF:8
FNH:8
FNDA:3,(anonymous_0)
FNDA:14,(anonymous_1)
FNDA:6,(anonymous_2)
FNDA:3,(anonymous_3)
FNDA:13,(anonymous_4)
FNDA:17,(anonymous_5)
FNDA:53,(anonymous_6)
FNDA:384,(anonymous_7)
DA:23,3
DA:24,14
DA:26,3
DA:27,1
DA:31,2
DA:32,2
DA:34,2
DA:48,6
DA:51,6
DA:54,6
DA:55,6
DA:57,6
DA:60,6
DA:61,6
DA:63,6
DA:76,3
DA:77,13
DA:80,3
DA:81,1
DA:84,2
DA:85,1
DA:88,1
DA:91,1
DA:94,1
DA:95,1
DA:96,1
DA:99,1
DA:102,1
DA:103,1
DA:105,1
DA:116,384
LF:31
LH:31
BRDA:23,0,0,3
BRDA:23,0,1,1
BRDA:26,1,0,1
BRDA:26,1,1,2
BRDA:80,2,0,1
BRDA:80,2,1,2
BRDA:84,3,0,1
BRDA:84,3,1,1
BRF:8
BRH:8
end_of_record
TN:
SF:C:\repositories\book-a-meal\server\src\controllers\Orders.js
FN:26,(anonymous_0)
FN:60,(anonymous_1)
FN:61,(anonymous_2)
FN:98,(anonymous_3)
FN:100,(anonymous_4)
FN:124,(anonymous_5)
FN:128,(anonymous_6)
FNF:7
FNH:7
FNDA:5,(anonymous_0)
FNDA:4,(anonymous_1)
FNDA:26,(anonymous_2)
FNDA:3,(anonymous_3)
FNDA:22,(anonymous_4)
FNDA:8,(anonymous_5)
FNDA:67,(anonymous_6)
DA:27,5
DA:28,1
DA:31,5
DA:33,5
DA:36,5
DA:39,5
DA:40,5
DA:43,5
DA:46,5
DA:48,5
DA:61,26
DA:64,4
DA:65,1
DA:68,3
DA:69,1
DA:73,3
DA:75,3
DA:77,3
DA:79,3
DA:81,3
DA:84,3
DA:86,3
DA:99,3
DA:100,22
DA:103,3
DA:104,1
DA:108,2
DA:110,2
DA:112,2
DA:125,8
DA:128,67
DA:129,8
DA:131,8
DA:133,8
LF:34
LH:34
BRDA:27,0,0,1
BRDA:27,0,1,4
BRDA:43,1,0,5
BRDA:43,1,1,1
BRDA:64,2,0,1
BRDA:64,2,1,3
BRDA:68,3,0,1
BRDA:68,3,1,2
BRDA:103,4,0,1
BRDA:103,4,1,2
BRF:10
BRH:10
end_of_record
TN:
SF:C:\repositories\book-a-meal\server\src\controllers\Users.js
FN:22,(anonymous_0)
FN:53,(anonymous_1)
FN:55,(anonymous_2)
FNF:3
FNH:3
FNDA:1,(anonymous_0)
FNDA:2,(anonymous_1)
FNDA:5,(anonymous_2)
DA:6,1
DA:24,1
DA:25,1
DA:26,1
DA:27,1
DA:28,1
DA:29,1
DA:30,1
DA:31,1
DA:32,1
DA:34,1
DA:36,1
DA:38,1
DA:54,2
DA:55,5
DA:57,2
DA:58,1
DA:63,1
DA:65,1
DA:67,1
DA:68,1
DA:70,1
LF:22
LH:22
BRDA:55,0,0,5
BRDA:55,0,1,2
BRDA:57,1,0,1
BRDA:57,1,1,1
BRF:4
BRH:4
end_of_record
TN:
SF:C:\repositories\book-a-meal\server\src\dummyData\meals.js
FNF:0
FNH:0
DA:1,1
LF:1
LH:1
BRF:0
BRH:0
end_of_record
TN:
SF:C:\repositories\book-a-meal\server\src\dummyData\menu.js
FNF:0
FNH:0
DA:1,1
LF:1
LH:1
BRF:0
BRH:0
end_of_record
TN:
SF:C:\repositories\book-a-meal\server\src\dummyData\orders.js
FNF:0
FNH:0
DA:1,1
LF:1
LH:1
BRF:0
BRH:0
end_of_record
TN:
SF:C:\repositories\book-a-meal\server\src\dummyData\users.js
FNF:0
FNH:0
DA:1,1
LF:1
LH:1
BRF:0
BRH:0
end_of_record
TN:
SF:C:\repositories\book-a-meal\server\src\helpers\PasswordHash.js
FN:14,(anonymous_0)
FN:15,(anonymous_1)
FN:52,(anonymous_2)
FN:53,(anonymous_3)
FNF:4
FNH:4
FNDA:4,(anonymous_0)
FNDA:4,(anonymous_1)
FNDA:4,(anonymous_2)
FNDA:4,(anonymous_3)
DA:15,4
DA:22,4
DA:24,4
DA:25,1
DA:28,4
DA:29,4
DA:30,3
DA:35,3
DA:36,3
DA:37,3
DA:38,3
DA:40,3
DA:42,3
DA:53,4
DA:54,4
DA:55,1
DA:59,4
DA:60,1
DA:66,4
DA:68,4
DA:71,3
DA:72,3
DA:73,3
DA:74,3
DA:75,3
DA:78,3
DA:80,2
LF:27
LH:27
BRDA:24,0,0,1
BRDA:24,0,1,3
BRDA:54,1,0,1
BRDA:54,1,1,3
BRDA:59,2,0,1
BRDA:59,2,1,3
BRF:6
BRH:6
end_of_record
TN:
SF:C:\repositories\book-a-meal\server\src\helpers\checkMealsId.js
FN:9,checkMealsId
FNF:1
FNH:1
FNDA:20,checkMealsId
DA:10,20
DA:11,16
DA:12,1
DA:15,15
DA:20,4
DA:21,4
DA:23,4
DA:24,2
DA:27,2
LF:9
LH:9
BRDA:10,0,0,16
BRDA:10,0,1,4
BRDA:11,1,0,1
BRDA:11,1,1,15
BRDA:21,2,0,2
BRDA:21,2,1,2
BRDA:23,3,0,2
BRDA:23,3,1,2
BRF:8
BRH:8
end_of_record
TN:
SF:C:\repositories\book-a-meal\server\src\helpers\isArrayOfUUID.js
FN:8,isArrayOfUUID
FN:11,(anonymous_1)
FNF:2
FNH:2
FNDA:19,isArrayOfUUID
FNDA:54,(anonymous_1)
DA:9,19
DA:11,19
DA:13,54
DA:14,12
DA:18,19
LF:5
LH:5
BRDA:13,0,0,12
BRDA:13,0,1,42
BRF:2
BRH:2
end_of_record
TN:
SF:C:\repositories\book-a-meal\server\src\helpers\isMenuAvailable.js
FN:10,isMenuAvailable
FN:11,(anonymous_1)
FNF:2
FNH:2
FNDA:8,isMenuAvailable
FNDA:67,(anonymous_1)
DA:11,67
DA:12,8
DA:14,8
DA:15,2
DA:18,6
LF:5
LH:5
BRDA:14,0,0,2
BRDA:14,0,1,6
BRF:2
BRH:2
end_of_record
TN:
SF:C:\repositories\book-a-meal\server\src\helpers\notEmpty.js
FN:7,notEmpty
FNF:1
FNH:1
FNDA:85,notEmpty
DA:8,85
DA:9,7
DA:12,78
LF:3
LH:3
BRDA:8,0,0,7
BRDA:8,0,1,78
BRF:2
BRH:2
end_of_record
TN:
SF:C:\repositories\book-a-meal\server\src\helpers\orderIsExpired.js
FN:10,orderIsExpired
FN:13,(anonymous_1)
FNF:2
FNH:2
FNDA:5,orderIsExpired
FNDA:39,(anonymous_1)
DA:13,39
DA:14,5
DA:17,5
DA:18,2
LF:4
LH:4
BRDA:17,0,0,2
BRDA:17,0,1,3
BRF:2
BRH:2
end_of_record
TN:
SF:C:\repositories\book-a-meal\server\src\helpers\stringToArray.js
FN:6,stringToArray
FNF:1
FNH:1
FNDA:10,stringToArray
DA:7,10
DA:9,2
DA:11,2
DA:13,2
DA:14,1
DA:16,1
DA:17,1
DA:20,2
DA:23,8
LF:9
LH:9
BRDA:7,0,0,2
BRDA:7,0,1,8
BRDA:13,1,0,1
BRDA:13,1,1,1
BRF:4
BRH:4
end_of_record
TN:
SF:C:\repositories\book-a-meal\server\src\helpers\trimValues.js
FN:6,trimValues
FN:9,(anonymous_1)
FNF:2
FNH:2
FNDA:11,trimValues
FNDA:45,(anonymous_1)
DA:7,11
DA:9,11
DA:10,45
DA:14,45
LF:4
LH:4
BRDA:10,0,0,35
BRDA:10,0,1,10
BRF:2
BRH:2
end_of_record
TN:
SF:C:\repositories\book-a-meal\server\src\middlewares\Authorization.js
FN:15,(anonymous_0)
FN:29,(anonymous_1)
FN:58,(anonymous_2)
FN:81,(anonymous_3)
FNF:4
FNH:4
FNDA:6,(anonymous_0)
FNDA:63,(anonymous_1)
FNDA:33,(anonymous_2)
FNDA:18,(anonymous_3)
DA:3,1
DA:4,1
DA:16,6
DA:17,6
DA:31,63
DA:32,63
DA:35,63
DA:36,12
DA:41,51
DA:42,33
DA:45,18
DA:62,33
DA:63,8
DA:68,25
DA:82,18
DA:83,1
DA:88,17
LF:17
LH:17
BRDA:32,0,0,63
BRDA:32,0,1,51
BRDA:35,1,0,12
BRDA:35,1,1,51
BRDA:35,2,0,63
BRDA:35,2,1,51
BRDA:41,3,0,33
BRDA:41,3,1,18
BRDA:62,4,0,8
BRDA:62,4,1,25
BRDA:82,5,0,1
BRDA:82,5,1,17
BRF:12
BRH:12
end_of_record
TN:
SF:C:\repositories\book-a-meal\server\src\middlewares\ErrorHandler.js
FN:16,(anonymous_0)
FNF:1
FNH:1
FNDA:7,(anonymous_0)
DA:17,7
DA:18,5
DA:21,2
LF:3
LH:3
BRDA:17,0,0,5
BRDA:17,0,1,2
BRDA:21,1,0,2
BRDA:21,1,1,1
BRF:4
BRH:4
end_of_record
TN:
SF:C:\repositories\book-a-meal\server\src\middlewares\GetItems.js
FN:19,(anonymous_0)
FNF:1
FNH:1
FNDA:4,(anonymous_0)
DA:20,4
DA:21,4
DA:23,4
DA:24,1
DA:27,3
LF:5
LH:5
BRDA:23,0,0,1
BRDA:23,0,1,3
BRF:2
BRH:2
end_of_record
TN:
SF:C:\repositories\book-a-meal\server\src\middlewares\Pagination.js
FN:14,(anonymous_0)
FN:32,(anonymous_1)
FN:48,(anonymous_2)
FN:84,(anonymous_3)
FNF:4
FNH:4
FNDA:8,(anonymous_0)
FNDA:9,(anonymous_1)
FNDA:8,(anonymous_2)
FNDA:4,(anonymous_3)
DA:15,8
DA:16,8
DA:17,8
DA:18,8
DA:19,8
DA:20,8
DA:21,8
DA:22,8
DA:23,8
DA:33,9
DA:35,9
DA:36,17
DA:39,9
DA:51,8
DA:52,1
DA:55,8
DA:56,1
DA:60,8
DA:62,8
DA:64,8
DA:85,4
DA:87,4
LF:22
LH:22
BRDA:14,0,0,3
BRDA:14,1,0,3
BRDA:51,2,0,1
BRDA:51,2,1,7
BRDA:55,3,0,1
BRDA:55,3,1,7
BRF:6
BRH:6
end_of_record
TN:
SF:C:\repositories\book-a-meal\server\src\middlewares\ValidationHandler.js
FN:19,(anonymous_0)
FNF:1
FNH:1
FNDA:45,(anonymous_0)
DA:20,45
DA:21,45
DA:23,45
DA:24,16
DA:27,29
LF:5
LH:5
BRDA:23,0,0,16
BRDA:23,0,1,29
BRF:2
BRH:2
end_of_record
TN:
SF:C:\repositories\book-a-meal\server\src\routes\auth.js
FN:9,(anonymous_0)
FN:12,(anonymous_1)
FNF:2
FNH:2
FNDA:4,(anonymous_0)
FNDA:3,(anonymous_1)
DA:6,1
DA:9,1
DA:10,4
DA:12,1
DA:13,3
LF:5
LH:5
BRF:0
BRH:0
end_of_record
TN:
SF:C:\repositories\book-a-meal\server\src\routes\index.js
FN:9,(anonymous_0)
FN:16,(anonymous_1)
FNF:2
FNH:2
FNDA:1,(anonymous_0)
FNDA:1,(anonymous_1)
DA:7,1
DA:9,1
DA:16,1
DA:24,1
DA:25,1
DA:26,1
DA:27,1
LF:7
LH:7
BRF:0
BRH:0
end_of_record
TN:
SF:C:\repositories\book-a-meal\server\src\routes\meals.js
FN:12,(anonymous_0)
FN:15,(anonymous_1)
FN:19,(anonymous_2)
FN:23,(anonymous_3)
FNF:4
FNH:4
FNDA:1,(anonymous_0)
FNDA:2,(anonymous_1)
FNDA:4,(anonymous_2)
FNDA:3,(anonymous_3)
DA:8,1
DA:9,1
DA:10,1
DA:12,1
DA:13,1
DA:15,2
DA:17,1
DA:19,4
DA:21,1
DA:23,3
LF:10
LH:10
BRF:0
BRH:0
end_of_record
TN:
SF:C:\repositories\book-a-meal\server\src\routes\menu.js
FN:14,(anonymous_0)
FN:17,(anonymous_1)
FN:21,(anonymous_2)
FNF:3
FNH:3
FNDA:8,(anonymous_0)
FNDA:3,(anonymous_1)
FNDA:5,(anonymous_2)
DA:8,1
DA:9,1
DA:10,1
DA:12,1
DA:14,8
DA:17,3
DA:19,1
DA:21,5
LF:8
LH:8
BRF:0
BRH:0
end_of_record
TN:
SF:C:\repositories\book-a-meal\server\src\routes\orders.js
FN:15,(anonymous_0)
FN:18,(anonymous_1)
FN:22,(anonymous_2)
FN:27,(anonymous_3)
FNF:4
FNH:4
FNDA:6,(anonymous_0)
FNDA:1,(anonymous_1)
FNDA:6,(anonymous_2)
FNDA:4,(anonymous_3)
DA:8,1
DA:9,1
DA:10,1
DA:11,1
DA:13,1
DA:15,6
DA:18,1
DA:20,1
DA:22,6
DA:25,1
DA:27,4
LF:11
LH:11
BRF:0
BRH:0
end_of_record
TN:
SF:C:\repositories\book-a-meal\server\src\validations\auth.js
FN:10,(anonymous_0)
FN:18,(anonymous_1)
FN:28,(anonymous_2)
FN:31,(anonymous_3)
FN:32,(anonymous_4)
FN:41,(anonymous_5)
FN:46,(anonymous_6)
FN:47,(anonymous_7)
FN:55,(anonymous_8)
FN:60,(anonymous_9)
FNF:10
FNH:10
FNDA:4,(anonymous_0)
FNDA:4,(anonymous_1)
FNDA:4,(anonymous_2)
FNDA:4,(anonymous_3)
FNDA:12,(anonymous_4)
FNDA:4,(anonymous_5)
FNDA:4,(anonymous_6)
FNDA:4,(anonymous_7)
FNDA:3,(anonymous_8)
FNDA:3,(anonymous_9)
DA:10,4
DA:18,4
DA:28,4
DA:32,12
DA:33,4
DA:34,1
DA:37,3
DA:41,4
DA:46,4
DA:47,4
DA:55,3
DA:60,3
LF:12
LH:12
BRDA:33,0,0,1
BRDA:33,0,1,3
BRF:2
BRH:2
end_of_record
TN:
SF:C:\repositories\book-a-meal\server\src\validations\meals.js
FN:10,(anonymous_0)
FN:15,(anonymous_1)
FN:16,(anonymous_2)
FN:33,(anonymous_3)
FN:54,(anonymous_4)
FN:69,(anonymous_5)
FNF:6
FNH:6
FNDA:2,(anonymous_0)
FNDA:2,(anonymous_1)
FNDA:20,(anonymous_2)
FNDA:2,(anonymous_3)
FNDA:4,(anonymous_4)
FNDA:4,(anonymous_5)
DA:10,2
DA:16,20
DA:17,2
DA:18,1
DA:21,1
DA:33,2
DA:54,4
DA:69,4
LF:8
LH:8
BRDA:17,0,0,1
BRDA:17,0,1,1
BRF:2
BRH:2
end_of_record
TN:
SF:C:\repositories\book-a-meal\server\src\validations\menu.js
FN:14,(anonymous_0)
FN:22,(anonymous_1)
FN:23,(anonymous_2)
FN:32,(anonymous_3)
FN:33,(anonymous_4)
FNF:5
FNH:5
FNDA:8,(anonymous_0)
FNDA:8,(anonymous_1)
FNDA:8,(anonymous_2)
FNDA:5,(anonymous_3)
FNDA:5,(anonymous_4)
DA:7,1
DA:14,8
DA:22,8
DA:23,8
DA:32,5
DA:33,5
LF:6
LH:6
BRF:0
BRH:0
end_of_record
TN:
SF:C:\repositories\book-a-meal\server\src\validations\orders.js
FN:12,(anonymous_0)
FN:20,(anonymous_1)
FN:41,(anonymous_2)
FN:49,(anonymous_3)
FNF:4
FNH:4
FNDA:6,(anonymous_0)
FNDA:6,(anonymous_1)
FNDA:6,(anonymous_2)
FNDA:6,(anonymous_3)
DA:12,6
DA:20,6
DA:41,6
DA:49,6
LF:4
LH:4
BRF:0
BRH:0
end_of_record
